{"$message_type":"diagnostic","message":"failed to resolve: use of undeclared crate or module `std`","code":{"code":"E0433","explanation":"An undeclared crate, module, or type was used.\n\nErroneous code example:\n\n```compile_fail,E0433\nlet map = HashMap::new();\n// error: failed to resolve: use of undeclared type `HashMap`\n```\n\nPlease verify you didn't misspell the type/module's name or that you didn't\nforget to import it:\n\n```\nuse std::collections::HashMap; // HashMap has been imported.\nlet map: HashMap<u32, u32> = HashMap::new(); // So it can be used!\n```\n\nIf you've expected to use a crate name:\n\n```compile_fail\nuse ferris_wheel::BigO;\n// error: failed to resolve: use of undeclared crate or module `ferris_wheel`\n```\n\nMake sure the crate has been added as a dependency in `Cargo.toml`.\n\nTo use a module from your current crate, add the `crate::` prefix to the path.\n"},"level":"error","spans":[{"file_name":"/Users/jeonghyeongseob/.cargo/git/checkouts/rust-contracts-stylus-7b6f4dfe793ef8eb/20ffabe/contracts/src/access/control.rs","byte_start":8666,"byte_end":8675,"line_start":254,"line_end":254,"column_start":1,"column_end":10,"is_primary":true,"text":[{"text":"#[public]","highlight_start":1,"highlight_end":10}],"label":"use of undeclared crate or module `std`","suggested_replacement":null,"suggestion_applicability":null,"expansion":{"span":{"file_name":"/Users/jeonghyeongseob/.cargo/git/checkouts/rust-contracts-stylus-7b6f4dfe793ef8eb/20ffabe/contracts/src/access/control.rs","byte_start":8666,"byte_end":8675,"line_start":254,"line_end":254,"column_start":1,"column_end":10,"is_primary":false,"text":[{"text":"#[public]","highlight_start":1,"highlight_end":10}],"label":null,"suggested_replacement":null,"suggestion_applicability":null,"expansion":null},"macro_decl_name":"#[public]","def_site_span":{"file_name":"/Users/jeonghyeongseob/.cargo/registry/src/index.crates.io-6f17d22bba15001f/stylus-proc-0.8.4/src/lib.rs","byte_start":27051,"byte_end":27070,"line_start":662,"line_end":662,"column_start":1,"column_end":20,"is_primary":false,"text":[{"text":"#[proc_macro_error]","highlight_start":1,"highlight_end":20}],"label":null,"suggested_replacement":null,"suggestion_applicability":null,"expansion":null}}}],"children":[],"rendered":"\u001b[0m\u001b[1m\u001b[38;5;9merror[E0433]\u001b[0m\u001b[0m\u001b[1m: failed to resolve: use of undeclared crate or module `std`\u001b[0m\n\u001b[0m   \u001b[0m\u001b[0m\u001b[1m\u001b[38;5;12m--> \u001b[0m\u001b[0m/Users/jeonghyeongseob/.cargo/git/checkouts/rust-contracts-stylus-7b6f4dfe793ef8eb/20ffabe/contracts/src/access/control.rs:254:1\u001b[0m\n\u001b[0m    \u001b[0m\u001b[0m\u001b[1m\u001b[38;5;12m|\u001b[0m\n\u001b[0m\u001b[1m\u001b[38;5;12m254\u001b[0m\u001b[0m \u001b[0m\u001b[0m\u001b[1m\u001b[38;5;12m|\u001b[0m\u001b[0m \u001b[0m\u001b[0m#[public]\u001b[0m\n\u001b[0m    \u001b[0m\u001b[0m\u001b[1m\u001b[38;5;12m|\u001b[0m\u001b[0m \u001b[0m\u001b[0m\u001b[1m\u001b[38;5;9m^^^^^^^^^\u001b[0m\u001b[0m \u001b[0m\u001b[0m\u001b[1m\u001b[38;5;9muse of undeclared crate or module `std`\u001b[0m\n\u001b[0m    \u001b[0m\u001b[0m\u001b[1m\u001b[38;5;12m|\u001b[0m\n\u001b[0m    \u001b[0m\u001b[0m\u001b[1m\u001b[38;5;12m= \u001b[0m\u001b[0m\u001b[1mnote\u001b[0m\u001b[0m: this error originates in the attribute macro `public` (in Nightly builds, run with -Z macro-backtrace for more info)\u001b[0m\n\n"}
{"$message_type":"diagnostic","message":"failed to resolve: use of undeclared crate or module `std`","code":{"code":"E0433","explanation":"An undeclared crate, module, or type was used.\n\nErroneous code example:\n\n```compile_fail,E0433\nlet map = HashMap::new();\n// error: failed to resolve: use of undeclared type `HashMap`\n```\n\nPlease verify you didn't misspell the type/module's name or that you didn't\nforget to import it:\n\n```\nuse std::collections::HashMap; // HashMap has been imported.\nlet map: HashMap<u32, u32> = HashMap::new(); // So it can be used!\n```\n\nIf you've expected to use a crate name:\n\n```compile_fail\nuse ferris_wheel::BigO;\n// error: failed to resolve: use of undeclared crate or module `ferris_wheel`\n```\n\nMake sure the crate has been added as a dependency in `Cargo.toml`.\n\nTo use a module from your current crate, add the `crate::` prefix to the path.\n"},"level":"error","spans":[{"file_name":"/Users/jeonghyeongseob/.cargo/git/checkouts/rust-contracts-stylus-7b6f4dfe793ef8eb/20ffabe/contracts/src/access/ownable.rs","byte_start":4011,"byte_end":4020,"line_start":128,"line_end":128,"column_start":1,"column_end":10,"is_primary":true,"text":[{"text":"#[public]","highlight_start":1,"highlight_end":10}],"label":"use of undeclared crate or module `std`","suggested_replacement":null,"suggestion_applicability":null,"expansion":{"span":{"file_name":"/Users/jeonghyeongseob/.cargo/git/checkouts/rust-contracts-stylus-7b6f4dfe793ef8eb/20ffabe/contracts/src/access/ownable.rs","byte_start":4011,"byte_end":4020,"line_start":128,"line_end":128,"column_start":1,"column_end":10,"is_primary":false,"text":[{"text":"#[public]","highlight_start":1,"highlight_end":10}],"label":null,"suggested_replacement":null,"suggestion_applicability":null,"expansion":null},"macro_decl_name":"#[public]","def_site_span":{"file_name":"/Users/jeonghyeongseob/.cargo/registry/src/index.crates.io-6f17d22bba15001f/stylus-proc-0.8.4/src/lib.rs","byte_start":27051,"byte_end":27070,"line_start":662,"line_end":662,"column_start":1,"column_end":20,"is_primary":false,"text":[{"text":"#[proc_macro_error]","highlight_start":1,"highlight_end":20}],"label":null,"suggested_replacement":null,"suggestion_applicability":null,"expansion":null}}}],"children":[],"rendered":"\u001b[0m\u001b[1m\u001b[38;5;9merror[E0433]\u001b[0m\u001b[0m\u001b[1m: failed to resolve: use of undeclared crate or module `std`\u001b[0m\n\u001b[0m   \u001b[0m\u001b[0m\u001b[1m\u001b[38;5;12m--> \u001b[0m\u001b[0m/Users/jeonghyeongseob/.cargo/git/checkouts/rust-contracts-stylus-7b6f4dfe793ef8eb/20ffabe/contracts/src/access/ownable.rs:128:1\u001b[0m\n\u001b[0m    \u001b[0m\u001b[0m\u001b[1m\u001b[38;5;12m|\u001b[0m\n\u001b[0m\u001b[1m\u001b[38;5;12m128\u001b[0m\u001b[0m \u001b[0m\u001b[0m\u001b[1m\u001b[38;5;12m|\u001b[0m\u001b[0m \u001b[0m\u001b[0m#[public]\u001b[0m\n\u001b[0m    \u001b[0m\u001b[0m\u001b[1m\u001b[38;5;12m|\u001b[0m\u001b[0m \u001b[0m\u001b[0m\u001b[1m\u001b[38;5;9m^^^^^^^^^\u001b[0m\u001b[0m \u001b[0m\u001b[0m\u001b[1m\u001b[38;5;9muse of undeclared crate or module `std`\u001b[0m\n\u001b[0m    \u001b[0m\u001b[0m\u001b[1m\u001b[38;5;12m|\u001b[0m\n\u001b[0m    \u001b[0m\u001b[0m\u001b[1m\u001b[38;5;12m= \u001b[0m\u001b[0m\u001b[1mnote\u001b[0m\u001b[0m: this error originates in the attribute macro `public` (in Nightly builds, run with -Z macro-backtrace for more info)\u001b[0m\n\n"}
{"$message_type":"diagnostic","message":"failed to resolve: use of undeclared crate or module `std`","code":{"code":"E0433","explanation":"An undeclared crate, module, or type was used.\n\nErroneous code example:\n\n```compile_fail,E0433\nlet map = HashMap::new();\n// error: failed to resolve: use of undeclared type `HashMap`\n```\n\nPlease verify you didn't misspell the type/module's name or that you didn't\nforget to import it:\n\n```\nuse std::collections::HashMap; // HashMap has been imported.\nlet map: HashMap<u32, u32> = HashMap::new(); // So it can be used!\n```\n\nIf you've expected to use a crate name:\n\n```compile_fail\nuse ferris_wheel::BigO;\n// error: failed to resolve: use of undeclared crate or module `ferris_wheel`\n```\n\nMake sure the crate has been added as a dependency in `Cargo.toml`.\n\nTo use a module from your current crate, add the `crate::` prefix to the path.\n"},"level":"error","spans":[{"file_name":"/Users/jeonghyeongseob/.cargo/git/checkouts/rust-contracts-stylus-7b6f4dfe793ef8eb/20ffabe/contracts/src/access/ownable_two_step.rs","byte_start":4918,"byte_end":4927,"line_start":160,"line_end":160,"column_start":1,"column_end":10,"is_primary":true,"text":[{"text":"#[public]","highlight_start":1,"highlight_end":10}],"label":"use of undeclared crate or module `std`","suggested_replacement":null,"suggestion_applicability":null,"expansion":{"span":{"file_name":"/Users/jeonghyeongseob/.cargo/git/checkouts/rust-contracts-stylus-7b6f4dfe793ef8eb/20ffabe/contracts/src/access/ownable_two_step.rs","byte_start":4918,"byte_end":4927,"line_start":160,"line_end":160,"column_start":1,"column_end":10,"is_primary":false,"text":[{"text":"#[public]","highlight_start":1,"highlight_end":10}],"label":null,"suggested_replacement":null,"suggestion_applicability":null,"expansion":null},"macro_decl_name":"#[public]","def_site_span":{"file_name":"/Users/jeonghyeongseob/.cargo/registry/src/index.crates.io-6f17d22bba15001f/stylus-proc-0.8.4/src/lib.rs","byte_start":27051,"byte_end":27070,"line_start":662,"line_end":662,"column_start":1,"column_end":20,"is_primary":false,"text":[{"text":"#[proc_macro_error]","highlight_start":1,"highlight_end":20}],"label":null,"suggested_replacement":null,"suggestion_applicability":null,"expansion":null}}}],"children":[],"rendered":"\u001b[0m\u001b[1m\u001b[38;5;9merror[E0433]\u001b[0m\u001b[0m\u001b[1m: failed to resolve: use of undeclared crate or module `std`\u001b[0m\n\u001b[0m   \u001b[0m\u001b[0m\u001b[1m\u001b[38;5;12m--> \u001b[0m\u001b[0m/Users/jeonghyeongseob/.cargo/git/checkouts/rust-contracts-stylus-7b6f4dfe793ef8eb/20ffabe/contracts/src/access/ownable_two_step.rs:160:1\u001b[0m\n\u001b[0m    \u001b[0m\u001b[0m\u001b[1m\u001b[38;5;12m|\u001b[0m\n\u001b[0m\u001b[1m\u001b[38;5;12m160\u001b[0m\u001b[0m \u001b[0m\u001b[0m\u001b[1m\u001b[38;5;12m|\u001b[0m\u001b[0m \u001b[0m\u001b[0m#[public]\u001b[0m\n\u001b[0m    \u001b[0m\u001b[0m\u001b[1m\u001b[38;5;12m|\u001b[0m\u001b[0m \u001b[0m\u001b[0m\u001b[1m\u001b[38;5;9m^^^^^^^^^\u001b[0m\u001b[0m \u001b[0m\u001b[0m\u001b[1m\u001b[38;5;9muse of undeclared crate or module `std`\u001b[0m\n\u001b[0m    \u001b[0m\u001b[0m\u001b[1m\u001b[38;5;12m|\u001b[0m\n\u001b[0m    \u001b[0m\u001b[0m\u001b[1m\u001b[38;5;12m= \u001b[0m\u001b[0m\u001b[1mnote\u001b[0m\u001b[0m: this error originates in the attribute macro `public` (in Nightly builds, run with -Z macro-backtrace for more info)\u001b[0m\n\n"}
{"$message_type":"diagnostic","message":"failed to resolve: use of undeclared crate or module `std`","code":{"code":"E0433","explanation":"An undeclared crate, module, or type was used.\n\nErroneous code example:\n\n```compile_fail,E0433\nlet map = HashMap::new();\n// error: failed to resolve: use of undeclared type `HashMap`\n```\n\nPlease verify you didn't misspell the type/module's name or that you didn't\nforget to import it:\n\n```\nuse std::collections::HashMap; // HashMap has been imported.\nlet map: HashMap<u32, u32> = HashMap::new(); // So it can be used!\n```\n\nIf you've expected to use a crate name:\n\n```compile_fail\nuse ferris_wheel::BigO;\n// error: failed to resolve: use of undeclared crate or module `ferris_wheel`\n```\n\nMake sure the crate has been added as a dependency in `Cargo.toml`.\n\nTo use a module from your current crate, add the `crate::` prefix to the path.\n"},"level":"error","spans":[{"file_name":"/Users/jeonghyeongseob/.cargo/git/checkouts/rust-contracts-stylus-7b6f4dfe793ef8eb/20ffabe/contracts/src/finance/vesting_wallet.rs","byte_start":11335,"byte_end":11344,"line_start":350,"line_end":350,"column_start":1,"column_end":10,"is_primary":true,"text":[{"text":"#[public]","highlight_start":1,"highlight_end":10}],"label":"use of undeclared crate or module `std`","suggested_replacement":null,"suggestion_applicability":null,"expansion":{"span":{"file_name":"/Users/jeonghyeongseob/.cargo/git/checkouts/rust-contracts-stylus-7b6f4dfe793ef8eb/20ffabe/contracts/src/finance/vesting_wallet.rs","byte_start":11335,"byte_end":11344,"line_start":350,"line_end":350,"column_start":1,"column_end":10,"is_primary":false,"text":[{"text":"#[public]","highlight_start":1,"highlight_end":10}],"label":null,"suggested_replacement":null,"suggestion_applicability":null,"expansion":null},"macro_decl_name":"#[public]","def_site_span":{"file_name":"/Users/jeonghyeongseob/.cargo/registry/src/index.crates.io-6f17d22bba15001f/stylus-proc-0.8.4/src/lib.rs","byte_start":27051,"byte_end":27070,"line_start":662,"line_end":662,"column_start":1,"column_end":20,"is_primary":false,"text":[{"text":"#[proc_macro_error]","highlight_start":1,"highlight_end":20}],"label":null,"suggested_replacement":null,"suggestion_applicability":null,"expansion":null}}}],"children":[],"rendered":"\u001b[0m\u001b[1m\u001b[38;5;9merror[E0433]\u001b[0m\u001b[0m\u001b[1m: failed to resolve: use of undeclared crate or module `std`\u001b[0m\n\u001b[0m   \u001b[0m\u001b[0m\u001b[1m\u001b[38;5;12m--> \u001b[0m\u001b[0m/Users/jeonghyeongseob/.cargo/git/checkouts/rust-contracts-stylus-7b6f4dfe793ef8eb/20ffabe/contracts/src/finance/vesting_wallet.rs:350:1\u001b[0m\n\u001b[0m    \u001b[0m\u001b[0m\u001b[1m\u001b[38;5;12m|\u001b[0m\n\u001b[0m\u001b[1m\u001b[38;5;12m350\u001b[0m\u001b[0m \u001b[0m\u001b[0m\u001b[1m\u001b[38;5;12m|\u001b[0m\u001b[0m \u001b[0m\u001b[0m#[public]\u001b[0m\n\u001b[0m    \u001b[0m\u001b[0m\u001b[1m\u001b[38;5;12m|\u001b[0m\u001b[0m \u001b[0m\u001b[0m\u001b[1m\u001b[38;5;9m^^^^^^^^^\u001b[0m\u001b[0m \u001b[0m\u001b[0m\u001b[1m\u001b[38;5;9muse of undeclared crate or module `std`\u001b[0m\n\u001b[0m    \u001b[0m\u001b[0m\u001b[1m\u001b[38;5;12m|\u001b[0m\n\u001b[0m    \u001b[0m\u001b[0m\u001b[1m\u001b[38;5;12m= \u001b[0m\u001b[0m\u001b[1mnote\u001b[0m\u001b[0m: this error originates in the attribute macro `public` (in Nightly builds, run with -Z macro-backtrace for more info)\u001b[0m\n\n"}
{"$message_type":"diagnostic","message":"failed to resolve: use of undeclared crate or module `std`","code":{"code":"E0433","explanation":"An undeclared crate, module, or type was used.\n\nErroneous code example:\n\n```compile_fail,E0433\nlet map = HashMap::new();\n// error: failed to resolve: use of undeclared type `HashMap`\n```\n\nPlease verify you didn't misspell the type/module's name or that you didn't\nforget to import it:\n\n```\nuse std::collections::HashMap; // HashMap has been imported.\nlet map: HashMap<u32, u32> = HashMap::new(); // So it can be used!\n```\n\nIf you've expected to use a crate name:\n\n```compile_fail\nuse ferris_wheel::BigO;\n// error: failed to resolve: use of undeclared crate or module `ferris_wheel`\n```\n\nMake sure the crate has been added as a dependency in `Cargo.toml`.\n\nTo use a module from your current crate, add the `crate::` prefix to the path.\n"},"level":"error","spans":[{"file_name":"/Users/jeonghyeongseob/.cargo/git/checkouts/rust-contracts-stylus-7b6f4dfe793ef8eb/20ffabe/contracts/src/token/common/erc2981.rs","byte_start":5887,"byte_end":5896,"line_start":164,"line_end":164,"column_start":1,"column_end":10,"is_primary":true,"text":[{"text":"#[public]","highlight_start":1,"highlight_end":10}],"label":"use of undeclared crate or module `std`","suggested_replacement":null,"suggestion_applicability":null,"expansion":{"span":{"file_name":"/Users/jeonghyeongseob/.cargo/git/checkouts/rust-contracts-stylus-7b6f4dfe793ef8eb/20ffabe/contracts/src/token/common/erc2981.rs","byte_start":5887,"byte_end":5896,"line_start":164,"line_end":164,"column_start":1,"column_end":10,"is_primary":false,"text":[{"text":"#[public]","highlight_start":1,"highlight_end":10}],"label":null,"suggested_replacement":null,"suggestion_applicability":null,"expansion":null},"macro_decl_name":"#[public]","def_site_span":{"file_name":"/Users/jeonghyeongseob/.cargo/registry/src/index.crates.io-6f17d22bba15001f/stylus-proc-0.8.4/src/lib.rs","byte_start":27051,"byte_end":27070,"line_start":662,"line_end":662,"column_start":1,"column_end":20,"is_primary":false,"text":[{"text":"#[proc_macro_error]","highlight_start":1,"highlight_end":20}],"label":null,"suggested_replacement":null,"suggestion_applicability":null,"expansion":null}}}],"children":[],"rendered":"\u001b[0m\u001b[1m\u001b[38;5;9merror[E0433]\u001b[0m\u001b[0m\u001b[1m: failed to resolve: use of undeclared crate or module `std`\u001b[0m\n\u001b[0m   \u001b[0m\u001b[0m\u001b[1m\u001b[38;5;12m--> \u001b[0m\u001b[0m/Users/jeonghyeongseob/.cargo/git/checkouts/rust-contracts-stylus-7b6f4dfe793ef8eb/20ffabe/contracts/src/token/common/erc2981.rs:164:1\u001b[0m\n\u001b[0m    \u001b[0m\u001b[0m\u001b[1m\u001b[38;5;12m|\u001b[0m\n\u001b[0m\u001b[1m\u001b[38;5;12m164\u001b[0m\u001b[0m \u001b[0m\u001b[0m\u001b[1m\u001b[38;5;12m|\u001b[0m\u001b[0m \u001b[0m\u001b[0m#[public]\u001b[0m\n\u001b[0m    \u001b[0m\u001b[0m\u001b[1m\u001b[38;5;12m|\u001b[0m\u001b[0m \u001b[0m\u001b[0m\u001b[1m\u001b[38;5;9m^^^^^^^^^\u001b[0m\u001b[0m \u001b[0m\u001b[0m\u001b[1m\u001b[38;5;9muse of undeclared crate or module `std`\u001b[0m\n\u001b[0m    \u001b[0m\u001b[0m\u001b[1m\u001b[38;5;12m|\u001b[0m\n\u001b[0m    \u001b[0m\u001b[0m\u001b[1m\u001b[38;5;12m= \u001b[0m\u001b[0m\u001b[1mnote\u001b[0m\u001b[0m: this error originates in the attribute macro `public` (in Nightly builds, run with -Z macro-backtrace for more info)\u001b[0m\n\n"}
{"$message_type":"diagnostic","message":"failed to resolve: use of undeclared crate or module `std`","code":{"code":"E0433","explanation":"An undeclared crate, module, or type was used.\n\nErroneous code example:\n\n```compile_fail,E0433\nlet map = HashMap::new();\n// error: failed to resolve: use of undeclared type `HashMap`\n```\n\nPlease verify you didn't misspell the type/module's name or that you didn't\nforget to import it:\n\n```\nuse std::collections::HashMap; // HashMap has been imported.\nlet map: HashMap<u32, u32> = HashMap::new(); // So it can be used!\n```\n\nIf you've expected to use a crate name:\n\n```compile_fail\nuse ferris_wheel::BigO;\n// error: failed to resolve: use of undeclared crate or module `ferris_wheel`\n```\n\nMake sure the crate has been added as a dependency in `Cargo.toml`.\n\nTo use a module from your current crate, add the `crate::` prefix to the path.\n"},"level":"error","spans":[{"file_name":"/Users/jeonghyeongseob/.cargo/git/checkouts/rust-contracts-stylus-7b6f4dfe793ef8eb/20ffabe/contracts/src/token/erc1155/extensions/metadata_uri.rs","byte_start":1748,"byte_end":1757,"line_start":56,"line_end":56,"column_start":1,"column_end":10,"is_primary":true,"text":[{"text":"#[public]","highlight_start":1,"highlight_end":10}],"label":"use of undeclared crate or module `std`","suggested_replacement":null,"suggestion_applicability":null,"expansion":{"span":{"file_name":"/Users/jeonghyeongseob/.cargo/git/checkouts/rust-contracts-stylus-7b6f4dfe793ef8eb/20ffabe/contracts/src/token/erc1155/extensions/metadata_uri.rs","byte_start":1748,"byte_end":1757,"line_start":56,"line_end":56,"column_start":1,"column_end":10,"is_primary":false,"text":[{"text":"#[public]","highlight_start":1,"highlight_end":10}],"label":null,"suggested_replacement":null,"suggestion_applicability":null,"expansion":null},"macro_decl_name":"#[public]","def_site_span":{"file_name":"/Users/jeonghyeongseob/.cargo/registry/src/index.crates.io-6f17d22bba15001f/stylus-proc-0.8.4/src/lib.rs","byte_start":27051,"byte_end":27070,"line_start":662,"line_end":662,"column_start":1,"column_end":20,"is_primary":false,"text":[{"text":"#[proc_macro_error]","highlight_start":1,"highlight_end":20}],"label":null,"suggested_replacement":null,"suggestion_applicability":null,"expansion":null}}}],"children":[],"rendered":"\u001b[0m\u001b[1m\u001b[38;5;9merror[E0433]\u001b[0m\u001b[0m\u001b[1m: failed to resolve: use of undeclared crate or module `std`\u001b[0m\n\u001b[0m  \u001b[0m\u001b[0m\u001b[1m\u001b[38;5;12m--> \u001b[0m\u001b[0m/Users/jeonghyeongseob/.cargo/git/checkouts/rust-contracts-stylus-7b6f4dfe793ef8eb/20ffabe/contracts/src/token/erc1155/extensions/metadata_uri.rs:56:1\u001b[0m\n\u001b[0m   \u001b[0m\u001b[0m\u001b[1m\u001b[38;5;12m|\u001b[0m\n\u001b[0m\u001b[1m\u001b[38;5;12m56\u001b[0m\u001b[0m \u001b[0m\u001b[0m\u001b[1m\u001b[38;5;12m|\u001b[0m\u001b[0m \u001b[0m\u001b[0m#[public]\u001b[0m\n\u001b[0m   \u001b[0m\u001b[0m\u001b[1m\u001b[38;5;12m|\u001b[0m\u001b[0m \u001b[0m\u001b[0m\u001b[1m\u001b[38;5;9m^^^^^^^^^\u001b[0m\u001b[0m \u001b[0m\u001b[0m\u001b[1m\u001b[38;5;9muse of undeclared crate or module `std`\u001b[0m\n\u001b[0m   \u001b[0m\u001b[0m\u001b[1m\u001b[38;5;12m|\u001b[0m\n\u001b[0m   \u001b[0m\u001b[0m\u001b[1m\u001b[38;5;12m= \u001b[0m\u001b[0m\u001b[1mnote\u001b[0m\u001b[0m: this error originates in the attribute macro `public` (in Nightly builds, run with -Z macro-backtrace for more info)\u001b[0m\n\n"}
{"$message_type":"diagnostic","message":"failed to resolve: use of undeclared crate or module `std`","code":{"code":"E0433","explanation":"An undeclared crate, module, or type was used.\n\nErroneous code example:\n\n```compile_fail,E0433\nlet map = HashMap::new();\n// error: failed to resolve: use of undeclared type `HashMap`\n```\n\nPlease verify you didn't misspell the type/module's name or that you didn't\nforget to import it:\n\n```\nuse std::collections::HashMap; // HashMap has been imported.\nlet map: HashMap<u32, u32> = HashMap::new(); // So it can be used!\n```\n\nIf you've expected to use a crate name:\n\n```compile_fail\nuse ferris_wheel::BigO;\n// error: failed to resolve: use of undeclared crate or module `ferris_wheel`\n```\n\nMake sure the crate has been added as a dependency in `Cargo.toml`.\n\nTo use a module from your current crate, add the `crate::` prefix to the path.\n"},"level":"error","spans":[{"file_name":"/Users/jeonghyeongseob/.cargo/git/checkouts/rust-contracts-stylus-7b6f4dfe793ef8eb/20ffabe/contracts/src/token/erc1155/extensions/supply.rs","byte_start":2685,"byte_end":2694,"line_start":101,"line_end":101,"column_start":1,"column_end":10,"is_primary":true,"text":[{"text":"#[public]","highlight_start":1,"highlight_end":10}],"label":"use of undeclared crate or module `std`","suggested_replacement":null,"suggestion_applicability":null,"expansion":{"span":{"file_name":"/Users/jeonghyeongseob/.cargo/git/checkouts/rust-contracts-stylus-7b6f4dfe793ef8eb/20ffabe/contracts/src/token/erc1155/extensions/supply.rs","byte_start":2685,"byte_end":2694,"line_start":101,"line_end":101,"column_start":1,"column_end":10,"is_primary":false,"text":[{"text":"#[public]","highlight_start":1,"highlight_end":10}],"label":null,"suggested_replacement":null,"suggestion_applicability":null,"expansion":null},"macro_decl_name":"#[public]","def_site_span":{"file_name":"/Users/jeonghyeongseob/.cargo/registry/src/index.crates.io-6f17d22bba15001f/stylus-proc-0.8.4/src/lib.rs","byte_start":27051,"byte_end":27070,"line_start":662,"line_end":662,"column_start":1,"column_end":20,"is_primary":false,"text":[{"text":"#[proc_macro_error]","highlight_start":1,"highlight_end":20}],"label":null,"suggested_replacement":null,"suggestion_applicability":null,"expansion":null}}}],"children":[],"rendered":"\u001b[0m\u001b[1m\u001b[38;5;9merror[E0433]\u001b[0m\u001b[0m\u001b[1m: failed to resolve: use of undeclared crate or module `std`\u001b[0m\n\u001b[0m   \u001b[0m\u001b[0m\u001b[1m\u001b[38;5;12m--> \u001b[0m\u001b[0m/Users/jeonghyeongseob/.cargo/git/checkouts/rust-contracts-stylus-7b6f4dfe793ef8eb/20ffabe/contracts/src/token/erc1155/extensions/supply.rs:101:1\u001b[0m\n\u001b[0m    \u001b[0m\u001b[0m\u001b[1m\u001b[38;5;12m|\u001b[0m\n\u001b[0m\u001b[1m\u001b[38;5;12m101\u001b[0m\u001b[0m \u001b[0m\u001b[0m\u001b[1m\u001b[38;5;12m|\u001b[0m\u001b[0m \u001b[0m\u001b[0m#[public]\u001b[0m\n\u001b[0m    \u001b[0m\u001b[0m\u001b[1m\u001b[38;5;12m|\u001b[0m\u001b[0m \u001b[0m\u001b[0m\u001b[1m\u001b[38;5;9m^^^^^^^^^\u001b[0m\u001b[0m \u001b[0m\u001b[0m\u001b[1m\u001b[38;5;9muse of undeclared crate or module `std`\u001b[0m\n\u001b[0m    \u001b[0m\u001b[0m\u001b[1m\u001b[38;5;12m|\u001b[0m\n\u001b[0m    \u001b[0m\u001b[0m\u001b[1m\u001b[38;5;12m= \u001b[0m\u001b[0m\u001b[1mnote\u001b[0m\u001b[0m: this error originates in the attribute macro `public` (in Nightly builds, run with -Z macro-backtrace for more info)\u001b[0m\n\n"}
{"$message_type":"diagnostic","message":"failed to resolve: use of undeclared crate or module `std`","code":{"code":"E0433","explanation":"An undeclared crate, module, or type was used.\n\nErroneous code example:\n\n```compile_fail,E0433\nlet map = HashMap::new();\n// error: failed to resolve: use of undeclared type `HashMap`\n```\n\nPlease verify you didn't misspell the type/module's name or that you didn't\nforget to import it:\n\n```\nuse std::collections::HashMap; // HashMap has been imported.\nlet map: HashMap<u32, u32> = HashMap::new(); // So it can be used!\n```\n\nIf you've expected to use a crate name:\n\n```compile_fail\nuse ferris_wheel::BigO;\n// error: failed to resolve: use of undeclared crate or module `ferris_wheel`\n```\n\nMake sure the crate has been added as a dependency in `Cargo.toml`.\n\nTo use a module from your current crate, add the `crate::` prefix to the path.\n"},"level":"error","spans":[{"file_name":"/Users/jeonghyeongseob/.cargo/git/checkouts/rust-contracts-stylus-7b6f4dfe793ef8eb/20ffabe/contracts/src/token/erc1155/mod.rs","byte_start":12667,"byte_end":12676,"line_start":360,"line_end":360,"column_start":1,"column_end":10,"is_primary":true,"text":[{"text":"#[public]","highlight_start":1,"highlight_end":10}],"label":"use of undeclared crate or module `std`","suggested_replacement":null,"suggestion_applicability":null,"expansion":{"span":{"file_name":"/Users/jeonghyeongseob/.cargo/git/checkouts/rust-contracts-stylus-7b6f4dfe793ef8eb/20ffabe/contracts/src/token/erc1155/mod.rs","byte_start":12667,"byte_end":12676,"line_start":360,"line_end":360,"column_start":1,"column_end":10,"is_primary":false,"text":[{"text":"#[public]","highlight_start":1,"highlight_end":10}],"label":null,"suggested_replacement":null,"suggestion_applicability":null,"expansion":null},"macro_decl_name":"#[public]","def_site_span":{"file_name":"/Users/jeonghyeongseob/.cargo/registry/src/index.crates.io-6f17d22bba15001f/stylus-proc-0.8.4/src/lib.rs","byte_start":27051,"byte_end":27070,"line_start":662,"line_end":662,"column_start":1,"column_end":20,"is_primary":false,"text":[{"text":"#[proc_macro_error]","highlight_start":1,"highlight_end":20}],"label":null,"suggested_replacement":null,"suggestion_applicability":null,"expansion":null}}}],"children":[],"rendered":"\u001b[0m\u001b[1m\u001b[38;5;9merror[E0433]\u001b[0m\u001b[0m\u001b[1m: failed to resolve: use of undeclared crate or module `std`\u001b[0m\n\u001b[0m   \u001b[0m\u001b[0m\u001b[1m\u001b[38;5;12m--> \u001b[0m\u001b[0m/Users/jeonghyeongseob/.cargo/git/checkouts/rust-contracts-stylus-7b6f4dfe793ef8eb/20ffabe/contracts/src/token/erc1155/mod.rs:360:1\u001b[0m\n\u001b[0m    \u001b[0m\u001b[0m\u001b[1m\u001b[38;5;12m|\u001b[0m\n\u001b[0m\u001b[1m\u001b[38;5;12m360\u001b[0m\u001b[0m \u001b[0m\u001b[0m\u001b[1m\u001b[38;5;12m|\u001b[0m\u001b[0m \u001b[0m\u001b[0m#[public]\u001b[0m\n\u001b[0m    \u001b[0m\u001b[0m\u001b[1m\u001b[38;5;12m|\u001b[0m\u001b[0m \u001b[0m\u001b[0m\u001b[1m\u001b[38;5;9m^^^^^^^^^\u001b[0m\u001b[0m \u001b[0m\u001b[0m\u001b[1m\u001b[38;5;9muse of undeclared crate or module `std`\u001b[0m\n\u001b[0m    \u001b[0m\u001b[0m\u001b[1m\u001b[38;5;12m|\u001b[0m\n\u001b[0m    \u001b[0m\u001b[0m\u001b[1m\u001b[38;5;12m= \u001b[0m\u001b[0m\u001b[1mnote\u001b[0m\u001b[0m: this error originates in the attribute macro `public` (in Nightly builds, run with -Z macro-backtrace for more info)\u001b[0m\n\n"}
{"$message_type":"diagnostic","message":"failed to resolve: use of undeclared crate or module `std`","code":{"code":"E0433","explanation":"An undeclared crate, module, or type was used.\n\nErroneous code example:\n\n```compile_fail,E0433\nlet map = HashMap::new();\n// error: failed to resolve: use of undeclared type `HashMap`\n```\n\nPlease verify you didn't misspell the type/module's name or that you didn't\nforget to import it:\n\n```\nuse std::collections::HashMap; // HashMap has been imported.\nlet map: HashMap<u32, u32> = HashMap::new(); // So it can be used!\n```\n\nIf you've expected to use a crate name:\n\n```compile_fail\nuse ferris_wheel::BigO;\n// error: failed to resolve: use of undeclared crate or module `ferris_wheel`\n```\n\nMake sure the crate has been added as a dependency in `Cargo.toml`.\n\nTo use a module from your current crate, add the `crate::` prefix to the path.\n"},"level":"error","spans":[{"file_name":"/Users/jeonghyeongseob/.cargo/git/checkouts/rust-contracts-stylus-7b6f4dfe793ef8eb/20ffabe/contracts/src/token/erc20/extensions/capped.rs","byte_start":1582,"byte_end":1591,"line_start":57,"line_end":57,"column_start":1,"column_end":10,"is_primary":true,"text":[{"text":"#[public]","highlight_start":1,"highlight_end":10}],"label":"use of undeclared crate or module `std`","suggested_replacement":null,"suggestion_applicability":null,"expansion":{"span":{"file_name":"/Users/jeonghyeongseob/.cargo/git/checkouts/rust-contracts-stylus-7b6f4dfe793ef8eb/20ffabe/contracts/src/token/erc20/extensions/capped.rs","byte_start":1582,"byte_end":1591,"line_start":57,"line_end":57,"column_start":1,"column_end":10,"is_primary":false,"text":[{"text":"#[public]","highlight_start":1,"highlight_end":10}],"label":null,"suggested_replacement":null,"suggestion_applicability":null,"expansion":null},"macro_decl_name":"#[public]","def_site_span":{"file_name":"/Users/jeonghyeongseob/.cargo/registry/src/index.crates.io-6f17d22bba15001f/stylus-proc-0.8.4/src/lib.rs","byte_start":27051,"byte_end":27070,"line_start":662,"line_end":662,"column_start":1,"column_end":20,"is_primary":false,"text":[{"text":"#[proc_macro_error]","highlight_start":1,"highlight_end":20}],"label":null,"suggested_replacement":null,"suggestion_applicability":null,"expansion":null}}}],"children":[],"rendered":"\u001b[0m\u001b[1m\u001b[38;5;9merror[E0433]\u001b[0m\u001b[0m\u001b[1m: failed to resolve: use of undeclared crate or module `std`\u001b[0m\n\u001b[0m  \u001b[0m\u001b[0m\u001b[1m\u001b[38;5;12m--> \u001b[0m\u001b[0m/Users/jeonghyeongseob/.cargo/git/checkouts/rust-contracts-stylus-7b6f4dfe793ef8eb/20ffabe/contracts/src/token/erc20/extensions/capped.rs:57:1\u001b[0m\n\u001b[0m   \u001b[0m\u001b[0m\u001b[1m\u001b[38;5;12m|\u001b[0m\n\u001b[0m\u001b[1m\u001b[38;5;12m57\u001b[0m\u001b[0m \u001b[0m\u001b[0m\u001b[1m\u001b[38;5;12m|\u001b[0m\u001b[0m \u001b[0m\u001b[0m#[public]\u001b[0m\n\u001b[0m   \u001b[0m\u001b[0m\u001b[1m\u001b[38;5;12m|\u001b[0m\u001b[0m \u001b[0m\u001b[0m\u001b[1m\u001b[38;5;9m^^^^^^^^^\u001b[0m\u001b[0m \u001b[0m\u001b[0m\u001b[1m\u001b[38;5;9muse of undeclared crate or module `std`\u001b[0m\n\u001b[0m   \u001b[0m\u001b[0m\u001b[1m\u001b[38;5;12m|\u001b[0m\n\u001b[0m   \u001b[0m\u001b[0m\u001b[1m\u001b[38;5;12m= \u001b[0m\u001b[0m\u001b[1mnote\u001b[0m\u001b[0m: this error originates in the attribute macro `public` (in Nightly builds, run with -Z macro-backtrace for more info)\u001b[0m\n\n"}
{"$message_type":"diagnostic","message":"failed to resolve: use of undeclared crate or module `std`","code":{"code":"E0433","explanation":"An undeclared crate, module, or type was used.\n\nErroneous code example:\n\n```compile_fail,E0433\nlet map = HashMap::new();\n// error: failed to resolve: use of undeclared type `HashMap`\n```\n\nPlease verify you didn't misspell the type/module's name or that you didn't\nforget to import it:\n\n```\nuse std::collections::HashMap; // HashMap has been imported.\nlet map: HashMap<u32, u32> = HashMap::new(); // So it can be used!\n```\n\nIf you've expected to use a crate name:\n\n```compile_fail\nuse ferris_wheel::BigO;\n// error: failed to resolve: use of undeclared crate or module `ferris_wheel`\n```\n\nMake sure the crate has been added as a dependency in `Cargo.toml`.\n\nTo use a module from your current crate, add the `crate::` prefix to the path.\n"},"level":"error","spans":[{"file_name":"/Users/jeonghyeongseob/.cargo/git/checkouts/rust-contracts-stylus-7b6f4dfe793ef8eb/20ffabe/contracts/src/token/erc20/extensions/metadata.rs","byte_start":1888,"byte_end":1897,"line_start":61,"line_end":61,"column_start":1,"column_end":10,"is_primary":true,"text":[{"text":"#[public]","highlight_start":1,"highlight_end":10}],"label":"use of undeclared crate or module `std`","suggested_replacement":null,"suggestion_applicability":null,"expansion":{"span":{"file_name":"/Users/jeonghyeongseob/.cargo/git/checkouts/rust-contracts-stylus-7b6f4dfe793ef8eb/20ffabe/contracts/src/token/erc20/extensions/metadata.rs","byte_start":1888,"byte_end":1897,"line_start":61,"line_end":61,"column_start":1,"column_end":10,"is_primary":false,"text":[{"text":"#[public]","highlight_start":1,"highlight_end":10}],"label":null,"suggested_replacement":null,"suggestion_applicability":null,"expansion":null},"macro_decl_name":"#[public]","def_site_span":{"file_name":"/Users/jeonghyeongseob/.cargo/registry/src/index.crates.io-6f17d22bba15001f/stylus-proc-0.8.4/src/lib.rs","byte_start":27051,"byte_end":27070,"line_start":662,"line_end":662,"column_start":1,"column_end":20,"is_primary":false,"text":[{"text":"#[proc_macro_error]","highlight_start":1,"highlight_end":20}],"label":null,"suggested_replacement":null,"suggestion_applicability":null,"expansion":null}}}],"children":[],"rendered":"\u001b[0m\u001b[1m\u001b[38;5;9merror[E0433]\u001b[0m\u001b[0m\u001b[1m: failed to resolve: use of undeclared crate or module `std`\u001b[0m\n\u001b[0m  \u001b[0m\u001b[0m\u001b[1m\u001b[38;5;12m--> \u001b[0m\u001b[0m/Users/jeonghyeongseob/.cargo/git/checkouts/rust-contracts-stylus-7b6f4dfe793ef8eb/20ffabe/contracts/src/token/erc20/extensions/metadata.rs:61:1\u001b[0m\n\u001b[0m   \u001b[0m\u001b[0m\u001b[1m\u001b[38;5;12m|\u001b[0m\n\u001b[0m\u001b[1m\u001b[38;5;12m61\u001b[0m\u001b[0m \u001b[0m\u001b[0m\u001b[1m\u001b[38;5;12m|\u001b[0m\u001b[0m \u001b[0m\u001b[0m#[public]\u001b[0m\n\u001b[0m   \u001b[0m\u001b[0m\u001b[1m\u001b[38;5;12m|\u001b[0m\u001b[0m \u001b[0m\u001b[0m\u001b[1m\u001b[38;5;9m^^^^^^^^^\u001b[0m\u001b[0m \u001b[0m\u001b[0m\u001b[1m\u001b[38;5;9muse of undeclared crate or module `std`\u001b[0m\n\u001b[0m   \u001b[0m\u001b[0m\u001b[1m\u001b[38;5;12m|\u001b[0m\n\u001b[0m   \u001b[0m\u001b[0m\u001b[1m\u001b[38;5;12m= \u001b[0m\u001b[0m\u001b[1mnote\u001b[0m\u001b[0m: this error originates in the attribute macro `public` (in Nightly builds, run with -Z macro-backtrace for more info)\u001b[0m\n\n"}
{"$message_type":"diagnostic","message":"failed to resolve: use of undeclared crate or module `std`","code":{"code":"E0433","explanation":"An undeclared crate, module, or type was used.\n\nErroneous code example:\n\n```compile_fail,E0433\nlet map = HashMap::new();\n// error: failed to resolve: use of undeclared type `HashMap`\n```\n\nPlease verify you didn't misspell the type/module's name or that you didn't\nforget to import it:\n\n```\nuse std::collections::HashMap; // HashMap has been imported.\nlet map: HashMap<u32, u32> = HashMap::new(); // So it can be used!\n```\n\nIf you've expected to use a crate name:\n\n```compile_fail\nuse ferris_wheel::BigO;\n// error: failed to resolve: use of undeclared crate or module `ferris_wheel`\n```\n\nMake sure the crate has been added as a dependency in `Cargo.toml`.\n\nTo use a module from your current crate, add the `crate::` prefix to the path.\n"},"level":"error","spans":[{"file_name":"/Users/jeonghyeongseob/.cargo/git/checkouts/rust-contracts-stylus-7b6f4dfe793ef8eb/20ffabe/contracts/src/token/erc20/extensions/permit.rs","byte_start":2801,"byte_end":2810,"line_start":89,"line_end":89,"column_start":1,"column_end":10,"is_primary":true,"text":[{"text":"#[public]","highlight_start":1,"highlight_end":10}],"label":"use of undeclared crate or module `std`","suggested_replacement":null,"suggestion_applicability":null,"expansion":{"span":{"file_name":"/Users/jeonghyeongseob/.cargo/git/checkouts/rust-contracts-stylus-7b6f4dfe793ef8eb/20ffabe/contracts/src/token/erc20/extensions/permit.rs","byte_start":2801,"byte_end":2810,"line_start":89,"line_end":89,"column_start":1,"column_end":10,"is_primary":false,"text":[{"text":"#[public]","highlight_start":1,"highlight_end":10}],"label":null,"suggested_replacement":null,"suggestion_applicability":null,"expansion":null},"macro_decl_name":"#[public]","def_site_span":{"file_name":"/Users/jeonghyeongseob/.cargo/registry/src/index.crates.io-6f17d22bba15001f/stylus-proc-0.8.4/src/lib.rs","byte_start":27051,"byte_end":27070,"line_start":662,"line_end":662,"column_start":1,"column_end":20,"is_primary":false,"text":[{"text":"#[proc_macro_error]","highlight_start":1,"highlight_end":20}],"label":null,"suggested_replacement":null,"suggestion_applicability":null,"expansion":null}}}],"children":[],"rendered":"\u001b[0m\u001b[1m\u001b[38;5;9merror[E0433]\u001b[0m\u001b[0m\u001b[1m: failed to resolve: use of undeclared crate or module `std`\u001b[0m\n\u001b[0m  \u001b[0m\u001b[0m\u001b[1m\u001b[38;5;12m--> \u001b[0m\u001b[0m/Users/jeonghyeongseob/.cargo/git/checkouts/rust-contracts-stylus-7b6f4dfe793ef8eb/20ffabe/contracts/src/token/erc20/extensions/permit.rs:89:1\u001b[0m\n\u001b[0m   \u001b[0m\u001b[0m\u001b[1m\u001b[38;5;12m|\u001b[0m\n\u001b[0m\u001b[1m\u001b[38;5;12m89\u001b[0m\u001b[0m \u001b[0m\u001b[0m\u001b[1m\u001b[38;5;12m|\u001b[0m\u001b[0m \u001b[0m\u001b[0m#[public]\u001b[0m\n\u001b[0m   \u001b[0m\u001b[0m\u001b[1m\u001b[38;5;12m|\u001b[0m\u001b[0m \u001b[0m\u001b[0m\u001b[1m\u001b[38;5;9m^^^^^^^^^\u001b[0m\u001b[0m \u001b[0m\u001b[0m\u001b[1m\u001b[38;5;9muse of undeclared crate or module `std`\u001b[0m\n\u001b[0m   \u001b[0m\u001b[0m\u001b[1m\u001b[38;5;12m|\u001b[0m\n\u001b[0m   \u001b[0m\u001b[0m\u001b[1m\u001b[38;5;12m= \u001b[0m\u001b[0m\u001b[1mnote\u001b[0m\u001b[0m: this error originates in the attribute macro `public` (in Nightly builds, run with -Z macro-backtrace for more info)\u001b[0m\n\n"}
{"$message_type":"diagnostic","message":"failed to resolve: use of undeclared crate or module `std`","code":{"code":"E0433","explanation":"An undeclared crate, module, or type was used.\n\nErroneous code example:\n\n```compile_fail,E0433\nlet map = HashMap::new();\n// error: failed to resolve: use of undeclared type `HashMap`\n```\n\nPlease verify you didn't misspell the type/module's name or that you didn't\nforget to import it:\n\n```\nuse std::collections::HashMap; // HashMap has been imported.\nlet map: HashMap<u32, u32> = HashMap::new(); // So it can be used!\n```\n\nIf you've expected to use a crate name:\n\n```compile_fail\nuse ferris_wheel::BigO;\n// error: failed to resolve: use of undeclared crate or module `ferris_wheel`\n```\n\nMake sure the crate has been added as a dependency in `Cargo.toml`.\n\nTo use a module from your current crate, add the `crate::` prefix to the path.\n"},"level":"error","spans":[{"file_name":"/Users/jeonghyeongseob/.cargo/git/checkouts/rust-contracts-stylus-7b6f4dfe793ef8eb/20ffabe/contracts/src/token/erc20/utils/safe_erc20.rs","byte_start":8038,"byte_end":8047,"line_start":232,"line_end":232,"column_start":1,"column_end":10,"is_primary":true,"text":[{"text":"#[public]","highlight_start":1,"highlight_end":10}],"label":"use of undeclared crate or module `std`","suggested_replacement":null,"suggestion_applicability":null,"expansion":{"span":{"file_name":"/Users/jeonghyeongseob/.cargo/git/checkouts/rust-contracts-stylus-7b6f4dfe793ef8eb/20ffabe/contracts/src/token/erc20/utils/safe_erc20.rs","byte_start":8038,"byte_end":8047,"line_start":232,"line_end":232,"column_start":1,"column_end":10,"is_primary":false,"text":[{"text":"#[public]","highlight_start":1,"highlight_end":10}],"label":null,"suggested_replacement":null,"suggestion_applicability":null,"expansion":null},"macro_decl_name":"#[public]","def_site_span":{"file_name":"/Users/jeonghyeongseob/.cargo/registry/src/index.crates.io-6f17d22bba15001f/stylus-proc-0.8.4/src/lib.rs","byte_start":27051,"byte_end":27070,"line_start":662,"line_end":662,"column_start":1,"column_end":20,"is_primary":false,"text":[{"text":"#[proc_macro_error]","highlight_start":1,"highlight_end":20}],"label":null,"suggested_replacement":null,"suggestion_applicability":null,"expansion":null}}}],"children":[],"rendered":"\u001b[0m\u001b[1m\u001b[38;5;9merror[E0433]\u001b[0m\u001b[0m\u001b[1m: failed to resolve: use of undeclared crate or module `std`\u001b[0m\n\u001b[0m   \u001b[0m\u001b[0m\u001b[1m\u001b[38;5;12m--> \u001b[0m\u001b[0m/Users/jeonghyeongseob/.cargo/git/checkouts/rust-contracts-stylus-7b6f4dfe793ef8eb/20ffabe/contracts/src/token/erc20/utils/safe_erc20.rs:232:1\u001b[0m\n\u001b[0m    \u001b[0m\u001b[0m\u001b[1m\u001b[38;5;12m|\u001b[0m\n\u001b[0m\u001b[1m\u001b[38;5;12m232\u001b[0m\u001b[0m \u001b[0m\u001b[0m\u001b[1m\u001b[38;5;12m|\u001b[0m\u001b[0m \u001b[0m\u001b[0m#[public]\u001b[0m\n\u001b[0m    \u001b[0m\u001b[0m\u001b[1m\u001b[38;5;12m|\u001b[0m\u001b[0m \u001b[0m\u001b[0m\u001b[1m\u001b[38;5;9m^^^^^^^^^\u001b[0m\u001b[0m \u001b[0m\u001b[0m\u001b[1m\u001b[38;5;9muse of undeclared crate or module `std`\u001b[0m\n\u001b[0m    \u001b[0m\u001b[0m\u001b[1m\u001b[38;5;12m|\u001b[0m\n\u001b[0m    \u001b[0m\u001b[0m\u001b[1m\u001b[38;5;12m= \u001b[0m\u001b[0m\u001b[1mnote\u001b[0m\u001b[0m: this error originates in the attribute macro `public` (in Nightly builds, run with -Z macro-backtrace for more info)\u001b[0m\n\n"}
{"$message_type":"diagnostic","message":"failed to resolve: use of undeclared crate or module `std`","code":{"code":"E0433","explanation":"An undeclared crate, module, or type was used.\n\nErroneous code example:\n\n```compile_fail,E0433\nlet map = HashMap::new();\n// error: failed to resolve: use of undeclared type `HashMap`\n```\n\nPlease verify you didn't misspell the type/module's name or that you didn't\nforget to import it:\n\n```\nuse std::collections::HashMap; // HashMap has been imported.\nlet map: HashMap<u32, u32> = HashMap::new(); // So it can be used!\n```\n\nIf you've expected to use a crate name:\n\n```compile_fail\nuse ferris_wheel::BigO;\n// error: failed to resolve: use of undeclared crate or module `ferris_wheel`\n```\n\nMake sure the crate has been added as a dependency in `Cargo.toml`.\n\nTo use a module from your current crate, add the `crate::` prefix to the path.\n"},"level":"error","spans":[{"file_name":"/Users/jeonghyeongseob/.cargo/git/checkouts/rust-contracts-stylus-7b6f4dfe793ef8eb/20ffabe/contracts/src/token/erc20/mod.rs","byte_start":9583,"byte_end":9592,"line_start":270,"line_end":270,"column_start":1,"column_end":10,"is_primary":true,"text":[{"text":"#[public]","highlight_start":1,"highlight_end":10}],"label":"use of undeclared crate or module `std`","suggested_replacement":null,"suggestion_applicability":null,"expansion":{"span":{"file_name":"/Users/jeonghyeongseob/.cargo/git/checkouts/rust-contracts-stylus-7b6f4dfe793ef8eb/20ffabe/contracts/src/token/erc20/mod.rs","byte_start":9583,"byte_end":9592,"line_start":270,"line_end":270,"column_start":1,"column_end":10,"is_primary":false,"text":[{"text":"#[public]","highlight_start":1,"highlight_end":10}],"label":null,"suggested_replacement":null,"suggestion_applicability":null,"expansion":null},"macro_decl_name":"#[public]","def_site_span":{"file_name":"/Users/jeonghyeongseob/.cargo/registry/src/index.crates.io-6f17d22bba15001f/stylus-proc-0.8.4/src/lib.rs","byte_start":27051,"byte_end":27070,"line_start":662,"line_end":662,"column_start":1,"column_end":20,"is_primary":false,"text":[{"text":"#[proc_macro_error]","highlight_start":1,"highlight_end":20}],"label":null,"suggested_replacement":null,"suggestion_applicability":null,"expansion":null}}}],"children":[],"rendered":"\u001b[0m\u001b[1m\u001b[38;5;9merror[E0433]\u001b[0m\u001b[0m\u001b[1m: failed to resolve: use of undeclared crate or module `std`\u001b[0m\n\u001b[0m   \u001b[0m\u001b[0m\u001b[1m\u001b[38;5;12m--> \u001b[0m\u001b[0m/Users/jeonghyeongseob/.cargo/git/checkouts/rust-contracts-stylus-7b6f4dfe793ef8eb/20ffabe/contracts/src/token/erc20/mod.rs:270:1\u001b[0m\n\u001b[0m    \u001b[0m\u001b[0m\u001b[1m\u001b[38;5;12m|\u001b[0m\n\u001b[0m\u001b[1m\u001b[38;5;12m270\u001b[0m\u001b[0m \u001b[0m\u001b[0m\u001b[1m\u001b[38;5;12m|\u001b[0m\u001b[0m \u001b[0m\u001b[0m#[public]\u001b[0m\n\u001b[0m    \u001b[0m\u001b[0m\u001b[1m\u001b[38;5;12m|\u001b[0m\u001b[0m \u001b[0m\u001b[0m\u001b[1m\u001b[38;5;9m^^^^^^^^^\u001b[0m\u001b[0m \u001b[0m\u001b[0m\u001b[1m\u001b[38;5;9muse of undeclared crate or module `std`\u001b[0m\n\u001b[0m    \u001b[0m\u001b[0m\u001b[1m\u001b[38;5;12m|\u001b[0m\n\u001b[0m    \u001b[0m\u001b[0m\u001b[1m\u001b[38;5;12m= \u001b[0m\u001b[0m\u001b[1mnote\u001b[0m\u001b[0m: this error originates in the attribute macro `public` (in Nightly builds, run with -Z macro-backtrace for more info)\u001b[0m\n\n"}
{"$message_type":"diagnostic","message":"failed to resolve: use of undeclared crate or module `std`","code":{"code":"E0433","explanation":"An undeclared crate, module, or type was used.\n\nErroneous code example:\n\n```compile_fail,E0433\nlet map = HashMap::new();\n// error: failed to resolve: use of undeclared type `HashMap`\n```\n\nPlease verify you didn't misspell the type/module's name or that you didn't\nforget to import it:\n\n```\nuse std::collections::HashMap; // HashMap has been imported.\nlet map: HashMap<u32, u32> = HashMap::new(); // So it can be used!\n```\n\nIf you've expected to use a crate name:\n\n```compile_fail\nuse ferris_wheel::BigO;\n// error: failed to resolve: use of undeclared crate or module `ferris_wheel`\n```\n\nMake sure the crate has been added as a dependency in `Cargo.toml`.\n\nTo use a module from your current crate, add the `crate::` prefix to the path.\n"},"level":"error","spans":[{"file_name":"/Users/jeonghyeongseob/.cargo/git/checkouts/rust-contracts-stylus-7b6f4dfe793ef8eb/20ffabe/contracts/src/token/erc721/extensions/consecutive.rs","byte_start":5946,"byte_end":5955,"line_start":170,"line_end":170,"column_start":1,"column_end":10,"is_primary":true,"text":[{"text":"#[public]","highlight_start":1,"highlight_end":10}],"label":"use of undeclared crate or module `std`","suggested_replacement":null,"suggestion_applicability":null,"expansion":{"span":{"file_name":"/Users/jeonghyeongseob/.cargo/git/checkouts/rust-contracts-stylus-7b6f4dfe793ef8eb/20ffabe/contracts/src/token/erc721/extensions/consecutive.rs","byte_start":5946,"byte_end":5955,"line_start":170,"line_end":170,"column_start":1,"column_end":10,"is_primary":false,"text":[{"text":"#[public]","highlight_start":1,"highlight_end":10}],"label":null,"suggested_replacement":null,"suggestion_applicability":null,"expansion":null},"macro_decl_name":"#[public]","def_site_span":{"file_name":"/Users/jeonghyeongseob/.cargo/registry/src/index.crates.io-6f17d22bba15001f/stylus-proc-0.8.4/src/lib.rs","byte_start":27051,"byte_end":27070,"line_start":662,"line_end":662,"column_start":1,"column_end":20,"is_primary":false,"text":[{"text":"#[proc_macro_error]","highlight_start":1,"highlight_end":20}],"label":null,"suggested_replacement":null,"suggestion_applicability":null,"expansion":null}}}],"children":[],"rendered":"\u001b[0m\u001b[1m\u001b[38;5;9merror[E0433]\u001b[0m\u001b[0m\u001b[1m: failed to resolve: use of undeclared crate or module `std`\u001b[0m\n\u001b[0m   \u001b[0m\u001b[0m\u001b[1m\u001b[38;5;12m--> \u001b[0m\u001b[0m/Users/jeonghyeongseob/.cargo/git/checkouts/rust-contracts-stylus-7b6f4dfe793ef8eb/20ffabe/contracts/src/token/erc721/extensions/consecutive.rs:170:1\u001b[0m\n\u001b[0m    \u001b[0m\u001b[0m\u001b[1m\u001b[38;5;12m|\u001b[0m\n\u001b[0m\u001b[1m\u001b[38;5;12m170\u001b[0m\u001b[0m \u001b[0m\u001b[0m\u001b[1m\u001b[38;5;12m|\u001b[0m\u001b[0m \u001b[0m\u001b[0m#[public]\u001b[0m\n\u001b[0m    \u001b[0m\u001b[0m\u001b[1m\u001b[38;5;12m|\u001b[0m\u001b[0m \u001b[0m\u001b[0m\u001b[1m\u001b[38;5;9m^^^^^^^^^\u001b[0m\u001b[0m \u001b[0m\u001b[0m\u001b[1m\u001b[38;5;9muse of undeclared crate or module `std`\u001b[0m\n\u001b[0m    \u001b[0m\u001b[0m\u001b[1m\u001b[38;5;12m|\u001b[0m\n\u001b[0m    \u001b[0m\u001b[0m\u001b[1m\u001b[38;5;12m= \u001b[0m\u001b[0m\u001b[1mnote\u001b[0m\u001b[0m: this error originates in the attribute macro `public` (in Nightly builds, run with -Z macro-backtrace for more info)\u001b[0m\n\n"}
{"$message_type":"diagnostic","message":"failed to resolve: use of undeclared crate or module `std`","code":{"code":"E0433","explanation":"An undeclared crate, module, or type was used.\n\nErroneous code example:\n\n```compile_fail,E0433\nlet map = HashMap::new();\n// error: failed to resolve: use of undeclared type `HashMap`\n```\n\nPlease verify you didn't misspell the type/module's name or that you didn't\nforget to import it:\n\n```\nuse std::collections::HashMap; // HashMap has been imported.\nlet map: HashMap<u32, u32> = HashMap::new(); // So it can be used!\n```\n\nIf you've expected to use a crate name:\n\n```compile_fail\nuse ferris_wheel::BigO;\n// error: failed to resolve: use of undeclared crate or module `ferris_wheel`\n```\n\nMake sure the crate has been added as a dependency in `Cargo.toml`.\n\nTo use a module from your current crate, add the `crate::` prefix to the path.\n"},"level":"error","spans":[{"file_name":"/Users/jeonghyeongseob/.cargo/git/checkouts/rust-contracts-stylus-7b6f4dfe793ef8eb/20ffabe/contracts/src/token/erc721/extensions/enumerable.rs","byte_start":4342,"byte_end":4351,"line_start":137,"line_end":137,"column_start":1,"column_end":10,"is_primary":true,"text":[{"text":"#[public]","highlight_start":1,"highlight_end":10}],"label":"use of undeclared crate or module `std`","suggested_replacement":null,"suggestion_applicability":null,"expansion":{"span":{"file_name":"/Users/jeonghyeongseob/.cargo/git/checkouts/rust-contracts-stylus-7b6f4dfe793ef8eb/20ffabe/contracts/src/token/erc721/extensions/enumerable.rs","byte_start":4342,"byte_end":4351,"line_start":137,"line_end":137,"column_start":1,"column_end":10,"is_primary":false,"text":[{"text":"#[public]","highlight_start":1,"highlight_end":10}],"label":null,"suggested_replacement":null,"suggestion_applicability":null,"expansion":null},"macro_decl_name":"#[public]","def_site_span":{"file_name":"/Users/jeonghyeongseob/.cargo/registry/src/index.crates.io-6f17d22bba15001f/stylus-proc-0.8.4/src/lib.rs","byte_start":27051,"byte_end":27070,"line_start":662,"line_end":662,"column_start":1,"column_end":20,"is_primary":false,"text":[{"text":"#[proc_macro_error]","highlight_start":1,"highlight_end":20}],"label":null,"suggested_replacement":null,"suggestion_applicability":null,"expansion":null}}}],"children":[],"rendered":"\u001b[0m\u001b[1m\u001b[38;5;9merror[E0433]\u001b[0m\u001b[0m\u001b[1m: failed to resolve: use of undeclared crate or module `std`\u001b[0m\n\u001b[0m   \u001b[0m\u001b[0m\u001b[1m\u001b[38;5;12m--> \u001b[0m\u001b[0m/Users/jeonghyeongseob/.cargo/git/checkouts/rust-contracts-stylus-7b6f4dfe793ef8eb/20ffabe/contracts/src/token/erc721/extensions/enumerable.rs:137:1\u001b[0m\n\u001b[0m    \u001b[0m\u001b[0m\u001b[1m\u001b[38;5;12m|\u001b[0m\n\u001b[0m\u001b[1m\u001b[38;5;12m137\u001b[0m\u001b[0m \u001b[0m\u001b[0m\u001b[1m\u001b[38;5;12m|\u001b[0m\u001b[0m \u001b[0m\u001b[0m#[public]\u001b[0m\n\u001b[0m    \u001b[0m\u001b[0m\u001b[1m\u001b[38;5;12m|\u001b[0m\u001b[0m \u001b[0m\u001b[0m\u001b[1m\u001b[38;5;9m^^^^^^^^^\u001b[0m\u001b[0m \u001b[0m\u001b[0m\u001b[1m\u001b[38;5;9muse of undeclared crate or module `std`\u001b[0m\n\u001b[0m    \u001b[0m\u001b[0m\u001b[1m\u001b[38;5;12m|\u001b[0m\n\u001b[0m    \u001b[0m\u001b[0m\u001b[1m\u001b[38;5;12m= \u001b[0m\u001b[0m\u001b[1mnote\u001b[0m\u001b[0m: this error originates in the attribute macro `public` (in Nightly builds, run with -Z macro-backtrace for more info)\u001b[0m\n\n"}
{"$message_type":"diagnostic","message":"failed to resolve: use of undeclared crate or module `std`","code":{"code":"E0433","explanation":"An undeclared crate, module, or type was used.\n\nErroneous code example:\n\n```compile_fail,E0433\nlet map = HashMap::new();\n// error: failed to resolve: use of undeclared type `HashMap`\n```\n\nPlease verify you didn't misspell the type/module's name or that you didn't\nforget to import it:\n\n```\nuse std::collections::HashMap; // HashMap has been imported.\nlet map: HashMap<u32, u32> = HashMap::new(); // So it can be used!\n```\n\nIf you've expected to use a crate name:\n\n```compile_fail\nuse ferris_wheel::BigO;\n// error: failed to resolve: use of undeclared crate or module `ferris_wheel`\n```\n\nMake sure the crate has been added as a dependency in `Cargo.toml`.\n\nTo use a module from your current crate, add the `crate::` prefix to the path.\n"},"level":"error","spans":[{"file_name":"/Users/jeonghyeongseob/.cargo/git/checkouts/rust-contracts-stylus-7b6f4dfe793ef8eb/20ffabe/contracts/src/token/erc721/extensions/metadata.rs","byte_start":1731,"byte_end":1740,"line_start":60,"line_end":60,"column_start":1,"column_end":10,"is_primary":true,"text":[{"text":"#[public]","highlight_start":1,"highlight_end":10}],"label":"use of undeclared crate or module `std`","suggested_replacement":null,"suggestion_applicability":null,"expansion":{"span":{"file_name":"/Users/jeonghyeongseob/.cargo/git/checkouts/rust-contracts-stylus-7b6f4dfe793ef8eb/20ffabe/contracts/src/token/erc721/extensions/metadata.rs","byte_start":1731,"byte_end":1740,"line_start":60,"line_end":60,"column_start":1,"column_end":10,"is_primary":false,"text":[{"text":"#[public]","highlight_start":1,"highlight_end":10}],"label":null,"suggested_replacement":null,"suggestion_applicability":null,"expansion":null},"macro_decl_name":"#[public]","def_site_span":{"file_name":"/Users/jeonghyeongseob/.cargo/registry/src/index.crates.io-6f17d22bba15001f/stylus-proc-0.8.4/src/lib.rs","byte_start":27051,"byte_end":27070,"line_start":662,"line_end":662,"column_start":1,"column_end":20,"is_primary":false,"text":[{"text":"#[proc_macro_error]","highlight_start":1,"highlight_end":20}],"label":null,"suggested_replacement":null,"suggestion_applicability":null,"expansion":null}}}],"children":[],"rendered":"\u001b[0m\u001b[1m\u001b[38;5;9merror[E0433]\u001b[0m\u001b[0m\u001b[1m: failed to resolve: use of undeclared crate or module `std`\u001b[0m\n\u001b[0m  \u001b[0m\u001b[0m\u001b[1m\u001b[38;5;12m--> \u001b[0m\u001b[0m/Users/jeonghyeongseob/.cargo/git/checkouts/rust-contracts-stylus-7b6f4dfe793ef8eb/20ffabe/contracts/src/token/erc721/extensions/metadata.rs:60:1\u001b[0m\n\u001b[0m   \u001b[0m\u001b[0m\u001b[1m\u001b[38;5;12m|\u001b[0m\n\u001b[0m\u001b[1m\u001b[38;5;12m60\u001b[0m\u001b[0m \u001b[0m\u001b[0m\u001b[1m\u001b[38;5;12m|\u001b[0m\u001b[0m \u001b[0m\u001b[0m#[public]\u001b[0m\n\u001b[0m   \u001b[0m\u001b[0m\u001b[1m\u001b[38;5;12m|\u001b[0m\u001b[0m \u001b[0m\u001b[0m\u001b[1m\u001b[38;5;9m^^^^^^^^^\u001b[0m\u001b[0m \u001b[0m\u001b[0m\u001b[1m\u001b[38;5;9muse of undeclared crate or module `std`\u001b[0m\n\u001b[0m   \u001b[0m\u001b[0m\u001b[1m\u001b[38;5;12m|\u001b[0m\n\u001b[0m   \u001b[0m\u001b[0m\u001b[1m\u001b[38;5;12m= \u001b[0m\u001b[0m\u001b[1mnote\u001b[0m\u001b[0m: this error originates in the attribute macro `public` (in Nightly builds, run with -Z macro-backtrace for more info)\u001b[0m\n\n"}
{"$message_type":"diagnostic","message":"failed to resolve: use of undeclared crate or module `std`","code":{"code":"E0433","explanation":"An undeclared crate, module, or type was used.\n\nErroneous code example:\n\n```compile_fail,E0433\nlet map = HashMap::new();\n// error: failed to resolve: use of undeclared type `HashMap`\n```\n\nPlease verify you didn't misspell the type/module's name or that you didn't\nforget to import it:\n\n```\nuse std::collections::HashMap; // HashMap has been imported.\nlet map: HashMap<u32, u32> = HashMap::new(); // So it can be used!\n```\n\nIf you've expected to use a crate name:\n\n```compile_fail\nuse ferris_wheel::BigO;\n// error: failed to resolve: use of undeclared crate or module `ferris_wheel`\n```\n\nMake sure the crate has been added as a dependency in `Cargo.toml`.\n\nTo use a module from your current crate, add the `crate::` prefix to the path.\n"},"level":"error","spans":[{"file_name":"/Users/jeonghyeongseob/.cargo/git/checkouts/rust-contracts-stylus-7b6f4dfe793ef8eb/20ffabe/contracts/src/token/erc721/mod.rs","byte_start":14781,"byte_end":14790,"line_start":408,"line_end":408,"column_start":1,"column_end":10,"is_primary":true,"text":[{"text":"#[public]","highlight_start":1,"highlight_end":10}],"label":"use of undeclared crate or module `std`","suggested_replacement":null,"suggestion_applicability":null,"expansion":{"span":{"file_name":"/Users/jeonghyeongseob/.cargo/git/checkouts/rust-contracts-stylus-7b6f4dfe793ef8eb/20ffabe/contracts/src/token/erc721/mod.rs","byte_start":14781,"byte_end":14790,"line_start":408,"line_end":408,"column_start":1,"column_end":10,"is_primary":false,"text":[{"text":"#[public]","highlight_start":1,"highlight_end":10}],"label":null,"suggested_replacement":null,"suggestion_applicability":null,"expansion":null},"macro_decl_name":"#[public]","def_site_span":{"file_name":"/Users/jeonghyeongseob/.cargo/registry/src/index.crates.io-6f17d22bba15001f/stylus-proc-0.8.4/src/lib.rs","byte_start":27051,"byte_end":27070,"line_start":662,"line_end":662,"column_start":1,"column_end":20,"is_primary":false,"text":[{"text":"#[proc_macro_error]","highlight_start":1,"highlight_end":20}],"label":null,"suggested_replacement":null,"suggestion_applicability":null,"expansion":null}}}],"children":[],"rendered":"\u001b[0m\u001b[1m\u001b[38;5;9merror[E0433]\u001b[0m\u001b[0m\u001b[1m: failed to resolve: use of undeclared crate or module `std`\u001b[0m\n\u001b[0m   \u001b[0m\u001b[0m\u001b[1m\u001b[38;5;12m--> \u001b[0m\u001b[0m/Users/jeonghyeongseob/.cargo/git/checkouts/rust-contracts-stylus-7b6f4dfe793ef8eb/20ffabe/contracts/src/token/erc721/mod.rs:408:1\u001b[0m\n\u001b[0m    \u001b[0m\u001b[0m\u001b[1m\u001b[38;5;12m|\u001b[0m\n\u001b[0m\u001b[1m\u001b[38;5;12m408\u001b[0m\u001b[0m \u001b[0m\u001b[0m\u001b[1m\u001b[38;5;12m|\u001b[0m\u001b[0m \u001b[0m\u001b[0m#[public]\u001b[0m\n\u001b[0m    \u001b[0m\u001b[0m\u001b[1m\u001b[38;5;12m|\u001b[0m\u001b[0m \u001b[0m\u001b[0m\u001b[1m\u001b[38;5;9m^^^^^^^^^\u001b[0m\u001b[0m \u001b[0m\u001b[0m\u001b[1m\u001b[38;5;9muse of undeclared crate or module `std`\u001b[0m\n\u001b[0m    \u001b[0m\u001b[0m\u001b[1m\u001b[38;5;12m|\u001b[0m\n\u001b[0m    \u001b[0m\u001b[0m\u001b[1m\u001b[38;5;12m= \u001b[0m\u001b[0m\u001b[1mnote\u001b[0m\u001b[0m: this error originates in the attribute macro `public` (in Nightly builds, run with -Z macro-backtrace for more info)\u001b[0m\n\n"}
{"$message_type":"diagnostic","message":"failed to resolve: use of undeclared crate or module `std`","code":{"code":"E0433","explanation":"An undeclared crate, module, or type was used.\n\nErroneous code example:\n\n```compile_fail,E0433\nlet map = HashMap::new();\n// error: failed to resolve: use of undeclared type `HashMap`\n```\n\nPlease verify you didn't misspell the type/module's name or that you didn't\nforget to import it:\n\n```\nuse std::collections::HashMap; // HashMap has been imported.\nlet map: HashMap<u32, u32> = HashMap::new(); // So it can be used!\n```\n\nIf you've expected to use a crate name:\n\n```compile_fail\nuse ferris_wheel::BigO;\n// error: failed to resolve: use of undeclared crate or module `ferris_wheel`\n```\n\nMake sure the crate has been added as a dependency in `Cargo.toml`.\n\nTo use a module from your current crate, add the `crate::` prefix to the path.\n"},"level":"error","spans":[{"file_name":"/Users/jeonghyeongseob/.cargo/git/checkouts/rust-contracts-stylus-7b6f4dfe793ef8eb/20ffabe/contracts/src/utils/metadata.rs","byte_start":326,"byte_end":335,"line_start":15,"line_end":15,"column_start":1,"column_end":10,"is_primary":true,"text":[{"text":"#[public]","highlight_start":1,"highlight_end":10}],"label":"use of undeclared crate or module `std`","suggested_replacement":null,"suggestion_applicability":null,"expansion":{"span":{"file_name":"/Users/jeonghyeongseob/.cargo/git/checkouts/rust-contracts-stylus-7b6f4dfe793ef8eb/20ffabe/contracts/src/utils/metadata.rs","byte_start":326,"byte_end":335,"line_start":15,"line_end":15,"column_start":1,"column_end":10,"is_primary":false,"text":[{"text":"#[public]","highlight_start":1,"highlight_end":10}],"label":null,"suggested_replacement":null,"suggestion_applicability":null,"expansion":null},"macro_decl_name":"#[public]","def_site_span":{"file_name":"/Users/jeonghyeongseob/.cargo/registry/src/index.crates.io-6f17d22bba15001f/stylus-proc-0.8.4/src/lib.rs","byte_start":27051,"byte_end":27070,"line_start":662,"line_end":662,"column_start":1,"column_end":20,"is_primary":false,"text":[{"text":"#[proc_macro_error]","highlight_start":1,"highlight_end":20}],"label":null,"suggested_replacement":null,"suggestion_applicability":null,"expansion":null}}}],"children":[],"rendered":"\u001b[0m\u001b[1m\u001b[38;5;9merror[E0433]\u001b[0m\u001b[0m\u001b[1m: failed to resolve: use of undeclared crate or module `std`\u001b[0m\n\u001b[0m  \u001b[0m\u001b[0m\u001b[1m\u001b[38;5;12m--> \u001b[0m\u001b[0m/Users/jeonghyeongseob/.cargo/git/checkouts/rust-contracts-stylus-7b6f4dfe793ef8eb/20ffabe/contracts/src/utils/metadata.rs:15:1\u001b[0m\n\u001b[0m   \u001b[0m\u001b[0m\u001b[1m\u001b[38;5;12m|\u001b[0m\n\u001b[0m\u001b[1m\u001b[38;5;12m15\u001b[0m\u001b[0m \u001b[0m\u001b[0m\u001b[1m\u001b[38;5;12m|\u001b[0m\u001b[0m \u001b[0m\u001b[0m#[public]\u001b[0m\n\u001b[0m   \u001b[0m\u001b[0m\u001b[1m\u001b[38;5;12m|\u001b[0m\u001b[0m \u001b[0m\u001b[0m\u001b[1m\u001b[38;5;9m^^^^^^^^^\u001b[0m\u001b[0m \u001b[0m\u001b[0m\u001b[1m\u001b[38;5;9muse of undeclared crate or module `std`\u001b[0m\n\u001b[0m   \u001b[0m\u001b[0m\u001b[1m\u001b[38;5;12m|\u001b[0m\n\u001b[0m   \u001b[0m\u001b[0m\u001b[1m\u001b[38;5;12m= \u001b[0m\u001b[0m\u001b[1mnote\u001b[0m\u001b[0m: this error originates in the attribute macro `public` (in Nightly builds, run with -Z macro-backtrace for more info)\u001b[0m\n\n"}
{"$message_type":"diagnostic","message":"failed to resolve: use of undeclared crate or module `std`","code":{"code":"E0433","explanation":"An undeclared crate, module, or type was used.\n\nErroneous code example:\n\n```compile_fail,E0433\nlet map = HashMap::new();\n// error: failed to resolve: use of undeclared type `HashMap`\n```\n\nPlease verify you didn't misspell the type/module's name or that you didn't\nforget to import it:\n\n```\nuse std::collections::HashMap; // HashMap has been imported.\nlet map: HashMap<u32, u32> = HashMap::new(); // So it can be used!\n```\n\nIf you've expected to use a crate name:\n\n```compile_fail\nuse ferris_wheel::BigO;\n// error: failed to resolve: use of undeclared crate or module `ferris_wheel`\n```\n\nMake sure the crate has been added as a dependency in `Cargo.toml`.\n\nTo use a module from your current crate, add the `crate::` prefix to the path.\n"},"level":"error","spans":[{"file_name":"/Users/jeonghyeongseob/.cargo/git/checkouts/rust-contracts-stylus-7b6f4dfe793ef8eb/20ffabe/contracts/src/utils/nonces.rs","byte_start":1148,"byte_end":1157,"line_start":51,"line_end":51,"column_start":1,"column_end":10,"is_primary":true,"text":[{"text":"#[public]","highlight_start":1,"highlight_end":10}],"label":"use of undeclared crate or module `std`","suggested_replacement":null,"suggestion_applicability":null,"expansion":{"span":{"file_name":"/Users/jeonghyeongseob/.cargo/git/checkouts/rust-contracts-stylus-7b6f4dfe793ef8eb/20ffabe/contracts/src/utils/nonces.rs","byte_start":1148,"byte_end":1157,"line_start":51,"line_end":51,"column_start":1,"column_end":10,"is_primary":false,"text":[{"text":"#[public]","highlight_start":1,"highlight_end":10}],"label":null,"suggested_replacement":null,"suggestion_applicability":null,"expansion":null},"macro_decl_name":"#[public]","def_site_span":{"file_name":"/Users/jeonghyeongseob/.cargo/registry/src/index.crates.io-6f17d22bba15001f/stylus-proc-0.8.4/src/lib.rs","byte_start":27051,"byte_end":27070,"line_start":662,"line_end":662,"column_start":1,"column_end":20,"is_primary":false,"text":[{"text":"#[proc_macro_error]","highlight_start":1,"highlight_end":20}],"label":null,"suggested_replacement":null,"suggestion_applicability":null,"expansion":null}}}],"children":[],"rendered":"\u001b[0m\u001b[1m\u001b[38;5;9merror[E0433]\u001b[0m\u001b[0m\u001b[1m: failed to resolve: use of undeclared crate or module `std`\u001b[0m\n\u001b[0m  \u001b[0m\u001b[0m\u001b[1m\u001b[38;5;12m--> \u001b[0m\u001b[0m/Users/jeonghyeongseob/.cargo/git/checkouts/rust-contracts-stylus-7b6f4dfe793ef8eb/20ffabe/contracts/src/utils/nonces.rs:51:1\u001b[0m\n\u001b[0m   \u001b[0m\u001b[0m\u001b[1m\u001b[38;5;12m|\u001b[0m\n\u001b[0m\u001b[1m\u001b[38;5;12m51\u001b[0m\u001b[0m \u001b[0m\u001b[0m\u001b[1m\u001b[38;5;12m|\u001b[0m\u001b[0m \u001b[0m\u001b[0m#[public]\u001b[0m\n\u001b[0m   \u001b[0m\u001b[0m\u001b[1m\u001b[38;5;12m|\u001b[0m\u001b[0m \u001b[0m\u001b[0m\u001b[1m\u001b[38;5;9m^^^^^^^^^\u001b[0m\u001b[0m \u001b[0m\u001b[0m\u001b[1m\u001b[38;5;9muse of undeclared crate or module `std`\u001b[0m\n\u001b[0m   \u001b[0m\u001b[0m\u001b[1m\u001b[38;5;12m|\u001b[0m\n\u001b[0m   \u001b[0m\u001b[0m\u001b[1m\u001b[38;5;12m= \u001b[0m\u001b[0m\u001b[1mnote\u001b[0m\u001b[0m: this error originates in the attribute macro `public` (in Nightly builds, run with -Z macro-backtrace for more info)\u001b[0m\n\n"}
{"$message_type":"diagnostic","message":"failed to resolve: use of undeclared crate or module `std`","code":{"code":"E0433","explanation":"An undeclared crate, module, or type was used.\n\nErroneous code example:\n\n```compile_fail,E0433\nlet map = HashMap::new();\n// error: failed to resolve: use of undeclared type `HashMap`\n```\n\nPlease verify you didn't misspell the type/module's name or that you didn't\nforget to import it:\n\n```\nuse std::collections::HashMap; // HashMap has been imported.\nlet map: HashMap<u32, u32> = HashMap::new(); // So it can be used!\n```\n\nIf you've expected to use a crate name:\n\n```compile_fail\nuse ferris_wheel::BigO;\n// error: failed to resolve: use of undeclared crate or module `ferris_wheel`\n```\n\nMake sure the crate has been added as a dependency in `Cargo.toml`.\n\nTo use a module from your current crate, add the `crate::` prefix to the path.\n"},"level":"error","spans":[{"file_name":"/Users/jeonghyeongseob/.cargo/git/checkouts/rust-contracts-stylus-7b6f4dfe793ef8eb/20ffabe/contracts/src/utils/pausable.rs","byte_start":2242,"byte_end":2251,"line_start":79,"line_end":79,"column_start":1,"column_end":10,"is_primary":true,"text":[{"text":"#[public]","highlight_start":1,"highlight_end":10}],"label":"use of undeclared crate or module `std`","suggested_replacement":null,"suggestion_applicability":null,"expansion":{"span":{"file_name":"/Users/jeonghyeongseob/.cargo/git/checkouts/rust-contracts-stylus-7b6f4dfe793ef8eb/20ffabe/contracts/src/utils/pausable.rs","byte_start":2242,"byte_end":2251,"line_start":79,"line_end":79,"column_start":1,"column_end":10,"is_primary":false,"text":[{"text":"#[public]","highlight_start":1,"highlight_end":10}],"label":null,"suggested_replacement":null,"suggestion_applicability":null,"expansion":null},"macro_decl_name":"#[public]","def_site_span":{"file_name":"/Users/jeonghyeongseob/.cargo/registry/src/index.crates.io-6f17d22bba15001f/stylus-proc-0.8.4/src/lib.rs","byte_start":27051,"byte_end":27070,"line_start":662,"line_end":662,"column_start":1,"column_end":20,"is_primary":false,"text":[{"text":"#[proc_macro_error]","highlight_start":1,"highlight_end":20}],"label":null,"suggested_replacement":null,"suggestion_applicability":null,"expansion":null}}}],"children":[],"rendered":"\u001b[0m\u001b[1m\u001b[38;5;9merror[E0433]\u001b[0m\u001b[0m\u001b[1m: failed to resolve: use of undeclared crate or module `std`\u001b[0m\n\u001b[0m  \u001b[0m\u001b[0m\u001b[1m\u001b[38;5;12m--> \u001b[0m\u001b[0m/Users/jeonghyeongseob/.cargo/git/checkouts/rust-contracts-stylus-7b6f4dfe793ef8eb/20ffabe/contracts/src/utils/pausable.rs:79:1\u001b[0m\n\u001b[0m   \u001b[0m\u001b[0m\u001b[1m\u001b[38;5;12m|\u001b[0m\n\u001b[0m\u001b[1m\u001b[38;5;12m79\u001b[0m\u001b[0m \u001b[0m\u001b[0m\u001b[1m\u001b[38;5;12m|\u001b[0m\u001b[0m \u001b[0m\u001b[0m#[public]\u001b[0m\n\u001b[0m   \u001b[0m\u001b[0m\u001b[1m\u001b[38;5;12m|\u001b[0m\u001b[0m \u001b[0m\u001b[0m\u001b[1m\u001b[38;5;9m^^^^^^^^^\u001b[0m\u001b[0m \u001b[0m\u001b[0m\u001b[1m\u001b[38;5;9muse of undeclared crate or module `std`\u001b[0m\n\u001b[0m   \u001b[0m\u001b[0m\u001b[1m\u001b[38;5;12m|\u001b[0m\n\u001b[0m   \u001b[0m\u001b[0m\u001b[1m\u001b[38;5;12m= \u001b[0m\u001b[0m\u001b[1mnote\u001b[0m\u001b[0m: this error originates in the attribute macro `public` (in Nightly builds, run with -Z macro-backtrace for more info)\u001b[0m\n\n"}
{"$message_type":"diagnostic","message":"associated type `Error` not found for `Self`","code":{"code":"E0220","explanation":"The associated type used was not defined in the trait.\n\nErroneous code example:\n\n```compile_fail,E0220\ntrait T1 {\n    type Bar;\n}\n\ntype Foo = T1<F=i32>; // error: associated type `F` not found for `T1`\n\n// or:\n\ntrait T2 {\n    type Bar;\n\n    // error: Baz is used but not declared\n    fn return_bool(&self, _: &Self::Bar, _: &Self::Baz) -> bool;\n}\n```\n\nMake sure that you have defined the associated type in the trait body.\nAlso, verify that you used the right trait or you didn't misspell the\nassociated type name. Example:\n\n```\ntrait T1 {\n    type Bar;\n}\n\ntype Foo = T1<Bar=i32>; // ok!\n\n// or:\n\ntrait T2 {\n    type Bar;\n    type Baz; // we declare `Baz` in our trait.\n\n    // and now we can use it here:\n    fn return_bool(&self, _: &Self::Bar, _: &Self::Baz) -> bool;\n}\n```\n"},"level":"error","spans":[{"file_name":"/Users/jeonghyeongseob/.cargo/git/checkouts/rust-contracts-stylus-7b6f4dfe793ef8eb/20ffabe/contracts/src/access/control.rs","byte_start":8921,"byte_end":8926,"line_start":262,"line_end":262,"column_start":57,"column_end":62,"is_primary":true,"text":[{"text":"    fn only_role(&self, role: B256) -> Result<(), Self::Error> {","highlight_start":57,"highlight_end":62}],"label":"associated type `Error` not found","suggested_replacement":null,"suggestion_applicability":null,"expansion":null}],"children":[],"rendered":"\u001b[0m\u001b[1m\u001b[38;5;9merror[E0220]\u001b[0m\u001b[0m\u001b[1m: associated type `Error` not found for `Self`\u001b[0m\n\u001b[0m   \u001b[0m\u001b[0m\u001b[1m\u001b[38;5;12m--> \u001b[0m\u001b[0m/Users/jeonghyeongseob/.cargo/git/checkouts/rust-contracts-stylus-7b6f4dfe793ef8eb/20ffabe/contracts/src/access/control.rs:262:57\u001b[0m\n\u001b[0m    \u001b[0m\u001b[0m\u001b[1m\u001b[38;5;12m|\u001b[0m\n\u001b[0m\u001b[1m\u001b[38;5;12m262\u001b[0m\u001b[0m \u001b[0m\u001b[0m\u001b[1m\u001b[38;5;12m|\u001b[0m\u001b[0m \u001b[0m\u001b[0m    fn only_role(&self, role: B256) -> Result<(), Self::Error> {\u001b[0m\n\u001b[0m    \u001b[0m\u001b[0m\u001b[1m\u001b[38;5;12m|\u001b[0m\u001b[0m                                                         \u001b[0m\u001b[0m\u001b[1m\u001b[38;5;9m^^^^^\u001b[0m\u001b[0m \u001b[0m\u001b[0m\u001b[1m\u001b[38;5;9massociated type `Error` not found\u001b[0m\n\n"}
{"$message_type":"diagnostic","message":"associated type `Error` not found for `Self`","code":{"code":"E0220","explanation":"The associated type used was not defined in the trait.\n\nErroneous code example:\n\n```compile_fail,E0220\ntrait T1 {\n    type Bar;\n}\n\ntype Foo = T1<F=i32>; // error: associated type `F` not found for `T1`\n\n// or:\n\ntrait T2 {\n    type Bar;\n\n    // error: Baz is used but not declared\n    fn return_bool(&self, _: &Self::Bar, _: &Self::Baz) -> bool;\n}\n```\n\nMake sure that you have defined the associated type in the trait body.\nAlso, verify that you used the right trait or you didn't misspell the\nassociated type name. Example:\n\n```\ntrait T1 {\n    type Bar;\n}\n\ntype Foo = T1<Bar=i32>; // ok!\n\n// or:\n\ntrait T2 {\n    type Bar;\n    type Baz; // we declare `Baz` in our trait.\n\n    // and now we can use it here:\n    fn return_bool(&self, _: &Self::Bar, _: &Self::Baz) -> bool;\n}\n```\n"},"level":"error","spans":[{"file_name":"/Users/jeonghyeongseob/.cargo/git/checkouts/rust-contracts-stylus-7b6f4dfe793ef8eb/20ffabe/contracts/src/access/control.rs","byte_start":9200,"byte_end":9205,"line_start":274,"line_end":274,"column_start":27,"column_end":32,"is_primary":true,"text":[{"text":"    ) -> Result<(), Self::Error> {","highlight_start":27,"highlight_end":32}],"label":"associated type `Error` not found","suggested_replacement":null,"suggestion_applicability":null,"expansion":null}],"children":[],"rendered":"\u001b[0m\u001b[1m\u001b[38;5;9merror[E0220]\u001b[0m\u001b[0m\u001b[1m: associated type `Error` not found for `Self`\u001b[0m\n\u001b[0m   \u001b[0m\u001b[0m\u001b[1m\u001b[38;5;12m--> \u001b[0m\u001b[0m/Users/jeonghyeongseob/.cargo/git/checkouts/rust-contracts-stylus-7b6f4dfe793ef8eb/20ffabe/contracts/src/access/control.rs:274:27\u001b[0m\n\u001b[0m    \u001b[0m\u001b[0m\u001b[1m\u001b[38;5;12m|\u001b[0m\n\u001b[0m\u001b[1m\u001b[38;5;12m274\u001b[0m\u001b[0m \u001b[0m\u001b[0m\u001b[1m\u001b[38;5;12m|\u001b[0m\u001b[0m \u001b[0m\u001b[0m    ) -> Result<(), Self::Error> {\u001b[0m\n\u001b[0m    \u001b[0m\u001b[0m\u001b[1m\u001b[38;5;12m|\u001b[0m\u001b[0m                           \u001b[0m\u001b[0m\u001b[1m\u001b[38;5;9m^^^^^\u001b[0m\u001b[0m \u001b[0m\u001b[0m\u001b[1m\u001b[38;5;9massociated type `Error` not found\u001b[0m\n\n"}
{"$message_type":"diagnostic","message":"associated type `Error` not found for `Self`","code":{"code":"E0220","explanation":"The associated type used was not defined in the trait.\n\nErroneous code example:\n\n```compile_fail,E0220\ntrait T1 {\n    type Bar;\n}\n\ntype Foo = T1<F=i32>; // error: associated type `F` not found for `T1`\n\n// or:\n\ntrait T2 {\n    type Bar;\n\n    // error: Baz is used but not declared\n    fn return_bool(&self, _: &Self::Bar, _: &Self::Baz) -> bool;\n}\n```\n\nMake sure that you have defined the associated type in the trait body.\nAlso, verify that you used the right trait or you didn't misspell the\nassociated type name. Example:\n\n```\ntrait T1 {\n    type Bar;\n}\n\ntype Foo = T1<Bar=i32>; // ok!\n\n// or:\n\ntrait T2 {\n    type Bar;\n    type Baz; // we declare `Baz` in our trait.\n\n    // and now we can use it here:\n    fn return_bool(&self, _: &Self::Bar, _: &Self::Baz) -> bool;\n}\n```\n"},"level":"error","spans":[{"file_name":"/Users/jeonghyeongseob/.cargo/git/checkouts/rust-contracts-stylus-7b6f4dfe793ef8eb/20ffabe/contracts/src/access/control.rs","byte_start":9472,"byte_end":9477,"line_start":285,"line_end":285,"column_start":27,"column_end":32,"is_primary":true,"text":[{"text":"    ) -> Result<(), Self::Error> {","highlight_start":27,"highlight_end":32}],"label":"associated type `Error` not found","suggested_replacement":null,"suggestion_applicability":null,"expansion":null}],"children":[],"rendered":"\u001b[0m\u001b[1m\u001b[38;5;9merror[E0220]\u001b[0m\u001b[0m\u001b[1m: associated type `Error` not found for `Self`\u001b[0m\n\u001b[0m   \u001b[0m\u001b[0m\u001b[1m\u001b[38;5;12m--> \u001b[0m\u001b[0m/Users/jeonghyeongseob/.cargo/git/checkouts/rust-contracts-stylus-7b6f4dfe793ef8eb/20ffabe/contracts/src/access/control.rs:285:27\u001b[0m\n\u001b[0m    \u001b[0m\u001b[0m\u001b[1m\u001b[38;5;12m|\u001b[0m\n\u001b[0m\u001b[1m\u001b[38;5;12m285\u001b[0m\u001b[0m \u001b[0m\u001b[0m\u001b[1m\u001b[38;5;12m|\u001b[0m\u001b[0m \u001b[0m\u001b[0m    ) -> Result<(), Self::Error> {\u001b[0m\n\u001b[0m    \u001b[0m\u001b[0m\u001b[1m\u001b[38;5;12m|\u001b[0m\u001b[0m                           \u001b[0m\u001b[0m\u001b[1m\u001b[38;5;9m^^^^^\u001b[0m\u001b[0m \u001b[0m\u001b[0m\u001b[1m\u001b[38;5;9massociated type `Error` not found\u001b[0m\n\n"}
{"$message_type":"diagnostic","message":"associated type `Error` not found for `Self`","code":{"code":"E0220","explanation":"The associated type used was not defined in the trait.\n\nErroneous code example:\n\n```compile_fail,E0220\ntrait T1 {\n    type Bar;\n}\n\ntype Foo = T1<F=i32>; // error: associated type `F` not found for `T1`\n\n// or:\n\ntrait T2 {\n    type Bar;\n\n    // error: Baz is used but not declared\n    fn return_bool(&self, _: &Self::Bar, _: &Self::Baz) -> bool;\n}\n```\n\nMake sure that you have defined the associated type in the trait body.\nAlso, verify that you used the right trait or you didn't misspell the\nassociated type name. Example:\n\n```\ntrait T1 {\n    type Bar;\n}\n\ntype Foo = T1<Bar=i32>; // ok!\n\n// or:\n\ntrait T2 {\n    type Bar;\n    type Baz; // we declare `Baz` in our trait.\n\n    // and now we can use it here:\n    fn return_bool(&self, _: &Self::Bar, _: &Self::Baz) -> bool;\n}\n```\n"},"level":"error","spans":[{"file_name":"/Users/jeonghyeongseob/.cargo/git/checkouts/rust-contracts-stylus-7b6f4dfe793ef8eb/20ffabe/contracts/src/access/control.rs","byte_start":9752,"byte_end":9757,"line_start":296,"line_end":296,"column_start":27,"column_end":32,"is_primary":true,"text":[{"text":"    ) -> Result<(), Self::Error> {","highlight_start":27,"highlight_end":32}],"label":"associated type `Error` not found","suggested_replacement":null,"suggestion_applicability":null,"expansion":null}],"children":[],"rendered":"\u001b[0m\u001b[1m\u001b[38;5;9merror[E0220]\u001b[0m\u001b[0m\u001b[1m: associated type `Error` not found for `Self`\u001b[0m\n\u001b[0m   \u001b[0m\u001b[0m\u001b[1m\u001b[38;5;12m--> \u001b[0m\u001b[0m/Users/jeonghyeongseob/.cargo/git/checkouts/rust-contracts-stylus-7b6f4dfe793ef8eb/20ffabe/contracts/src/access/control.rs:296:27\u001b[0m\n\u001b[0m    \u001b[0m\u001b[0m\u001b[1m\u001b[38;5;12m|\u001b[0m\n\u001b[0m\u001b[1m\u001b[38;5;12m296\u001b[0m\u001b[0m \u001b[0m\u001b[0m\u001b[1m\u001b[38;5;12m|\u001b[0m\u001b[0m \u001b[0m\u001b[0m    ) -> Result<(), Self::Error> {\u001b[0m\n\u001b[0m    \u001b[0m\u001b[0m\u001b[1m\u001b[38;5;12m|\u001b[0m\u001b[0m                           \u001b[0m\u001b[0m\u001b[1m\u001b[38;5;9m^^^^^\u001b[0m\u001b[0m \u001b[0m\u001b[0m\u001b[1m\u001b[38;5;9massociated type `Error` not found\u001b[0m\n\n"}
{"$message_type":"diagnostic","message":"associated type `Error` not found for `Self`","code":{"code":"E0220","explanation":"The associated type used was not defined in the trait.\n\nErroneous code example:\n\n```compile_fail,E0220\ntrait T1 {\n    type Bar;\n}\n\ntype Foo = T1<F=i32>; // error: associated type `F` not found for `T1`\n\n// or:\n\ntrait T2 {\n    type Bar;\n\n    // error: Baz is used but not declared\n    fn return_bool(&self, _: &Self::Bar, _: &Self::Baz) -> bool;\n}\n```\n\nMake sure that you have defined the associated type in the trait body.\nAlso, verify that you used the right trait or you didn't misspell the\nassociated type name. Example:\n\n```\ntrait T1 {\n    type Bar;\n}\n\ntype Foo = T1<Bar=i32>; // ok!\n\n// or:\n\ntrait T2 {\n    type Bar;\n    type Baz; // we declare `Baz` in our trait.\n\n    // and now we can use it here:\n    fn return_bool(&self, _: &Self::Bar, _: &Self::Baz) -> bool;\n}\n```\n"},"level":"error","spans":[{"file_name":"/Users/jeonghyeongseob/.cargo/git/checkouts/rust-contracts-stylus-7b6f4dfe793ef8eb/20ffabe/contracts/src/access/ownable.rs","byte_start":4239,"byte_end":4244,"line_start":139,"line_end":139,"column_start":27,"column_end":32,"is_primary":true,"text":[{"text":"    ) -> Result<(), Self::Error> {","highlight_start":27,"highlight_end":32}],"label":"associated type `Error` not found","suggested_replacement":null,"suggestion_applicability":null,"expansion":null}],"children":[],"rendered":"\u001b[0m\u001b[1m\u001b[38;5;9merror[E0220]\u001b[0m\u001b[0m\u001b[1m: associated type `Error` not found for `Self`\u001b[0m\n\u001b[0m   \u001b[0m\u001b[0m\u001b[1m\u001b[38;5;12m--> \u001b[0m\u001b[0m/Users/jeonghyeongseob/.cargo/git/checkouts/rust-contracts-stylus-7b6f4dfe793ef8eb/20ffabe/contracts/src/access/ownable.rs:139:27\u001b[0m\n\u001b[0m    \u001b[0m\u001b[0m\u001b[1m\u001b[38;5;12m|\u001b[0m\n\u001b[0m\u001b[1m\u001b[38;5;12m139\u001b[0m\u001b[0m \u001b[0m\u001b[0m\u001b[1m\u001b[38;5;12m|\u001b[0m\u001b[0m \u001b[0m\u001b[0m    ) -> Result<(), Self::Error> {\u001b[0m\n\u001b[0m    \u001b[0m\u001b[0m\u001b[1m\u001b[38;5;12m|\u001b[0m\u001b[0m                           \u001b[0m\u001b[0m\u001b[1m\u001b[38;5;9m^^^^^\u001b[0m\u001b[0m \u001b[0m\u001b[0m\u001b[1m\u001b[38;5;9massociated type `Error` not found\u001b[0m\n\n"}
{"$message_type":"diagnostic","message":"associated type `Error` not found for `Self`","code":{"code":"E0220","explanation":"The associated type used was not defined in the trait.\n\nErroneous code example:\n\n```compile_fail,E0220\ntrait T1 {\n    type Bar;\n}\n\ntype Foo = T1<F=i32>; // error: associated type `F` not found for `T1`\n\n// or:\n\ntrait T2 {\n    type Bar;\n\n    // error: Baz is used but not declared\n    fn return_bool(&self, _: &Self::Bar, _: &Self::Baz) -> bool;\n}\n```\n\nMake sure that you have defined the associated type in the trait body.\nAlso, verify that you used the right trait or you didn't misspell the\nassociated type name. Example:\n\n```\ntrait T1 {\n    type Bar;\n}\n\ntype Foo = T1<Bar=i32>; // ok!\n\n// or:\n\ntrait T2 {\n    type Bar;\n    type Baz; // we declare `Baz` in our trait.\n\n    // and now we can use it here:\n    fn return_bool(&self, _: &Self::Bar, _: &Self::Baz) -> bool;\n}\n```\n"},"level":"error","spans":[{"file_name":"/Users/jeonghyeongseob/.cargo/git/checkouts/rust-contracts-stylus-7b6f4dfe793ef8eb/20ffabe/contracts/src/access/ownable.rs","byte_start":4566,"byte_end":4571,"line_start":153,"line_end":153,"column_start":58,"column_end":63,"is_primary":true,"text":[{"text":"    fn renounce_ownership(&mut self) -> Result<(), Self::Error> {","highlight_start":58,"highlight_end":63}],"label":"associated type `Error` not found","suggested_replacement":null,"suggestion_applicability":null,"expansion":null}],"children":[],"rendered":"\u001b[0m\u001b[1m\u001b[38;5;9merror[E0220]\u001b[0m\u001b[0m\u001b[1m: associated type `Error` not found for `Self`\u001b[0m\n\u001b[0m   \u001b[0m\u001b[0m\u001b[1m\u001b[38;5;12m--> \u001b[0m\u001b[0m/Users/jeonghyeongseob/.cargo/git/checkouts/rust-contracts-stylus-7b6f4dfe793ef8eb/20ffabe/contracts/src/access/ownable.rs:153:58\u001b[0m\n\u001b[0m    \u001b[0m\u001b[0m\u001b[1m\u001b[38;5;12m|\u001b[0m\n\u001b[0m\u001b[1m\u001b[38;5;12m153\u001b[0m\u001b[0m \u001b[0m\u001b[0m\u001b[1m\u001b[38;5;12m|\u001b[0m\u001b[0m \u001b[0m\u001b[0m    fn renounce_ownership(&mut self) -> Result<(), Self::Error> {\u001b[0m\n\u001b[0m    \u001b[0m\u001b[0m\u001b[1m\u001b[38;5;12m|\u001b[0m\u001b[0m                                                          \u001b[0m\u001b[0m\u001b[1m\u001b[38;5;9m^^^^^\u001b[0m\u001b[0m \u001b[0m\u001b[0m\u001b[1m\u001b[38;5;9massociated type `Error` not found\u001b[0m\n\n"}
{"$message_type":"diagnostic","message":"associated type `Error` not found for `Self`","code":{"code":"E0220","explanation":"The associated type used was not defined in the trait.\n\nErroneous code example:\n\n```compile_fail,E0220\ntrait T1 {\n    type Bar;\n}\n\ntype Foo = T1<F=i32>; // error: associated type `F` not found for `T1`\n\n// or:\n\ntrait T2 {\n    type Bar;\n\n    // error: Baz is used but not declared\n    fn return_bool(&self, _: &Self::Bar, _: &Self::Baz) -> bool;\n}\n```\n\nMake sure that you have defined the associated type in the trait body.\nAlso, verify that you used the right trait or you didn't misspell the\nassociated type name. Example:\n\n```\ntrait T1 {\n    type Bar;\n}\n\ntype Foo = T1<Bar=i32>; // ok!\n\n// or:\n\ntrait T2 {\n    type Bar;\n    type Baz; // we declare `Baz` in our trait.\n\n    // and now we can use it here:\n    fn return_bool(&self, _: &Self::Bar, _: &Self::Baz) -> bool;\n}\n```\n"},"level":"error","spans":[{"file_name":"/Users/jeonghyeongseob/.cargo/git/checkouts/rust-contracts-stylus-7b6f4dfe793ef8eb/20ffabe/contracts/src/access/ownable_two_step.rs","byte_start":5250,"byte_end":5255,"line_start":175,"line_end":175,"column_start":27,"column_end":32,"is_primary":true,"text":[{"text":"    ) -> Result<(), Self::Error> {","highlight_start":27,"highlight_end":32}],"label":"associated type `Error` not found","suggested_replacement":null,"suggestion_applicability":null,"expansion":null}],"children":[],"rendered":"\u001b[0m\u001b[1m\u001b[38;5;9merror[E0220]\u001b[0m\u001b[0m\u001b[1m: associated type `Error` not found for `Self`\u001b[0m\n\u001b[0m   \u001b[0m\u001b[0m\u001b[1m\u001b[38;5;12m--> \u001b[0m\u001b[0m/Users/jeonghyeongseob/.cargo/git/checkouts/rust-contracts-stylus-7b6f4dfe793ef8eb/20ffabe/contracts/src/access/ownable_two_step.rs:175:27\u001b[0m\n\u001b[0m    \u001b[0m\u001b[0m\u001b[1m\u001b[38;5;12m|\u001b[0m\n\u001b[0m\u001b[1m\u001b[38;5;12m175\u001b[0m\u001b[0m \u001b[0m\u001b[0m\u001b[1m\u001b[38;5;12m|\u001b[0m\u001b[0m \u001b[0m\u001b[0m    ) -> Result<(), Self::Error> {\u001b[0m\n\u001b[0m    \u001b[0m\u001b[0m\u001b[1m\u001b[38;5;12m|\u001b[0m\u001b[0m                           \u001b[0m\u001b[0m\u001b[1m\u001b[38;5;9m^^^^^\u001b[0m\u001b[0m \u001b[0m\u001b[0m\u001b[1m\u001b[38;5;9massociated type `Error` not found\u001b[0m\n\n"}
{"$message_type":"diagnostic","message":"associated type `Error` not found for `Self`","code":{"code":"E0220","explanation":"The associated type used was not defined in the trait.\n\nErroneous code example:\n\n```compile_fail,E0220\ntrait T1 {\n    type Bar;\n}\n\ntype Foo = T1<F=i32>; // error: associated type `F` not found for `T1`\n\n// or:\n\ntrait T2 {\n    type Bar;\n\n    // error: Baz is used but not declared\n    fn return_bool(&self, _: &Self::Bar, _: &Self::Baz) -> bool;\n}\n```\n\nMake sure that you have defined the associated type in the trait body.\nAlso, verify that you used the right trait or you didn't misspell the\nassociated type name. Example:\n\n```\ntrait T1 {\n    type Bar;\n}\n\ntype Foo = T1<Bar=i32>; // ok!\n\n// or:\n\ntrait T2 {\n    type Bar;\n    type Baz; // we declare `Baz` in our trait.\n\n    // and now we can use it here:\n    fn return_bool(&self, _: &Self::Bar, _: &Self::Baz) -> bool;\n}\n```\n"},"level":"error","spans":[{"file_name":"/Users/jeonghyeongseob/.cargo/git/checkouts/rust-contracts-stylus-7b6f4dfe793ef8eb/20ffabe/contracts/src/access/ownable_two_step.rs","byte_start":5580,"byte_end":5585,"line_start":187,"line_end":187,"column_start":56,"column_end":61,"is_primary":true,"text":[{"text":"    fn accept_ownership(&mut self) -> Result<(), Self::Error> {","highlight_start":56,"highlight_end":61}],"label":"associated type `Error` not found","suggested_replacement":null,"suggestion_applicability":null,"expansion":null}],"children":[],"rendered":"\u001b[0m\u001b[1m\u001b[38;5;9merror[E0220]\u001b[0m\u001b[0m\u001b[1m: associated type `Error` not found for `Self`\u001b[0m\n\u001b[0m   \u001b[0m\u001b[0m\u001b[1m\u001b[38;5;12m--> \u001b[0m\u001b[0m/Users/jeonghyeongseob/.cargo/git/checkouts/rust-contracts-stylus-7b6f4dfe793ef8eb/20ffabe/contracts/src/access/ownable_two_step.rs:187:56\u001b[0m\n\u001b[0m    \u001b[0m\u001b[0m\u001b[1m\u001b[38;5;12m|\u001b[0m\n\u001b[0m\u001b[1m\u001b[38;5;12m187\u001b[0m\u001b[0m \u001b[0m\u001b[0m\u001b[1m\u001b[38;5;12m|\u001b[0m\u001b[0m \u001b[0m\u001b[0m    fn accept_ownership(&mut self) -> Result<(), Self::Error> {\u001b[0m\n\u001b[0m    \u001b[0m\u001b[0m\u001b[1m\u001b[38;5;12m|\u001b[0m\u001b[0m                                                        \u001b[0m\u001b[0m\u001b[1m\u001b[38;5;9m^^^^^\u001b[0m\u001b[0m \u001b[0m\u001b[0m\u001b[1m\u001b[38;5;9massociated type `Error` not found\u001b[0m\n\n"}
{"$message_type":"diagnostic","message":"associated type `Error` not found for `Self`","code":{"code":"E0220","explanation":"The associated type used was not defined in the trait.\n\nErroneous code example:\n\n```compile_fail,E0220\ntrait T1 {\n    type Bar;\n}\n\ntype Foo = T1<F=i32>; // error: associated type `F` not found for `T1`\n\n// or:\n\ntrait T2 {\n    type Bar;\n\n    // error: Baz is used but not declared\n    fn return_bool(&self, _: &Self::Bar, _: &Self::Baz) -> bool;\n}\n```\n\nMake sure that you have defined the associated type in the trait body.\nAlso, verify that you used the right trait or you didn't misspell the\nassociated type name. Example:\n\n```\ntrait T1 {\n    type Bar;\n}\n\ntype Foo = T1<Bar=i32>; // ok!\n\n// or:\n\ntrait T2 {\n    type Bar;\n    type Baz; // we declare `Baz` in our trait.\n\n    // and now we can use it here:\n    fn return_bool(&self, _: &Self::Bar, _: &Self::Baz) -> bool;\n}\n```\n"},"level":"error","spans":[{"file_name":"/Users/jeonghyeongseob/.cargo/git/checkouts/rust-contracts-stylus-7b6f4dfe793ef8eb/20ffabe/contracts/src/access/ownable_two_step.rs","byte_start":5983,"byte_end":5988,"line_start":199,"line_end":199,"column_start":58,"column_end":63,"is_primary":true,"text":[{"text":"    fn renounce_ownership(&mut self) -> Result<(), Self::Error> {","highlight_start":58,"highlight_end":63}],"label":"associated type `Error` not found","suggested_replacement":null,"suggestion_applicability":null,"expansion":null}],"children":[],"rendered":"\u001b[0m\u001b[1m\u001b[38;5;9merror[E0220]\u001b[0m\u001b[0m\u001b[1m: associated type `Error` not found for `Self`\u001b[0m\n\u001b[0m   \u001b[0m\u001b[0m\u001b[1m\u001b[38;5;12m--> \u001b[0m\u001b[0m/Users/jeonghyeongseob/.cargo/git/checkouts/rust-contracts-stylus-7b6f4dfe793ef8eb/20ffabe/contracts/src/access/ownable_two_step.rs:199:58\u001b[0m\n\u001b[0m    \u001b[0m\u001b[0m\u001b[1m\u001b[38;5;12m|\u001b[0m\n\u001b[0m\u001b[1m\u001b[38;5;12m199\u001b[0m\u001b[0m \u001b[0m\u001b[0m\u001b[1m\u001b[38;5;12m|\u001b[0m\u001b[0m \u001b[0m\u001b[0m    fn renounce_ownership(&mut self) -> Result<(), Self::Error> {\u001b[0m\n\u001b[0m    \u001b[0m\u001b[0m\u001b[1m\u001b[38;5;12m|\u001b[0m\u001b[0m                                                          \u001b[0m\u001b[0m\u001b[1m\u001b[38;5;9m^^^^^\u001b[0m\u001b[0m \u001b[0m\u001b[0m\u001b[1m\u001b[38;5;9massociated type `Error` not found\u001b[0m\n\n"}
{"$message_type":"diagnostic","message":"the trait bound `ownable::Error: SolError` is not satisfied","code":{"code":"E0277","explanation":"You tried to use a type which doesn't implement some trait in a place which\nexpected that trait.\n\nErroneous code example:\n\n```compile_fail,E0277\n// here we declare the Foo trait with a bar method\ntrait Foo {\n    fn bar(&self);\n}\n\n// we now declare a function which takes an object implementing the Foo trait\nfn some_func<T: Foo>(foo: T) {\n    foo.bar();\n}\n\nfn main() {\n    // we now call the method with the i32 type, which doesn't implement\n    // the Foo trait\n    some_func(5i32); // error: the trait bound `i32 : Foo` is not satisfied\n}\n```\n\nIn order to fix this error, verify that the type you're using does implement\nthe trait. Example:\n\n```\ntrait Foo {\n    fn bar(&self);\n}\n\n// we implement the trait on the i32 type\nimpl Foo for i32 {\n    fn bar(&self) {}\n}\n\nfn some_func<T: Foo>(foo: T) {\n    foo.bar(); // we can now use this method since i32 implements the\n               // Foo trait\n}\n\nfn main() {\n    some_func(5i32); // ok!\n}\n```\n\nOr in a generic context, an erroneous code example would look like:\n\n```compile_fail,E0277\nfn some_func<T>(foo: T) {\n    println!(\"{:?}\", foo); // error: the trait `core::fmt::Debug` is not\n                           //        implemented for the type `T`\n}\n\nfn main() {\n    // We now call the method with the i32 type,\n    // which *does* implement the Debug trait.\n    some_func(5i32);\n}\n```\n\nNote that the error here is in the definition of the generic function. Although\nwe only call it with a parameter that does implement `Debug`, the compiler\nstill rejects the function. It must work with all possible input types. In\norder to make this example compile, we need to restrict the generic type we're\naccepting:\n\n```\nuse std::fmt;\n\n// Restrict the input type to types that implement Debug.\nfn some_func<T: fmt::Debug>(foo: T) {\n    println!(\"{:?}\", foo);\n}\n\nfn main() {\n    // Calling the method is still fine, as i32 implements Debug.\n    some_func(5i32);\n\n    // This would fail to compile now:\n    // struct WithoutDebug;\n    // some_func(WithoutDebug);\n}\n```\n\nRust only looks at the signature of the called function, as such it must\nalready specify all requirements that will be used for every type parameter.\n"},"level":"error","spans":[{"file_name":"/Users/jeonghyeongseob/.cargo/git/checkouts/rust-contracts-stylus-7b6f4dfe793ef8eb/20ffabe/contracts/src/finance/vesting_wallet.rs","byte_start":3291,"byte_end":3305,"line_start":93,"line_end":93,"column_start":13,"column_end":27,"is_primary":true,"text":[{"text":"    Ownable(ownable::Error),","highlight_start":13,"highlight_end":27}],"label":"the trait `SolError` is not implemented for `ownable::Error`","suggested_replacement":null,"suggestion_applicability":null,"expansion":null}],"children":[{"message":"the following other types implement trait `SolError`:\n  ReleaseEtherFailed\n  alloy_sol_types::Panic\n  alloy_sol_types::Revert\n  capped::sol::ERC20ExceededCap\n  capped::sol::ERC20InvalidCap\n  checkpoints::sol::CheckpointUnorderedInsertion\n  consecutive::sol::ERC721ExceededMaxBatchMint\n  consecutive::sol::ERC721ForbiddenBatchBurn\nand 56 others","code":null,"level":"help","spans":[],"children":[],"rendered":null}],"rendered":"\u001b[0m\u001b[1m\u001b[38;5;9merror[E0277]\u001b[0m\u001b[0m\u001b[1m: the trait bound `ownable::Error: SolError` is not satisfied\u001b[0m\n\u001b[0m  \u001b[0m\u001b[0m\u001b[1m\u001b[38;5;12m--> \u001b[0m\u001b[0m/Users/jeonghyeongseob/.cargo/git/checkouts/rust-contracts-stylus-7b6f4dfe793ef8eb/20ffabe/contracts/src/finance/vesting_wallet.rs:93:13\u001b[0m\n\u001b[0m   \u001b[0m\u001b[0m\u001b[1m\u001b[38;5;12m|\u001b[0m\n\u001b[0m\u001b[1m\u001b[38;5;12m93\u001b[0m\u001b[0m \u001b[0m\u001b[0m\u001b[1m\u001b[38;5;12m|\u001b[0m\u001b[0m \u001b[0m\u001b[0m    Ownable(ownable::Error),\u001b[0m\n\u001b[0m   \u001b[0m\u001b[0m\u001b[1m\u001b[38;5;12m|\u001b[0m\u001b[0m             \u001b[0m\u001b[0m\u001b[1m\u001b[38;5;9m^^^^^^^^^^^^^^\u001b[0m\u001b[0m \u001b[0m\u001b[0m\u001b[1m\u001b[38;5;9mthe trait `SolError` is not implemented for `ownable::Error`\u001b[0m\n\u001b[0m   \u001b[0m\u001b[0m\u001b[1m\u001b[38;5;12m|\u001b[0m\n\u001b[0m   \u001b[0m\u001b[0m\u001b[1m\u001b[38;5;12m= \u001b[0m\u001b[0m\u001b[1mhelp\u001b[0m\u001b[0m: the following other types implement trait `SolError`:\u001b[0m\n\u001b[0m             ReleaseEtherFailed\u001b[0m\n\u001b[0m             alloy_sol_types::Panic\u001b[0m\n\u001b[0m             alloy_sol_types::Revert\u001b[0m\n\u001b[0m             capped::sol::ERC20ExceededCap\u001b[0m\n\u001b[0m             capped::sol::ERC20InvalidCap\u001b[0m\n\u001b[0m             checkpoints::sol::CheckpointUnorderedInsertion\u001b[0m\n\u001b[0m             consecutive::sol::ERC721ExceededMaxBatchMint\u001b[0m\n\u001b[0m             consecutive::sol::ERC721ForbiddenBatchBurn\u001b[0m\n\u001b[0m           and 56 others\u001b[0m\n\n"}
{"$message_type":"diagnostic","message":"the trait bound `stylus_sdk::call::Error: SolError` is not satisfied","code":{"code":"E0277","explanation":"You tried to use a type which doesn't implement some trait in a place which\nexpected that trait.\n\nErroneous code example:\n\n```compile_fail,E0277\n// here we declare the Foo trait with a bar method\ntrait Foo {\n    fn bar(&self);\n}\n\n// we now declare a function which takes an object implementing the Foo trait\nfn some_func<T: Foo>(foo: T) {\n    foo.bar();\n}\n\nfn main() {\n    // we now call the method with the i32 type, which doesn't implement\n    // the Foo trait\n    some_func(5i32); // error: the trait bound `i32 : Foo` is not satisfied\n}\n```\n\nIn order to fix this error, verify that the type you're using does implement\nthe trait. Example:\n\n```\ntrait Foo {\n    fn bar(&self);\n}\n\n// we implement the trait on the i32 type\nimpl Foo for i32 {\n    fn bar(&self) {}\n}\n\nfn some_func<T: Foo>(foo: T) {\n    foo.bar(); // we can now use this method since i32 implements the\n               // Foo trait\n}\n\nfn main() {\n    some_func(5i32); // ok!\n}\n```\n\nOr in a generic context, an erroneous code example would look like:\n\n```compile_fail,E0277\nfn some_func<T>(foo: T) {\n    println!(\"{:?}\", foo); // error: the trait `core::fmt::Debug` is not\n                           //        implemented for the type `T`\n}\n\nfn main() {\n    // We now call the method with the i32 type,\n    // which *does* implement the Debug trait.\n    some_func(5i32);\n}\n```\n\nNote that the error here is in the definition of the generic function. Although\nwe only call it with a parameter that does implement `Debug`, the compiler\nstill rejects the function. It must work with all possible input types. In\norder to make this example compile, we need to restrict the generic type we're\naccepting:\n\n```\nuse std::fmt;\n\n// Restrict the input type to types that implement Debug.\nfn some_func<T: fmt::Debug>(foo: T) {\n    println!(\"{:?}\", foo);\n}\n\nfn main() {\n    // Calling the method is still fine, as i32 implements Debug.\n    some_func(5i32);\n\n    // This would fail to compile now:\n    // struct WithoutDebug;\n    // some_func(WithoutDebug);\n}\n```\n\nRust only looks at the signature of the called function, as such it must\nalready specify all requirements that will be used for every type parameter.\n"},"level":"error","spans":[{"file_name":"/Users/jeonghyeongseob/.cargo/git/checkouts/rust-contracts-stylus-7b6f4dfe793ef8eb/20ffabe/contracts/src/finance/vesting_wallet.rs","byte_start":3400,"byte_end":3411,"line_start":95,"line_end":95,"column_start":24,"column_end":35,"is_primary":true,"text":[{"text":"    ReleaseEtherFailed(call::Error),","highlight_start":24,"highlight_end":35}],"label":"the trait `SolError` is not implemented for `stylus_sdk::call::Error`","suggested_replacement":null,"suggestion_applicability":null,"expansion":null}],"children":[{"message":"the following other types implement trait `SolError`:\n  ReleaseEtherFailed\n  alloy_sol_types::Panic\n  alloy_sol_types::Revert\n  capped::sol::ERC20ExceededCap\n  capped::sol::ERC20InvalidCap\n  checkpoints::sol::CheckpointUnorderedInsertion\n  consecutive::sol::ERC721ExceededMaxBatchMint\n  consecutive::sol::ERC721ForbiddenBatchBurn\nand 56 others","code":null,"level":"help","spans":[],"children":[],"rendered":null}],"rendered":"\u001b[0m\u001b[1m\u001b[38;5;9merror[E0277]\u001b[0m\u001b[0m\u001b[1m: the trait bound `stylus_sdk::call::Error: SolError` is not satisfied\u001b[0m\n\u001b[0m  \u001b[0m\u001b[0m\u001b[1m\u001b[38;5;12m--> \u001b[0m\u001b[0m/Users/jeonghyeongseob/.cargo/git/checkouts/rust-contracts-stylus-7b6f4dfe793ef8eb/20ffabe/contracts/src/finance/vesting_wallet.rs:95:24\u001b[0m\n\u001b[0m   \u001b[0m\u001b[0m\u001b[1m\u001b[38;5;12m|\u001b[0m\n\u001b[0m\u001b[1m\u001b[38;5;12m95\u001b[0m\u001b[0m \u001b[0m\u001b[0m\u001b[1m\u001b[38;5;12m|\u001b[0m\u001b[0m \u001b[0m\u001b[0m    ReleaseEtherFailed(call::Error),\u001b[0m\n\u001b[0m   \u001b[0m\u001b[0m\u001b[1m\u001b[38;5;12m|\u001b[0m\u001b[0m                        \u001b[0m\u001b[0m\u001b[1m\u001b[38;5;9m^^^^^^^^^^^\u001b[0m\u001b[0m \u001b[0m\u001b[0m\u001b[1m\u001b[38;5;9mthe trait `SolError` is not implemented for `stylus_sdk::call::Error`\u001b[0m\n\u001b[0m   \u001b[0m\u001b[0m\u001b[1m\u001b[38;5;12m|\u001b[0m\n\u001b[0m   \u001b[0m\u001b[0m\u001b[1m\u001b[38;5;12m= \u001b[0m\u001b[0m\u001b[1mhelp\u001b[0m\u001b[0m: the following other types implement trait `SolError`:\u001b[0m\n\u001b[0m             ReleaseEtherFailed\u001b[0m\n\u001b[0m             alloy_sol_types::Panic\u001b[0m\n\u001b[0m             alloy_sol_types::Revert\u001b[0m\n\u001b[0m             capped::sol::ERC20ExceededCap\u001b[0m\n\u001b[0m             capped::sol::ERC20InvalidCap\u001b[0m\n\u001b[0m             checkpoints::sol::CheckpointUnorderedInsertion\u001b[0m\n\u001b[0m             consecutive::sol::ERC721ExceededMaxBatchMint\u001b[0m\n\u001b[0m             consecutive::sol::ERC721ForbiddenBatchBurn\u001b[0m\n\u001b[0m           and 56 others\u001b[0m\n\n"}
{"$message_type":"diagnostic","message":"the trait bound `safe_erc20::Error: SolError` is not satisfied","code":{"code":"E0277","explanation":"You tried to use a type which doesn't implement some trait in a place which\nexpected that trait.\n\nErroneous code example:\n\n```compile_fail,E0277\n// here we declare the Foo trait with a bar method\ntrait Foo {\n    fn bar(&self);\n}\n\n// we now declare a function which takes an object implementing the Foo trait\nfn some_func<T: Foo>(foo: T) {\n    foo.bar();\n}\n\nfn main() {\n    // we now call the method with the i32 type, which doesn't implement\n    // the Foo trait\n    some_func(5i32); // error: the trait bound `i32 : Foo` is not satisfied\n}\n```\n\nIn order to fix this error, verify that the type you're using does implement\nthe trait. Example:\n\n```\ntrait Foo {\n    fn bar(&self);\n}\n\n// we implement the trait on the i32 type\nimpl Foo for i32 {\n    fn bar(&self) {}\n}\n\nfn some_func<T: Foo>(foo: T) {\n    foo.bar(); // we can now use this method since i32 implements the\n               // Foo trait\n}\n\nfn main() {\n    some_func(5i32); // ok!\n}\n```\n\nOr in a generic context, an erroneous code example would look like:\n\n```compile_fail,E0277\nfn some_func<T>(foo: T) {\n    println!(\"{:?}\", foo); // error: the trait `core::fmt::Debug` is not\n                           //        implemented for the type `T`\n}\n\nfn main() {\n    // We now call the method with the i32 type,\n    // which *does* implement the Debug trait.\n    some_func(5i32);\n}\n```\n\nNote that the error here is in the definition of the generic function. Although\nwe only call it with a parameter that does implement `Debug`, the compiler\nstill rejects the function. It must work with all possible input types. In\norder to make this example compile, we need to restrict the generic type we're\naccepting:\n\n```\nuse std::fmt;\n\n// Restrict the input type to types that implement Debug.\nfn some_func<T: fmt::Debug>(foo: T) {\n    println!(\"{:?}\", foo);\n}\n\nfn main() {\n    // Calling the method is still fine, as i32 implements Debug.\n    some_func(5i32);\n\n    // This would fail to compile now:\n    // struct WithoutDebug;\n    // some_func(WithoutDebug);\n}\n```\n\nRust only looks at the signature of the called function, as such it must\nalready specify all requirements that will be used for every type parameter.\n"},"level":"error","spans":[{"file_name":"/Users/jeonghyeongseob/.cargo/git/checkouts/rust-contracts-stylus-7b6f4dfe793ef8eb/20ffabe/contracts/src/finance/vesting_wallet.rs","byte_start":3498,"byte_end":3515,"line_start":97,"line_end":97,"column_start":15,"column_end":32,"is_primary":true,"text":[{"text":"    SafeErc20(safe_erc20::Error),","highlight_start":15,"highlight_end":32}],"label":"the trait `SolError` is not implemented for `safe_erc20::Error`","suggested_replacement":null,"suggestion_applicability":null,"expansion":null}],"children":[{"message":"the following other types implement trait `SolError`:\n  ReleaseEtherFailed\n  alloy_sol_types::Panic\n  alloy_sol_types::Revert\n  capped::sol::ERC20ExceededCap\n  capped::sol::ERC20InvalidCap\n  checkpoints::sol::CheckpointUnorderedInsertion\n  consecutive::sol::ERC721ExceededMaxBatchMint\n  consecutive::sol::ERC721ForbiddenBatchBurn\nand 56 others","code":null,"level":"help","spans":[],"children":[],"rendered":null}],"rendered":"\u001b[0m\u001b[1m\u001b[38;5;9merror[E0277]\u001b[0m\u001b[0m\u001b[1m: the trait bound `safe_erc20::Error: SolError` is not satisfied\u001b[0m\n\u001b[0m  \u001b[0m\u001b[0m\u001b[1m\u001b[38;5;12m--> \u001b[0m\u001b[0m/Users/jeonghyeongseob/.cargo/git/checkouts/rust-contracts-stylus-7b6f4dfe793ef8eb/20ffabe/contracts/src/finance/vesting_wallet.rs:97:15\u001b[0m\n\u001b[0m   \u001b[0m\u001b[0m\u001b[1m\u001b[38;5;12m|\u001b[0m\n\u001b[0m\u001b[1m\u001b[38;5;12m97\u001b[0m\u001b[0m \u001b[0m\u001b[0m\u001b[1m\u001b[38;5;12m|\u001b[0m\u001b[0m \u001b[0m\u001b[0m    SafeErc20(safe_erc20::Error),\u001b[0m\n\u001b[0m   \u001b[0m\u001b[0m\u001b[1m\u001b[38;5;12m|\u001b[0m\u001b[0m               \u001b[0m\u001b[0m\u001b[1m\u001b[38;5;9m^^^^^^^^^^^^^^^^^\u001b[0m\u001b[0m \u001b[0m\u001b[0m\u001b[1m\u001b[38;5;9mthe trait `SolError` is not implemented for `safe_erc20::Error`\u001b[0m\n\u001b[0m   \u001b[0m\u001b[0m\u001b[1m\u001b[38;5;12m|\u001b[0m\n\u001b[0m   \u001b[0m\u001b[0m\u001b[1m\u001b[38;5;12m= \u001b[0m\u001b[0m\u001b[1mhelp\u001b[0m\u001b[0m: the following other types implement trait `SolError`:\u001b[0m\n\u001b[0m             ReleaseEtherFailed\u001b[0m\n\u001b[0m             alloy_sol_types::Panic\u001b[0m\n\u001b[0m             alloy_sol_types::Revert\u001b[0m\n\u001b[0m             capped::sol::ERC20ExceededCap\u001b[0m\n\u001b[0m             capped::sol::ERC20InvalidCap\u001b[0m\n\u001b[0m             checkpoints::sol::CheckpointUnorderedInsertion\u001b[0m\n\u001b[0m             consecutive::sol::ERC721ExceededMaxBatchMint\u001b[0m\n\u001b[0m             consecutive::sol::ERC721ForbiddenBatchBurn\u001b[0m\n\u001b[0m           and 56 others\u001b[0m\n\n"}
{"$message_type":"diagnostic","message":"associated type `Error` not found for `Self`","code":{"code":"E0220","explanation":"The associated type used was not defined in the trait.\n\nErroneous code example:\n\n```compile_fail,E0220\ntrait T1 {\n    type Bar;\n}\n\ntype Foo = T1<F=i32>; // error: associated type `F` not found for `T1`\n\n// or:\n\ntrait T2 {\n    type Bar;\n\n    // error: Baz is used but not declared\n    fn return_bool(&self, _: &Self::Bar, _: &Self::Baz) -> bool;\n}\n```\n\nMake sure that you have defined the associated type in the trait body.\nAlso, verify that you used the right trait or you didn't misspell the\nassociated type name. Example:\n\n```\ntrait T1 {\n    type Bar;\n}\n\ntype Foo = T1<Bar=i32>; // ok!\n\n// or:\n\ntrait T2 {\n    type Bar;\n    type Baz; // we declare `Baz` in our trait.\n\n    // and now we can use it here:\n    fn return_bool(&self, _: &Self::Bar, _: &Self::Baz) -> bool;\n}\n```\n"},"level":"error","spans":[{"file_name":"/Users/jeonghyeongseob/.cargo/git/checkouts/rust-contracts-stylus-7b6f4dfe793ef8eb/20ffabe/contracts/src/finance/vesting_wallet.rs","byte_start":11579,"byte_end":11584,"line_start":361,"line_end":361,"column_start":27,"column_end":32,"is_primary":true,"text":[{"text":"    ) -> Result<(), Self::Error> {","highlight_start":27,"highlight_end":32}],"label":"associated type `Error` not found","suggested_replacement":null,"suggestion_applicability":null,"expansion":null}],"children":[],"rendered":"\u001b[0m\u001b[1m\u001b[38;5;9merror[E0220]\u001b[0m\u001b[0m\u001b[1m: associated type `Error` not found for `Self`\u001b[0m\n\u001b[0m   \u001b[0m\u001b[0m\u001b[1m\u001b[38;5;12m--> \u001b[0m\u001b[0m/Users/jeonghyeongseob/.cargo/git/checkouts/rust-contracts-stylus-7b6f4dfe793ef8eb/20ffabe/contracts/src/finance/vesting_wallet.rs:361:27\u001b[0m\n\u001b[0m    \u001b[0m\u001b[0m\u001b[1m\u001b[38;5;12m|\u001b[0m\n\u001b[0m\u001b[1m\u001b[38;5;12m361\u001b[0m\u001b[0m \u001b[0m\u001b[0m\u001b[1m\u001b[38;5;12m|\u001b[0m\u001b[0m \u001b[0m\u001b[0m    ) -> Result<(), Self::Error> {\u001b[0m\n\u001b[0m    \u001b[0m\u001b[0m\u001b[1m\u001b[38;5;12m|\u001b[0m\u001b[0m                           \u001b[0m\u001b[0m\u001b[1m\u001b[38;5;9m^^^^^\u001b[0m\u001b[0m \u001b[0m\u001b[0m\u001b[1m\u001b[38;5;9massociated type `Error` not found\u001b[0m\n\n"}
{"$message_type":"diagnostic","message":"associated type `Error` not found for `Self`","code":{"code":"E0220","explanation":"The associated type used was not defined in the trait.\n\nErroneous code example:\n\n```compile_fail,E0220\ntrait T1 {\n    type Bar;\n}\n\ntype Foo = T1<F=i32>; // error: associated type `F` not found for `T1`\n\n// or:\n\ntrait T2 {\n    type Bar;\n\n    // error: Baz is used but not declared\n    fn return_bool(&self, _: &Self::Bar, _: &Self::Baz) -> bool;\n}\n```\n\nMake sure that you have defined the associated type in the trait body.\nAlso, verify that you used the right trait or you didn't misspell the\nassociated type name. Example:\n\n```\ntrait T1 {\n    type Bar;\n}\n\ntype Foo = T1<Bar=i32>; // ok!\n\n// or:\n\ntrait T2 {\n    type Bar;\n    type Baz; // we declare `Baz` in our trait.\n\n    // and now we can use it here:\n    fn return_bool(&self, _: &Self::Bar, _: &Self::Baz) -> bool;\n}\n```\n"},"level":"error","spans":[{"file_name":"/Users/jeonghyeongseob/.cargo/git/checkouts/rust-contracts-stylus-7b6f4dfe793ef8eb/20ffabe/contracts/src/finance/vesting_wallet.rs","byte_start":11708,"byte_end":11713,"line_start":365,"line_end":365,"column_start":58,"column_end":63,"is_primary":true,"text":[{"text":"    fn renounce_ownership(&mut self) -> Result<(), Self::Error> {","highlight_start":58,"highlight_end":63}],"label":"associated type `Error` not found","suggested_replacement":null,"suggestion_applicability":null,"expansion":null}],"children":[],"rendered":"\u001b[0m\u001b[1m\u001b[38;5;9merror[E0220]\u001b[0m\u001b[0m\u001b[1m: associated type `Error` not found for `Self`\u001b[0m\n\u001b[0m   \u001b[0m\u001b[0m\u001b[1m\u001b[38;5;12m--> \u001b[0m\u001b[0m/Users/jeonghyeongseob/.cargo/git/checkouts/rust-contracts-stylus-7b6f4dfe793ef8eb/20ffabe/contracts/src/finance/vesting_wallet.rs:365:58\u001b[0m\n\u001b[0m    \u001b[0m\u001b[0m\u001b[1m\u001b[38;5;12m|\u001b[0m\n\u001b[0m\u001b[1m\u001b[38;5;12m365\u001b[0m\u001b[0m \u001b[0m\u001b[0m\u001b[1m\u001b[38;5;12m|\u001b[0m\u001b[0m \u001b[0m\u001b[0m    fn renounce_ownership(&mut self) -> Result<(), Self::Error> {\u001b[0m\n\u001b[0m    \u001b[0m\u001b[0m\u001b[1m\u001b[38;5;12m|\u001b[0m\u001b[0m                                                          \u001b[0m\u001b[0m\u001b[1m\u001b[38;5;9m^^^^^\u001b[0m\u001b[0m \u001b[0m\u001b[0m\u001b[1m\u001b[38;5;9massociated type `Error` not found\u001b[0m\n\n"}
{"$message_type":"diagnostic","message":"associated type `Error` not found for `Self`","code":{"code":"E0220","explanation":"The associated type used was not defined in the trait.\n\nErroneous code example:\n\n```compile_fail,E0220\ntrait T1 {\n    type Bar;\n}\n\ntype Foo = T1<F=i32>; // error: associated type `F` not found for `T1`\n\n// or:\n\ntrait T2 {\n    type Bar;\n\n    // error: Baz is used but not declared\n    fn return_bool(&self, _: &Self::Bar, _: &Self::Baz) -> bool;\n}\n```\n\nMake sure that you have defined the associated type in the trait body.\nAlso, verify that you used the right trait or you didn't misspell the\nassociated type name. Example:\n\n```\ntrait T1 {\n    type Bar;\n}\n\ntype Foo = T1<Bar=i32>; // ok!\n\n// or:\n\ntrait T2 {\n    type Bar;\n    type Baz; // we declare `Baz` in our trait.\n\n    // and now we can use it here:\n    fn return_bool(&self, _: &Self::Bar, _: &Self::Baz) -> bool;\n}\n```\n"},"level":"error","spans":[{"file_name":"/Users/jeonghyeongseob/.cargo/git/checkouts/rust-contracts-stylus-7b6f4dfe793ef8eb/20ffabe/contracts/src/finance/vesting_wallet.rs","byte_start":12755,"byte_end":12760,"line_start":404,"line_end":404,"column_start":29,"column_end":34,"is_primary":true,"text":[{"text":"    ) -> Result<U256, Self::Error> {","highlight_start":29,"highlight_end":34}],"label":"associated type `Error` not found","suggested_replacement":null,"suggestion_applicability":null,"expansion":null}],"children":[],"rendered":"\u001b[0m\u001b[1m\u001b[38;5;9merror[E0220]\u001b[0m\u001b[0m\u001b[1m: associated type `Error` not found for `Self`\u001b[0m\n\u001b[0m   \u001b[0m\u001b[0m\u001b[1m\u001b[38;5;12m--> \u001b[0m\u001b[0m/Users/jeonghyeongseob/.cargo/git/checkouts/rust-contracts-stylus-7b6f4dfe793ef8eb/20ffabe/contracts/src/finance/vesting_wallet.rs:404:29\u001b[0m\n\u001b[0m    \u001b[0m\u001b[0m\u001b[1m\u001b[38;5;12m|\u001b[0m\n\u001b[0m\u001b[1m\u001b[38;5;12m404\u001b[0m\u001b[0m \u001b[0m\u001b[0m\u001b[1m\u001b[38;5;12m|\u001b[0m\u001b[0m \u001b[0m\u001b[0m    ) -> Result<U256, Self::Error> {\u001b[0m\n\u001b[0m    \u001b[0m\u001b[0m\u001b[1m\u001b[38;5;12m|\u001b[0m\u001b[0m                             \u001b[0m\u001b[0m\u001b[1m\u001b[38;5;9m^^^^^\u001b[0m\u001b[0m \u001b[0m\u001b[0m\u001b[1m\u001b[38;5;9massociated type `Error` not found\u001b[0m\n\n"}
{"$message_type":"diagnostic","message":"associated type `Error` not found for `Self`","code":{"code":"E0220","explanation":"The associated type used was not defined in the trait.\n\nErroneous code example:\n\n```compile_fail,E0220\ntrait T1 {\n    type Bar;\n}\n\ntype Foo = T1<F=i32>; // error: associated type `F` not found for `T1`\n\n// or:\n\ntrait T2 {\n    type Bar;\n\n    // error: Baz is used but not declared\n    fn return_bool(&self, _: &Self::Bar, _: &Self::Baz) -> bool;\n}\n```\n\nMake sure that you have defined the associated type in the trait body.\nAlso, verify that you used the right trait or you didn't misspell the\nassociated type name. Example:\n\n```\ntrait T1 {\n    type Bar;\n}\n\ntype Foo = T1<Bar=i32>; // ok!\n\n// or:\n\ntrait T2 {\n    type Bar;\n    type Baz; // we declare `Baz` in our trait.\n\n    // and now we can use it here:\n    fn return_bool(&self, _: &Self::Bar, _: &Self::Baz) -> bool;\n}\n```\n"},"level":"error","spans":[{"file_name":"/Users/jeonghyeongseob/.cargo/git/checkouts/rust-contracts-stylus-7b6f4dfe793ef8eb/20ffabe/contracts/src/finance/vesting_wallet.rs","byte_start":13091,"byte_end":13096,"line_start":412,"line_end":412,"column_start":51,"column_end":56,"is_primary":true,"text":[{"text":"    fn release_eth(&mut self) -> Result<(), Self::Error> {","highlight_start":51,"highlight_end":56}],"label":"associated type `Error` not found","suggested_replacement":null,"suggestion_applicability":null,"expansion":null}],"children":[],"rendered":"\u001b[0m\u001b[1m\u001b[38;5;9merror[E0220]\u001b[0m\u001b[0m\u001b[1m: associated type `Error` not found for `Self`\u001b[0m\n\u001b[0m   \u001b[0m\u001b[0m\u001b[1m\u001b[38;5;12m--> \u001b[0m\u001b[0m/Users/jeonghyeongseob/.cargo/git/checkouts/rust-contracts-stylus-7b6f4dfe793ef8eb/20ffabe/contracts/src/finance/vesting_wallet.rs:412:51\u001b[0m\n\u001b[0m    \u001b[0m\u001b[0m\u001b[1m\u001b[38;5;12m|\u001b[0m\n\u001b[0m\u001b[1m\u001b[38;5;12m412\u001b[0m\u001b[0m \u001b[0m\u001b[0m\u001b[1m\u001b[38;5;12m|\u001b[0m\u001b[0m \u001b[0m\u001b[0m    fn release_eth(&mut self) -> Result<(), Self::Error> {\u001b[0m\n\u001b[0m    \u001b[0m\u001b[0m\u001b[1m\u001b[38;5;12m|\u001b[0m\u001b[0m                                                   \u001b[0m\u001b[0m\u001b[1m\u001b[38;5;9m^^^^^\u001b[0m\u001b[0m \u001b[0m\u001b[0m\u001b[1m\u001b[38;5;9massociated type `Error` not found\u001b[0m\n\n"}
{"$message_type":"diagnostic","message":"associated type `Error` not found for `Self`","code":{"code":"E0220","explanation":"The associated type used was not defined in the trait.\n\nErroneous code example:\n\n```compile_fail,E0220\ntrait T1 {\n    type Bar;\n}\n\ntype Foo = T1<F=i32>; // error: associated type `F` not found for `T1`\n\n// or:\n\ntrait T2 {\n    type Bar;\n\n    // error: Baz is used but not declared\n    fn return_bool(&self, _: &Self::Bar, _: &Self::Baz) -> bool;\n}\n```\n\nMake sure that you have defined the associated type in the trait body.\nAlso, verify that you used the right trait or you didn't misspell the\nassociated type name. Example:\n\n```\ntrait T1 {\n    type Bar;\n}\n\ntype Foo = T1<Bar=i32>; // ok!\n\n// or:\n\ntrait T2 {\n    type Bar;\n    type Baz; // we declare `Baz` in our trait.\n\n    // and now we can use it here:\n    fn return_bool(&self, _: &Self::Bar, _: &Self::Baz) -> bool;\n}\n```\n"},"level":"error","spans":[{"file_name":"/Users/jeonghyeongseob/.cargo/git/checkouts/rust-contracts-stylus-7b6f4dfe793ef8eb/20ffabe/contracts/src/finance/vesting_wallet.rs","byte_start":13553,"byte_end":13558,"line_start":430,"line_end":430,"column_start":69,"column_end":74,"is_primary":true,"text":[{"text":"    fn release_erc20(&mut self, token: Address) -> Result<(), Self::Error> {","highlight_start":69,"highlight_end":74}],"label":"associated type `Error` not found","suggested_replacement":null,"suggestion_applicability":null,"expansion":null}],"children":[],"rendered":"\u001b[0m\u001b[1m\u001b[38;5;9merror[E0220]\u001b[0m\u001b[0m\u001b[1m: associated type `Error` not found for `Self`\u001b[0m\n\u001b[0m   \u001b[0m\u001b[0m\u001b[1m\u001b[38;5;12m--> \u001b[0m\u001b[0m/Users/jeonghyeongseob/.cargo/git/checkouts/rust-contracts-stylus-7b6f4dfe793ef8eb/20ffabe/contracts/src/finance/vesting_wallet.rs:430:69\u001b[0m\n\u001b[0m    \u001b[0m\u001b[0m\u001b[1m\u001b[38;5;12m|\u001b[0m\n\u001b[0m\u001b[1m\u001b[38;5;12m430\u001b[0m\u001b[0m \u001b[0m\u001b[0m\u001b[1m\u001b[38;5;12m|\u001b[0m\u001b[0m \u001b[0m\u001b[0m    fn release_erc20(&mut self, token: Address) -> Result<(), Self::Error> {\u001b[0m\n\u001b[0m    \u001b[0m\u001b[0m\u001b[1m\u001b[38;5;12m|\u001b[0m\u001b[0m                                                                     \u001b[0m\u001b[0m\u001b[1m\u001b[38;5;9m^^^^^\u001b[0m\u001b[0m \u001b[0m\u001b[0m\u001b[1m\u001b[38;5;9massociated type `Error` not found\u001b[0m\n\n"}
{"$message_type":"diagnostic","message":"associated type `Error` not found for `Self`","code":{"code":"E0220","explanation":"The associated type used was not defined in the trait.\n\nErroneous code example:\n\n```compile_fail,E0220\ntrait T1 {\n    type Bar;\n}\n\ntype Foo = T1<F=i32>; // error: associated type `F` not found for `T1`\n\n// or:\n\ntrait T2 {\n    type Bar;\n\n    // error: Baz is used but not declared\n    fn return_bool(&self, _: &Self::Bar, _: &Self::Baz) -> bool;\n}\n```\n\nMake sure that you have defined the associated type in the trait body.\nAlso, verify that you used the right trait or you didn't misspell the\nassociated type name. Example:\n\n```\ntrait T1 {\n    type Bar;\n}\n\ntype Foo = T1<Bar=i32>; // ok!\n\n// or:\n\ntrait T2 {\n    type Bar;\n    type Baz; // we declare `Baz` in our trait.\n\n    // and now we can use it here:\n    fn return_bool(&self, _: &Self::Bar, _: &Self::Baz) -> bool;\n}\n```\n"},"level":"error","spans":[{"file_name":"/Users/jeonghyeongseob/.cargo/git/checkouts/rust-contracts-stylus-7b6f4dfe793ef8eb/20ffabe/contracts/src/finance/vesting_wallet.rs","byte_start":14453,"byte_end":14458,"line_start":460,"line_end":460,"column_start":29,"column_end":34,"is_primary":true,"text":[{"text":"    ) -> Result<U256, Self::Error> {","highlight_start":29,"highlight_end":34}],"label":"associated type `Error` not found","suggested_replacement":null,"suggestion_applicability":null,"expansion":null}],"children":[],"rendered":"\u001b[0m\u001b[1m\u001b[38;5;9merror[E0220]\u001b[0m\u001b[0m\u001b[1m: associated type `Error` not found for `Self`\u001b[0m\n\u001b[0m   \u001b[0m\u001b[0m\u001b[1m\u001b[38;5;12m--> \u001b[0m\u001b[0m/Users/jeonghyeongseob/.cargo/git/checkouts/rust-contracts-stylus-7b6f4dfe793ef8eb/20ffabe/contracts/src/finance/vesting_wallet.rs:460:29\u001b[0m\n\u001b[0m    \u001b[0m\u001b[0m\u001b[1m\u001b[38;5;12m|\u001b[0m\n\u001b[0m\u001b[1m\u001b[38;5;12m460\u001b[0m\u001b[0m \u001b[0m\u001b[0m\u001b[1m\u001b[38;5;12m|\u001b[0m\u001b[0m \u001b[0m\u001b[0m    ) -> Result<U256, Self::Error> {\u001b[0m\n\u001b[0m    \u001b[0m\u001b[0m\u001b[1m\u001b[38;5;12m|\u001b[0m\u001b[0m                             \u001b[0m\u001b[0m\u001b[1m\u001b[38;5;9m^^^^^\u001b[0m\u001b[0m \u001b[0m\u001b[0m\u001b[1m\u001b[38;5;9massociated type `Error` not found\u001b[0m\n\n"}
{"$message_type":"diagnostic","message":"the trait bound `stylus_sdk::call::Error: SolError` is not satisfied","code":{"code":"E0277","explanation":"You tried to use a type which doesn't implement some trait in a place which\nexpected that trait.\n\nErroneous code example:\n\n```compile_fail,E0277\n// here we declare the Foo trait with a bar method\ntrait Foo {\n    fn bar(&self);\n}\n\n// we now declare a function which takes an object implementing the Foo trait\nfn some_func<T: Foo>(foo: T) {\n    foo.bar();\n}\n\nfn main() {\n    // we now call the method with the i32 type, which doesn't implement\n    // the Foo trait\n    some_func(5i32); // error: the trait bound `i32 : Foo` is not satisfied\n}\n```\n\nIn order to fix this error, verify that the type you're using does implement\nthe trait. Example:\n\n```\ntrait Foo {\n    fn bar(&self);\n}\n\n// we implement the trait on the i32 type\nimpl Foo for i32 {\n    fn bar(&self) {}\n}\n\nfn some_func<T: Foo>(foo: T) {\n    foo.bar(); // we can now use this method since i32 implements the\n               // Foo trait\n}\n\nfn main() {\n    some_func(5i32); // ok!\n}\n```\n\nOr in a generic context, an erroneous code example would look like:\n\n```compile_fail,E0277\nfn some_func<T>(foo: T) {\n    println!(\"{:?}\", foo); // error: the trait `core::fmt::Debug` is not\n                           //        implemented for the type `T`\n}\n\nfn main() {\n    // We now call the method with the i32 type,\n    // which *does* implement the Debug trait.\n    some_func(5i32);\n}\n```\n\nNote that the error here is in the definition of the generic function. Although\nwe only call it with a parameter that does implement `Debug`, the compiler\nstill rejects the function. It must work with all possible input types. In\norder to make this example compile, we need to restrict the generic type we're\naccepting:\n\n```\nuse std::fmt;\n\n// Restrict the input type to types that implement Debug.\nfn some_func<T: fmt::Debug>(foo: T) {\n    println!(\"{:?}\", foo);\n}\n\nfn main() {\n    // Calling the method is still fine, as i32 implements Debug.\n    some_func(5i32);\n\n    // This would fail to compile now:\n    // struct WithoutDebug;\n    // some_func(WithoutDebug);\n}\n```\n\nRust only looks at the signature of the called function, as such it must\nalready specify all requirements that will be used for every type parameter.\n"},"level":"error","spans":[{"file_name":"/Users/jeonghyeongseob/.cargo/git/checkouts/rust-contracts-stylus-7b6f4dfe793ef8eb/20ffabe/contracts/src/token/erc1155/mod.rs","byte_start":6155,"byte_end":6166,"line_start":178,"line_end":178,"column_start":31,"column_end":42,"is_primary":true,"text":[{"text":"    InvalidReceiverWithReason(call::Error),","highlight_start":31,"highlight_end":42}],"label":"the trait `SolError` is not implemented for `stylus_sdk::call::Error`","suggested_replacement":null,"suggestion_applicability":null,"expansion":null}],"children":[{"message":"the following other types implement trait `SolError`:\n  ReleaseEtherFailed\n  alloy_sol_types::Panic\n  alloy_sol_types::Revert\n  capped::sol::ERC20ExceededCap\n  capped::sol::ERC20InvalidCap\n  checkpoints::sol::CheckpointUnorderedInsertion\n  consecutive::sol::ERC721ExceededMaxBatchMint\n  consecutive::sol::ERC721ForbiddenBatchBurn\nand 56 others","code":null,"level":"help","spans":[],"children":[],"rendered":null}],"rendered":"\u001b[0m\u001b[1m\u001b[38;5;9merror[E0277]\u001b[0m\u001b[0m\u001b[1m: the trait bound `stylus_sdk::call::Error: SolError` is not satisfied\u001b[0m\n\u001b[0m   \u001b[0m\u001b[0m\u001b[1m\u001b[38;5;12m--> \u001b[0m\u001b[0m/Users/jeonghyeongseob/.cargo/git/checkouts/rust-contracts-stylus-7b6f4dfe793ef8eb/20ffabe/contracts/src/token/erc1155/mod.rs:178:31\u001b[0m\n\u001b[0m    \u001b[0m\u001b[0m\u001b[1m\u001b[38;5;12m|\u001b[0m\n\u001b[0m\u001b[1m\u001b[38;5;12m178\u001b[0m\u001b[0m \u001b[0m\u001b[0m\u001b[1m\u001b[38;5;12m|\u001b[0m\u001b[0m \u001b[0m\u001b[0m    InvalidReceiverWithReason(call::Error),\u001b[0m\n\u001b[0m    \u001b[0m\u001b[0m\u001b[1m\u001b[38;5;12m|\u001b[0m\u001b[0m                               \u001b[0m\u001b[0m\u001b[1m\u001b[38;5;9m^^^^^^^^^^^\u001b[0m\u001b[0m \u001b[0m\u001b[0m\u001b[1m\u001b[38;5;9mthe trait `SolError` is not implemented for `stylus_sdk::call::Error`\u001b[0m\n\u001b[0m    \u001b[0m\u001b[0m\u001b[1m\u001b[38;5;12m|\u001b[0m\n\u001b[0m    \u001b[0m\u001b[0m\u001b[1m\u001b[38;5;12m= \u001b[0m\u001b[0m\u001b[1mhelp\u001b[0m\u001b[0m: the following other types implement trait `SolError`:\u001b[0m\n\u001b[0m              ReleaseEtherFailed\u001b[0m\n\u001b[0m              alloy_sol_types::Panic\u001b[0m\n\u001b[0m              alloy_sol_types::Revert\u001b[0m\n\u001b[0m              capped::sol::ERC20ExceededCap\u001b[0m\n\u001b[0m              capped::sol::ERC20InvalidCap\u001b[0m\n\u001b[0m              checkpoints::sol::CheckpointUnorderedInsertion\u001b[0m\n\u001b[0m              consecutive::sol::ERC721ExceededMaxBatchMint\u001b[0m\n\u001b[0m              consecutive::sol::ERC721ForbiddenBatchBurn\u001b[0m\n\u001b[0m            and 56 others\u001b[0m\n\n"}
{"$message_type":"diagnostic","message":"associated type `Error` not found for `Self`","code":{"code":"E0220","explanation":"The associated type used was not defined in the trait.\n\nErroneous code example:\n\n```compile_fail,E0220\ntrait T1 {\n    type Bar;\n}\n\ntype Foo = T1<F=i32>; // error: associated type `F` not found for `T1`\n\n// or:\n\ntrait T2 {\n    type Bar;\n\n    // error: Baz is used but not declared\n    fn return_bool(&self, _: &Self::Bar, _: &Self::Baz) -> bool;\n}\n```\n\nMake sure that you have defined the associated type in the trait body.\nAlso, verify that you used the right trait or you didn't misspell the\nassociated type name. Example:\n\n```\ntrait T1 {\n    type Bar;\n}\n\ntype Foo = T1<Bar=i32>; // ok!\n\n// or:\n\ntrait T2 {\n    type Bar;\n    type Baz; // we declare `Baz` in our trait.\n\n    // and now we can use it here:\n    fn return_bool(&self, _: &Self::Bar, _: &Self::Baz) -> bool;\n}\n```\n"},"level":"error","spans":[{"file_name":"/Users/jeonghyeongseob/.cargo/git/checkouts/rust-contracts-stylus-7b6f4dfe793ef8eb/20ffabe/contracts/src/token/erc1155/mod.rs","byte_start":12972,"byte_end":12977,"line_start":372,"line_end":372,"column_start":34,"column_end":39,"is_primary":true,"text":[{"text":"    ) -> Result<Vec<U256>, Self::Error> {","highlight_start":34,"highlight_end":39}],"label":"associated type `Error` not found","suggested_replacement":null,"suggestion_applicability":null,"expansion":null}],"children":[],"rendered":"\u001b[0m\u001b[1m\u001b[38;5;9merror[E0220]\u001b[0m\u001b[0m\u001b[1m: associated type `Error` not found for `Self`\u001b[0m\n\u001b[0m   \u001b[0m\u001b[0m\u001b[1m\u001b[38;5;12m--> \u001b[0m\u001b[0m/Users/jeonghyeongseob/.cargo/git/checkouts/rust-contracts-stylus-7b6f4dfe793ef8eb/20ffabe/contracts/src/token/erc1155/mod.rs:372:34\u001b[0m\n\u001b[0m    \u001b[0m\u001b[0m\u001b[1m\u001b[38;5;12m|\u001b[0m\n\u001b[0m\u001b[1m\u001b[38;5;12m372\u001b[0m\u001b[0m \u001b[0m\u001b[0m\u001b[1m\u001b[38;5;12m|\u001b[0m\u001b[0m \u001b[0m\u001b[0m    ) -> Result<Vec<U256>, Self::Error> {\u001b[0m\n\u001b[0m    \u001b[0m\u001b[0m\u001b[1m\u001b[38;5;12m|\u001b[0m\u001b[0m                                  \u001b[0m\u001b[0m\u001b[1m\u001b[38;5;9m^^^^^\u001b[0m\u001b[0m \u001b[0m\u001b[0m\u001b[1m\u001b[38;5;9massociated type `Error` not found\u001b[0m\n\n"}
{"$message_type":"diagnostic","message":"associated type `Error` not found for `Self`","code":{"code":"E0220","explanation":"The associated type used was not defined in the trait.\n\nErroneous code example:\n\n```compile_fail,E0220\ntrait T1 {\n    type Bar;\n}\n\ntype Foo = T1<F=i32>; // error: associated type `F` not found for `T1`\n\n// or:\n\ntrait T2 {\n    type Bar;\n\n    // error: Baz is used but not declared\n    fn return_bool(&self, _: &Self::Bar, _: &Self::Baz) -> bool;\n}\n```\n\nMake sure that you have defined the associated type in the trait body.\nAlso, verify that you used the right trait or you didn't misspell the\nassociated type name. Example:\n\n```\ntrait T1 {\n    type Bar;\n}\n\ntype Foo = T1<Bar=i32>; // ok!\n\n// or:\n\ntrait T2 {\n    type Bar;\n    type Baz; // we declare `Baz` in our trait.\n\n    // and now we can use it here:\n    fn return_bool(&self, _: &Self::Bar, _: &Self::Baz) -> bool;\n}\n```\n"},"level":"error","spans":[{"file_name":"/Users/jeonghyeongseob/.cargo/git/checkouts/rust-contracts-stylus-7b6f4dfe793ef8eb/20ffabe/contracts/src/token/erc1155/mod.rs","byte_start":13390,"byte_end":13395,"line_start":388,"line_end":388,"column_start":27,"column_end":32,"is_primary":true,"text":[{"text":"    ) -> Result<(), Self::Error> {","highlight_start":27,"highlight_end":32}],"label":"associated type `Error` not found","suggested_replacement":null,"suggestion_applicability":null,"expansion":null}],"children":[],"rendered":"\u001b[0m\u001b[1m\u001b[38;5;9merror[E0220]\u001b[0m\u001b[0m\u001b[1m: associated type `Error` not found for `Self`\u001b[0m\n\u001b[0m   \u001b[0m\u001b[0m\u001b[1m\u001b[38;5;12m--> \u001b[0m\u001b[0m/Users/jeonghyeongseob/.cargo/git/checkouts/rust-contracts-stylus-7b6f4dfe793ef8eb/20ffabe/contracts/src/token/erc1155/mod.rs:388:27\u001b[0m\n\u001b[0m    \u001b[0m\u001b[0m\u001b[1m\u001b[38;5;12m|\u001b[0m\n\u001b[0m\u001b[1m\u001b[38;5;12m388\u001b[0m\u001b[0m \u001b[0m\u001b[0m\u001b[1m\u001b[38;5;12m|\u001b[0m\u001b[0m \u001b[0m\u001b[0m    ) -> Result<(), Self::Error> {\u001b[0m\n\u001b[0m    \u001b[0m\u001b[0m\u001b[1m\u001b[38;5;12m|\u001b[0m\u001b[0m                           \u001b[0m\u001b[0m\u001b[1m\u001b[38;5;9m^^^^^\u001b[0m\u001b[0m \u001b[0m\u001b[0m\u001b[1m\u001b[38;5;9massociated type `Error` not found\u001b[0m\n\n"}
{"$message_type":"diagnostic","message":"associated type `Error` not found for `Self`","code":{"code":"E0220","explanation":"The associated type used was not defined in the trait.\n\nErroneous code example:\n\n```compile_fail,E0220\ntrait T1 {\n    type Bar;\n}\n\ntype Foo = T1<F=i32>; // error: associated type `F` not found for `T1`\n\n// or:\n\ntrait T2 {\n    type Bar;\n\n    // error: Baz is used but not declared\n    fn return_bool(&self, _: &Self::Bar, _: &Self::Baz) -> bool;\n}\n```\n\nMake sure that you have defined the associated type in the trait body.\nAlso, verify that you used the right trait or you didn't misspell the\nassociated type name. Example:\n\n```\ntrait T1 {\n    type Bar;\n}\n\ntype Foo = T1<Bar=i32>; // ok!\n\n// or:\n\ntrait T2 {\n    type Bar;\n    type Baz; // we declare `Baz` in our trait.\n\n    // and now we can use it here:\n    fn return_bool(&self, _: &Self::Bar, _: &Self::Baz) -> bool;\n}\n```\n"},"level":"error","spans":[{"file_name":"/Users/jeonghyeongseob/.cargo/git/checkouts/rust-contracts-stylus-7b6f4dfe793ef8eb/20ffabe/contracts/src/token/erc1155/mod.rs","byte_start":13799,"byte_end":13804,"line_start":403,"line_end":403,"column_start":27,"column_end":32,"is_primary":true,"text":[{"text":"    ) -> Result<(), Self::Error> {","highlight_start":27,"highlight_end":32}],"label":"associated type `Error` not found","suggested_replacement":null,"suggestion_applicability":null,"expansion":null}],"children":[],"rendered":"\u001b[0m\u001b[1m\u001b[38;5;9merror[E0220]\u001b[0m\u001b[0m\u001b[1m: associated type `Error` not found for `Self`\u001b[0m\n\u001b[0m   \u001b[0m\u001b[0m\u001b[1m\u001b[38;5;12m--> \u001b[0m\u001b[0m/Users/jeonghyeongseob/.cargo/git/checkouts/rust-contracts-stylus-7b6f4dfe793ef8eb/20ffabe/contracts/src/token/erc1155/mod.rs:403:27\u001b[0m\n\u001b[0m    \u001b[0m\u001b[0m\u001b[1m\u001b[38;5;12m|\u001b[0m\n\u001b[0m\u001b[1m\u001b[38;5;12m403\u001b[0m\u001b[0m \u001b[0m\u001b[0m\u001b[1m\u001b[38;5;12m|\u001b[0m\u001b[0m \u001b[0m\u001b[0m    ) -> Result<(), Self::Error> {\u001b[0m\n\u001b[0m    \u001b[0m\u001b[0m\u001b[1m\u001b[38;5;12m|\u001b[0m\u001b[0m                           \u001b[0m\u001b[0m\u001b[1m\u001b[38;5;9m^^^^^\u001b[0m\u001b[0m \u001b[0m\u001b[0m\u001b[1m\u001b[38;5;9massociated type `Error` not found\u001b[0m\n\n"}
{"$message_type":"diagnostic","message":"associated type `Error` not found for `Self`","code":{"code":"E0220","explanation":"The associated type used was not defined in the trait.\n\nErroneous code example:\n\n```compile_fail,E0220\ntrait T1 {\n    type Bar;\n}\n\ntype Foo = T1<F=i32>; // error: associated type `F` not found for `T1`\n\n// or:\n\ntrait T2 {\n    type Bar;\n\n    // error: Baz is used but not declared\n    fn return_bool(&self, _: &Self::Bar, _: &Self::Baz) -> bool;\n}\n```\n\nMake sure that you have defined the associated type in the trait body.\nAlso, verify that you used the right trait or you didn't misspell the\nassociated type name. Example:\n\n```\ntrait T1 {\n    type Bar;\n}\n\ntype Foo = T1<Bar=i32>; // ok!\n\n// or:\n\ntrait T2 {\n    type Bar;\n    type Baz; // we declare `Baz` in our trait.\n\n    // and now we can use it here:\n    fn return_bool(&self, _: &Self::Bar, _: &Self::Baz) -> bool;\n}\n```\n"},"level":"error","spans":[{"file_name":"/Users/jeonghyeongseob/.cargo/git/checkouts/rust-contracts-stylus-7b6f4dfe793ef8eb/20ffabe/contracts/src/token/erc1155/mod.rs","byte_start":14124,"byte_end":14129,"line_start":415,"line_end":415,"column_start":27,"column_end":32,"is_primary":true,"text":[{"text":"    ) -> Result<(), Self::Error> {","highlight_start":27,"highlight_end":32}],"label":"associated type `Error` not found","suggested_replacement":null,"suggestion_applicability":null,"expansion":null}],"children":[],"rendered":"\u001b[0m\u001b[1m\u001b[38;5;9merror[E0220]\u001b[0m\u001b[0m\u001b[1m: associated type `Error` not found for `Self`\u001b[0m\n\u001b[0m   \u001b[0m\u001b[0m\u001b[1m\u001b[38;5;12m--> \u001b[0m\u001b[0m/Users/jeonghyeongseob/.cargo/git/checkouts/rust-contracts-stylus-7b6f4dfe793ef8eb/20ffabe/contracts/src/token/erc1155/mod.rs:415:27\u001b[0m\n\u001b[0m    \u001b[0m\u001b[0m\u001b[1m\u001b[38;5;12m|\u001b[0m\n\u001b[0m\u001b[1m\u001b[38;5;12m415\u001b[0m\u001b[0m \u001b[0m\u001b[0m\u001b[1m\u001b[38;5;12m|\u001b[0m\u001b[0m \u001b[0m\u001b[0m    ) -> Result<(), Self::Error> {\u001b[0m\n\u001b[0m    \u001b[0m\u001b[0m\u001b[1m\u001b[38;5;12m|\u001b[0m\u001b[0m                           \u001b[0m\u001b[0m\u001b[1m\u001b[38;5;9m^^^^^\u001b[0m\u001b[0m \u001b[0m\u001b[0m\u001b[1m\u001b[38;5;9massociated type `Error` not found\u001b[0m\n\n"}
{"$message_type":"diagnostic","message":"the trait bound `safe_erc20::Error: SolError` is not satisfied","code":{"code":"E0277","explanation":"You tried to use a type which doesn't implement some trait in a place which\nexpected that trait.\n\nErroneous code example:\n\n```compile_fail,E0277\n// here we declare the Foo trait with a bar method\ntrait Foo {\n    fn bar(&self);\n}\n\n// we now declare a function which takes an object implementing the Foo trait\nfn some_func<T: Foo>(foo: T) {\n    foo.bar();\n}\n\nfn main() {\n    // we now call the method with the i32 type, which doesn't implement\n    // the Foo trait\n    some_func(5i32); // error: the trait bound `i32 : Foo` is not satisfied\n}\n```\n\nIn order to fix this error, verify that the type you're using does implement\nthe trait. Example:\n\n```\ntrait Foo {\n    fn bar(&self);\n}\n\n// we implement the trait on the i32 type\nimpl Foo for i32 {\n    fn bar(&self) {}\n}\n\nfn some_func<T: Foo>(foo: T) {\n    foo.bar(); // we can now use this method since i32 implements the\n               // Foo trait\n}\n\nfn main() {\n    some_func(5i32); // ok!\n}\n```\n\nOr in a generic context, an erroneous code example would look like:\n\n```compile_fail,E0277\nfn some_func<T>(foo: T) {\n    println!(\"{:?}\", foo); // error: the trait `core::fmt::Debug` is not\n                           //        implemented for the type `T`\n}\n\nfn main() {\n    // We now call the method with the i32 type,\n    // which *does* implement the Debug trait.\n    some_func(5i32);\n}\n```\n\nNote that the error here is in the definition of the generic function. Although\nwe only call it with a parameter that does implement `Debug`, the compiler\nstill rejects the function. It must work with all possible input types. In\norder to make this example compile, we need to restrict the generic type we're\naccepting:\n\n```\nuse std::fmt;\n\n// Restrict the input type to types that implement Debug.\nfn some_func<T: fmt::Debug>(foo: T) {\n    println!(\"{:?}\", foo);\n}\n\nfn main() {\n    // Calling the method is still fine, as i32 implements Debug.\n    some_func(5i32);\n\n    // This would fail to compile now:\n    // struct WithoutDebug;\n    // some_func(WithoutDebug);\n}\n```\n\nRust only looks at the signature of the called function, as such it must\nalready specify all requirements that will be used for every type parameter.\n"},"level":"error","spans":[{"file_name":"/Users/jeonghyeongseob/.cargo/git/checkouts/rust-contracts-stylus-7b6f4dfe793ef8eb/20ffabe/contracts/src/token/erc20/extensions/erc4626.rs","byte_start":4557,"byte_end":4574,"line_start":127,"line_end":127,"column_start":15,"column_end":32,"is_primary":true,"text":[{"text":"    SafeErc20(safe_erc20::Error),","highlight_start":15,"highlight_end":32}],"label":"the trait `SolError` is not implemented for `safe_erc20::Error`","suggested_replacement":null,"suggestion_applicability":null,"expansion":null}],"children":[{"message":"the following other types implement trait `SolError`:\n  ReleaseEtherFailed\n  alloy_sol_types::Panic\n  alloy_sol_types::Revert\n  capped::sol::ERC20ExceededCap\n  capped::sol::ERC20InvalidCap\n  checkpoints::sol::CheckpointUnorderedInsertion\n  consecutive::sol::ERC721ExceededMaxBatchMint\n  consecutive::sol::ERC721ForbiddenBatchBurn\nand 56 others","code":null,"level":"help","spans":[],"children":[],"rendered":null}],"rendered":"\u001b[0m\u001b[1m\u001b[38;5;9merror[E0277]\u001b[0m\u001b[0m\u001b[1m: the trait bound `safe_erc20::Error: SolError` is not satisfied\u001b[0m\n\u001b[0m   \u001b[0m\u001b[0m\u001b[1m\u001b[38;5;12m--> \u001b[0m\u001b[0m/Users/jeonghyeongseob/.cargo/git/checkouts/rust-contracts-stylus-7b6f4dfe793ef8eb/20ffabe/contracts/src/token/erc20/extensions/erc4626.rs:127:15\u001b[0m\n\u001b[0m    \u001b[0m\u001b[0m\u001b[1m\u001b[38;5;12m|\u001b[0m\n\u001b[0m\u001b[1m\u001b[38;5;12m127\u001b[0m\u001b[0m \u001b[0m\u001b[0m\u001b[1m\u001b[38;5;12m|\u001b[0m\u001b[0m \u001b[0m\u001b[0m    SafeErc20(safe_erc20::Error),\u001b[0m\n\u001b[0m    \u001b[0m\u001b[0m\u001b[1m\u001b[38;5;12m|\u001b[0m\u001b[0m               \u001b[0m\u001b[0m\u001b[1m\u001b[38;5;9m^^^^^^^^^^^^^^^^^\u001b[0m\u001b[0m \u001b[0m\u001b[0m\u001b[1m\u001b[38;5;9mthe trait `SolError` is not implemented for `safe_erc20::Error`\u001b[0m\n\u001b[0m    \u001b[0m\u001b[0m\u001b[1m\u001b[38;5;12m|\u001b[0m\n\u001b[0m    \u001b[0m\u001b[0m\u001b[1m\u001b[38;5;12m= \u001b[0m\u001b[0m\u001b[1mhelp\u001b[0m\u001b[0m: the following other types implement trait `SolError`:\u001b[0m\n\u001b[0m              ReleaseEtherFailed\u001b[0m\n\u001b[0m              alloy_sol_types::Panic\u001b[0m\n\u001b[0m              alloy_sol_types::Revert\u001b[0m\n\u001b[0m              capped::sol::ERC20ExceededCap\u001b[0m\n\u001b[0m              capped::sol::ERC20InvalidCap\u001b[0m\n\u001b[0m              checkpoints::sol::CheckpointUnorderedInsertion\u001b[0m\n\u001b[0m              consecutive::sol::ERC721ExceededMaxBatchMint\u001b[0m\n\u001b[0m              consecutive::sol::ERC721ForbiddenBatchBurn\u001b[0m\n\u001b[0m            and 56 others\u001b[0m\n\n"}
{"$message_type":"diagnostic","message":"the trait bound `erc20::Error: SolError` is not satisfied","code":{"code":"E0277","explanation":"You tried to use a type which doesn't implement some trait in a place which\nexpected that trait.\n\nErroneous code example:\n\n```compile_fail,E0277\n// here we declare the Foo trait with a bar method\ntrait Foo {\n    fn bar(&self);\n}\n\n// we now declare a function which takes an object implementing the Foo trait\nfn some_func<T: Foo>(foo: T) {\n    foo.bar();\n}\n\nfn main() {\n    // we now call the method with the i32 type, which doesn't implement\n    // the Foo trait\n    some_func(5i32); // error: the trait bound `i32 : Foo` is not satisfied\n}\n```\n\nIn order to fix this error, verify that the type you're using does implement\nthe trait. Example:\n\n```\ntrait Foo {\n    fn bar(&self);\n}\n\n// we implement the trait on the i32 type\nimpl Foo for i32 {\n    fn bar(&self) {}\n}\n\nfn some_func<T: Foo>(foo: T) {\n    foo.bar(); // we can now use this method since i32 implements the\n               // Foo trait\n}\n\nfn main() {\n    some_func(5i32); // ok!\n}\n```\n\nOr in a generic context, an erroneous code example would look like:\n\n```compile_fail,E0277\nfn some_func<T>(foo: T) {\n    println!(\"{:?}\", foo); // error: the trait `core::fmt::Debug` is not\n                           //        implemented for the type `T`\n}\n\nfn main() {\n    // We now call the method with the i32 type,\n    // which *does* implement the Debug trait.\n    some_func(5i32);\n}\n```\n\nNote that the error here is in the definition of the generic function. Although\nwe only call it with a parameter that does implement `Debug`, the compiler\nstill rejects the function. It must work with all possible input types. In\norder to make this example compile, we need to restrict the generic type we're\naccepting:\n\n```\nuse std::fmt;\n\n// Restrict the input type to types that implement Debug.\nfn some_func<T: fmt::Debug>(foo: T) {\n    println!(\"{:?}\", foo);\n}\n\nfn main() {\n    // Calling the method is still fine, as i32 implements Debug.\n    some_func(5i32);\n\n    // This would fail to compile now:\n    // struct WithoutDebug;\n    // some_func(WithoutDebug);\n}\n```\n\nRust only looks at the signature of the called function, as such it must\nalready specify all requirements that will be used for every type parameter.\n"},"level":"error","spans":[{"file_name":"/Users/jeonghyeongseob/.cargo/git/checkouts/rust-contracts-stylus-7b6f4dfe793ef8eb/20ffabe/contracts/src/token/erc20/extensions/erc4626.rs","byte_start":4648,"byte_end":4660,"line_start":129,"line_end":129,"column_start":11,"column_end":23,"is_primary":true,"text":[{"text":"    Erc20(erc20::Error),","highlight_start":11,"highlight_end":23}],"label":"the trait `SolError` is not implemented for `erc20::Error`","suggested_replacement":null,"suggestion_applicability":null,"expansion":null}],"children":[{"message":"the following other types implement trait `SolError`:\n  ReleaseEtherFailed\n  alloy_sol_types::Panic\n  alloy_sol_types::Revert\n  capped::sol::ERC20ExceededCap\n  capped::sol::ERC20InvalidCap\n  checkpoints::sol::CheckpointUnorderedInsertion\n  consecutive::sol::ERC721ExceededMaxBatchMint\n  consecutive::sol::ERC721ForbiddenBatchBurn\nand 56 others","code":null,"level":"help","spans":[],"children":[],"rendered":null}],"rendered":"\u001b[0m\u001b[1m\u001b[38;5;9merror[E0277]\u001b[0m\u001b[0m\u001b[1m: the trait bound `erc20::Error: SolError` is not satisfied\u001b[0m\n\u001b[0m   \u001b[0m\u001b[0m\u001b[1m\u001b[38;5;12m--> \u001b[0m\u001b[0m/Users/jeonghyeongseob/.cargo/git/checkouts/rust-contracts-stylus-7b6f4dfe793ef8eb/20ffabe/contracts/src/token/erc20/extensions/erc4626.rs:129:11\u001b[0m\n\u001b[0m    \u001b[0m\u001b[0m\u001b[1m\u001b[38;5;12m|\u001b[0m\n\u001b[0m\u001b[1m\u001b[38;5;12m129\u001b[0m\u001b[0m \u001b[0m\u001b[0m\u001b[1m\u001b[38;5;12m|\u001b[0m\u001b[0m \u001b[0m\u001b[0m    Erc20(erc20::Error),\u001b[0m\n\u001b[0m    \u001b[0m\u001b[0m\u001b[1m\u001b[38;5;12m|\u001b[0m\u001b[0m           \u001b[0m\u001b[0m\u001b[1m\u001b[38;5;9m^^^^^^^^^^^^\u001b[0m\u001b[0m \u001b[0m\u001b[0m\u001b[1m\u001b[38;5;9mthe trait `SolError` is not implemented for `erc20::Error`\u001b[0m\n\u001b[0m    \u001b[0m\u001b[0m\u001b[1m\u001b[38;5;12m|\u001b[0m\n\u001b[0m    \u001b[0m\u001b[0m\u001b[1m\u001b[38;5;12m= \u001b[0m\u001b[0m\u001b[1mhelp\u001b[0m\u001b[0m: the following other types implement trait `SolError`:\u001b[0m\n\u001b[0m              ReleaseEtherFailed\u001b[0m\n\u001b[0m              alloy_sol_types::Panic\u001b[0m\n\u001b[0m              alloy_sol_types::Revert\u001b[0m\n\u001b[0m              capped::sol::ERC20ExceededCap\u001b[0m\n\u001b[0m              capped::sol::ERC20InvalidCap\u001b[0m\n\u001b[0m              checkpoints::sol::CheckpointUnorderedInsertion\u001b[0m\n\u001b[0m              consecutive::sol::ERC721ExceededMaxBatchMint\u001b[0m\n\u001b[0m              consecutive::sol::ERC721ForbiddenBatchBurn\u001b[0m\n\u001b[0m            and 56 others\u001b[0m\n\n"}
{"$message_type":"diagnostic","message":"the trait bound `erc20::Error: SolError` is not satisfied","code":{"code":"E0277","explanation":"You tried to use a type which doesn't implement some trait in a place which\nexpected that trait.\n\nErroneous code example:\n\n```compile_fail,E0277\n// here we declare the Foo trait with a bar method\ntrait Foo {\n    fn bar(&self);\n}\n\n// we now declare a function which takes an object implementing the Foo trait\nfn some_func<T: Foo>(foo: T) {\n    foo.bar();\n}\n\nfn main() {\n    // we now call the method with the i32 type, which doesn't implement\n    // the Foo trait\n    some_func(5i32); // error: the trait bound `i32 : Foo` is not satisfied\n}\n```\n\nIn order to fix this error, verify that the type you're using does implement\nthe trait. Example:\n\n```\ntrait Foo {\n    fn bar(&self);\n}\n\n// we implement the trait on the i32 type\nimpl Foo for i32 {\n    fn bar(&self) {}\n}\n\nfn some_func<T: Foo>(foo: T) {\n    foo.bar(); // we can now use this method since i32 implements the\n               // Foo trait\n}\n\nfn main() {\n    some_func(5i32); // ok!\n}\n```\n\nOr in a generic context, an erroneous code example would look like:\n\n```compile_fail,E0277\nfn some_func<T>(foo: T) {\n    println!(\"{:?}\", foo); // error: the trait `core::fmt::Debug` is not\n                           //        implemented for the type `T`\n}\n\nfn main() {\n    // We now call the method with the i32 type,\n    // which *does* implement the Debug trait.\n    some_func(5i32);\n}\n```\n\nNote that the error here is in the definition of the generic function. Although\nwe only call it with a parameter that does implement `Debug`, the compiler\nstill rejects the function. It must work with all possible input types. In\norder to make this example compile, we need to restrict the generic type we're\naccepting:\n\n```\nuse std::fmt;\n\n// Restrict the input type to types that implement Debug.\nfn some_func<T: fmt::Debug>(foo: T) {\n    println!(\"{:?}\", foo);\n}\n\nfn main() {\n    // Calling the method is still fine, as i32 implements Debug.\n    some_func(5i32);\n\n    // This would fail to compile now:\n    // struct WithoutDebug;\n    // some_func(WithoutDebug);\n}\n```\n\nRust only looks at the signature of the called function, as such it must\nalready specify all requirements that will be used for every type parameter.\n"},"level":"error","spans":[{"file_name":"/Users/jeonghyeongseob/.cargo/git/checkouts/rust-contracts-stylus-7b6f4dfe793ef8eb/20ffabe/contracts/src/token/erc20/extensions/flash_mint.rs","byte_start":2906,"byte_end":2918,"line_start":81,"line_end":81,"column_start":11,"column_end":23,"is_primary":true,"text":[{"text":"    Erc20(erc20::Error),","highlight_start":11,"highlight_end":23}],"label":"the trait `SolError` is not implemented for `erc20::Error`","suggested_replacement":null,"suggestion_applicability":null,"expansion":null}],"children":[{"message":"the following other types implement trait `SolError`:\n  ReleaseEtherFailed\n  alloy_sol_types::Panic\n  alloy_sol_types::Revert\n  capped::sol::ERC20ExceededCap\n  capped::sol::ERC20InvalidCap\n  checkpoints::sol::CheckpointUnorderedInsertion\n  consecutive::sol::ERC721ExceededMaxBatchMint\n  consecutive::sol::ERC721ForbiddenBatchBurn\nand 56 others","code":null,"level":"help","spans":[],"children":[],"rendered":null}],"rendered":"\u001b[0m\u001b[1m\u001b[38;5;9merror[E0277]\u001b[0m\u001b[0m\u001b[1m: the trait bound `erc20::Error: SolError` is not satisfied\u001b[0m\n\u001b[0m  \u001b[0m\u001b[0m\u001b[1m\u001b[38;5;12m--> \u001b[0m\u001b[0m/Users/jeonghyeongseob/.cargo/git/checkouts/rust-contracts-stylus-7b6f4dfe793ef8eb/20ffabe/contracts/src/token/erc20/extensions/flash_mint.rs:81:11\u001b[0m\n\u001b[0m   \u001b[0m\u001b[0m\u001b[1m\u001b[38;5;12m|\u001b[0m\n\u001b[0m\u001b[1m\u001b[38;5;12m81\u001b[0m\u001b[0m \u001b[0m\u001b[0m\u001b[1m\u001b[38;5;12m|\u001b[0m\u001b[0m \u001b[0m\u001b[0m    Erc20(erc20::Error),\u001b[0m\n\u001b[0m   \u001b[0m\u001b[0m\u001b[1m\u001b[38;5;12m|\u001b[0m\u001b[0m           \u001b[0m\u001b[0m\u001b[1m\u001b[38;5;9m^^^^^^^^^^^^\u001b[0m\u001b[0m \u001b[0m\u001b[0m\u001b[1m\u001b[38;5;9mthe trait `SolError` is not implemented for `erc20::Error`\u001b[0m\n\u001b[0m   \u001b[0m\u001b[0m\u001b[1m\u001b[38;5;12m|\u001b[0m\n\u001b[0m   \u001b[0m\u001b[0m\u001b[1m\u001b[38;5;12m= \u001b[0m\u001b[0m\u001b[1mhelp\u001b[0m\u001b[0m: the following other types implement trait `SolError`:\u001b[0m\n\u001b[0m             ReleaseEtherFailed\u001b[0m\n\u001b[0m             alloy_sol_types::Panic\u001b[0m\n\u001b[0m             alloy_sol_types::Revert\u001b[0m\n\u001b[0m             capped::sol::ERC20ExceededCap\u001b[0m\n\u001b[0m             capped::sol::ERC20InvalidCap\u001b[0m\n\u001b[0m             checkpoints::sol::CheckpointUnorderedInsertion\u001b[0m\n\u001b[0m             consecutive::sol::ERC721ExceededMaxBatchMint\u001b[0m\n\u001b[0m             consecutive::sol::ERC721ForbiddenBatchBurn\u001b[0m\n\u001b[0m           and 56 others\u001b[0m\n\n"}
{"$message_type":"diagnostic","message":"the trait bound `erc20::Error: SolError` is not satisfied","code":{"code":"E0277","explanation":"You tried to use a type which doesn't implement some trait in a place which\nexpected that trait.\n\nErroneous code example:\n\n```compile_fail,E0277\n// here we declare the Foo trait with a bar method\ntrait Foo {\n    fn bar(&self);\n}\n\n// we now declare a function which takes an object implementing the Foo trait\nfn some_func<T: Foo>(foo: T) {\n    foo.bar();\n}\n\nfn main() {\n    // we now call the method with the i32 type, which doesn't implement\n    // the Foo trait\n    some_func(5i32); // error: the trait bound `i32 : Foo` is not satisfied\n}\n```\n\nIn order to fix this error, verify that the type you're using does implement\nthe trait. Example:\n\n```\ntrait Foo {\n    fn bar(&self);\n}\n\n// we implement the trait on the i32 type\nimpl Foo for i32 {\n    fn bar(&self) {}\n}\n\nfn some_func<T: Foo>(foo: T) {\n    foo.bar(); // we can now use this method since i32 implements the\n               // Foo trait\n}\n\nfn main() {\n    some_func(5i32); // ok!\n}\n```\n\nOr in a generic context, an erroneous code example would look like:\n\n```compile_fail,E0277\nfn some_func<T>(foo: T) {\n    println!(\"{:?}\", foo); // error: the trait `core::fmt::Debug` is not\n                           //        implemented for the type `T`\n}\n\nfn main() {\n    // We now call the method with the i32 type,\n    // which *does* implement the Debug trait.\n    some_func(5i32);\n}\n```\n\nNote that the error here is in the definition of the generic function. Although\nwe only call it with a parameter that does implement `Debug`, the compiler\nstill rejects the function. It must work with all possible input types. In\norder to make this example compile, we need to restrict the generic type we're\naccepting:\n\n```\nuse std::fmt;\n\n// Restrict the input type to types that implement Debug.\nfn some_func<T: fmt::Debug>(foo: T) {\n    println!(\"{:?}\", foo);\n}\n\nfn main() {\n    // Calling the method is still fine, as i32 implements Debug.\n    some_func(5i32);\n\n    // This would fail to compile now:\n    // struct WithoutDebug;\n    // some_func(WithoutDebug);\n}\n```\n\nRust only looks at the signature of the called function, as such it must\nalready specify all requirements that will be used for every type parameter.\n"},"level":"error","spans":[{"file_name":"/Users/jeonghyeongseob/.cargo/git/checkouts/rust-contracts-stylus-7b6f4dfe793ef8eb/20ffabe/contracts/src/token/erc20/extensions/permit.rs","byte_start":2116,"byte_end":2128,"line_start":66,"line_end":66,"column_start":11,"column_end":23,"is_primary":true,"text":[{"text":"    Erc20(erc20::Error),","highlight_start":11,"highlight_end":23}],"label":"the trait `SolError` is not implemented for `erc20::Error`","suggested_replacement":null,"suggestion_applicability":null,"expansion":null}],"children":[{"message":"the following other types implement trait `SolError`:\n  ReleaseEtherFailed\n  alloy_sol_types::Panic\n  alloy_sol_types::Revert\n  capped::sol::ERC20ExceededCap\n  capped::sol::ERC20InvalidCap\n  checkpoints::sol::CheckpointUnorderedInsertion\n  consecutive::sol::ERC721ExceededMaxBatchMint\n  consecutive::sol::ERC721ForbiddenBatchBurn\nand 56 others","code":null,"level":"help","spans":[],"children":[],"rendered":null}],"rendered":"\u001b[0m\u001b[1m\u001b[38;5;9merror[E0277]\u001b[0m\u001b[0m\u001b[1m: the trait bound `erc20::Error: SolError` is not satisfied\u001b[0m\n\u001b[0m  \u001b[0m\u001b[0m\u001b[1m\u001b[38;5;12m--> \u001b[0m\u001b[0m/Users/jeonghyeongseob/.cargo/git/checkouts/rust-contracts-stylus-7b6f4dfe793ef8eb/20ffabe/contracts/src/token/erc20/extensions/permit.rs:66:11\u001b[0m\n\u001b[0m   \u001b[0m\u001b[0m\u001b[1m\u001b[38;5;12m|\u001b[0m\n\u001b[0m\u001b[1m\u001b[38;5;12m66\u001b[0m\u001b[0m \u001b[0m\u001b[0m\u001b[1m\u001b[38;5;12m|\u001b[0m\u001b[0m \u001b[0m\u001b[0m    Erc20(erc20::Error),\u001b[0m\n\u001b[0m   \u001b[0m\u001b[0m\u001b[1m\u001b[38;5;12m|\u001b[0m\u001b[0m           \u001b[0m\u001b[0m\u001b[1m\u001b[38;5;9m^^^^^^^^^^^^\u001b[0m\u001b[0m \u001b[0m\u001b[0m\u001b[1m\u001b[38;5;9mthe trait `SolError` is not implemented for `erc20::Error`\u001b[0m\n\u001b[0m   \u001b[0m\u001b[0m\u001b[1m\u001b[38;5;12m|\u001b[0m\n\u001b[0m   \u001b[0m\u001b[0m\u001b[1m\u001b[38;5;12m= \u001b[0m\u001b[0m\u001b[1mhelp\u001b[0m\u001b[0m: the following other types implement trait `SolError`:\u001b[0m\n\u001b[0m             ReleaseEtherFailed\u001b[0m\n\u001b[0m             alloy_sol_types::Panic\u001b[0m\n\u001b[0m             alloy_sol_types::Revert\u001b[0m\n\u001b[0m             capped::sol::ERC20ExceededCap\u001b[0m\n\u001b[0m             capped::sol::ERC20InvalidCap\u001b[0m\n\u001b[0m             checkpoints::sol::CheckpointUnorderedInsertion\u001b[0m\n\u001b[0m             consecutive::sol::ERC721ExceededMaxBatchMint\u001b[0m\n\u001b[0m             consecutive::sol::ERC721ForbiddenBatchBurn\u001b[0m\n\u001b[0m           and 56 others\u001b[0m\n\n"}
{"$message_type":"diagnostic","message":"the trait bound `ecdsa::Error: SolError` is not satisfied","code":{"code":"E0277","explanation":"You tried to use a type which doesn't implement some trait in a place which\nexpected that trait.\n\nErroneous code example:\n\n```compile_fail,E0277\n// here we declare the Foo trait with a bar method\ntrait Foo {\n    fn bar(&self);\n}\n\n// we now declare a function which takes an object implementing the Foo trait\nfn some_func<T: Foo>(foo: T) {\n    foo.bar();\n}\n\nfn main() {\n    // we now call the method with the i32 type, which doesn't implement\n    // the Foo trait\n    some_func(5i32); // error: the trait bound `i32 : Foo` is not satisfied\n}\n```\n\nIn order to fix this error, verify that the type you're using does implement\nthe trait. Example:\n\n```\ntrait Foo {\n    fn bar(&self);\n}\n\n// we implement the trait on the i32 type\nimpl Foo for i32 {\n    fn bar(&self) {}\n}\n\nfn some_func<T: Foo>(foo: T) {\n    foo.bar(); // we can now use this method since i32 implements the\n               // Foo trait\n}\n\nfn main() {\n    some_func(5i32); // ok!\n}\n```\n\nOr in a generic context, an erroneous code example would look like:\n\n```compile_fail,E0277\nfn some_func<T>(foo: T) {\n    println!(\"{:?}\", foo); // error: the trait `core::fmt::Debug` is not\n                           //        implemented for the type `T`\n}\n\nfn main() {\n    // We now call the method with the i32 type,\n    // which *does* implement the Debug trait.\n    some_func(5i32);\n}\n```\n\nNote that the error here is in the definition of the generic function. Although\nwe only call it with a parameter that does implement `Debug`, the compiler\nstill rejects the function. It must work with all possible input types. In\norder to make this example compile, we need to restrict the generic type we're\naccepting:\n\n```\nuse std::fmt;\n\n// Restrict the input type to types that implement Debug.\nfn some_func<T: fmt::Debug>(foo: T) {\n    println!(\"{:?}\", foo);\n}\n\nfn main() {\n    // Calling the method is still fine, as i32 implements Debug.\n    some_func(5i32);\n\n    // This would fail to compile now:\n    // struct WithoutDebug;\n    // some_func(WithoutDebug);\n}\n```\n\nRust only looks at the signature of the called function, as such it must\nalready specify all requirements that will be used for every type parameter.\n"},"level":"error","spans":[{"file_name":"/Users/jeonghyeongseob/.cargo/git/checkouts/rust-contracts-stylus-7b6f4dfe793ef8eb/20ffabe/contracts/src/token/erc20/extensions/permit.rs","byte_start":2202,"byte_end":2214,"line_start":68,"line_end":68,"column_start":11,"column_end":23,"is_primary":true,"text":[{"text":"    ECDSA(ecdsa::Error),","highlight_start":11,"highlight_end":23}],"label":"the trait `SolError` is not implemented for `ecdsa::Error`","suggested_replacement":null,"suggestion_applicability":null,"expansion":null}],"children":[{"message":"the following other types implement trait `SolError`:\n  ReleaseEtherFailed\n  alloy_sol_types::Panic\n  alloy_sol_types::Revert\n  capped::sol::ERC20ExceededCap\n  capped::sol::ERC20InvalidCap\n  checkpoints::sol::CheckpointUnorderedInsertion\n  consecutive::sol::ERC721ExceededMaxBatchMint\n  consecutive::sol::ERC721ForbiddenBatchBurn\nand 56 others","code":null,"level":"help","spans":[],"children":[],"rendered":null}],"rendered":"\u001b[0m\u001b[1m\u001b[38;5;9merror[E0277]\u001b[0m\u001b[0m\u001b[1m: the trait bound `ecdsa::Error: SolError` is not satisfied\u001b[0m\n\u001b[0m  \u001b[0m\u001b[0m\u001b[1m\u001b[38;5;12m--> \u001b[0m\u001b[0m/Users/jeonghyeongseob/.cargo/git/checkouts/rust-contracts-stylus-7b6f4dfe793ef8eb/20ffabe/contracts/src/token/erc20/extensions/permit.rs:68:11\u001b[0m\n\u001b[0m   \u001b[0m\u001b[0m\u001b[1m\u001b[38;5;12m|\u001b[0m\n\u001b[0m\u001b[1m\u001b[38;5;12m68\u001b[0m\u001b[0m \u001b[0m\u001b[0m\u001b[1m\u001b[38;5;12m|\u001b[0m\u001b[0m \u001b[0m\u001b[0m    ECDSA(ecdsa::Error),\u001b[0m\n\u001b[0m   \u001b[0m\u001b[0m\u001b[1m\u001b[38;5;12m|\u001b[0m\u001b[0m           \u001b[0m\u001b[0m\u001b[1m\u001b[38;5;9m^^^^^^^^^^^^\u001b[0m\u001b[0m \u001b[0m\u001b[0m\u001b[1m\u001b[38;5;9mthe trait `SolError` is not implemented for `ecdsa::Error`\u001b[0m\n\u001b[0m   \u001b[0m\u001b[0m\u001b[1m\u001b[38;5;12m|\u001b[0m\n\u001b[0m   \u001b[0m\u001b[0m\u001b[1m\u001b[38;5;12m= \u001b[0m\u001b[0m\u001b[1mhelp\u001b[0m\u001b[0m: the following other types implement trait `SolError`:\u001b[0m\n\u001b[0m             ReleaseEtherFailed\u001b[0m\n\u001b[0m             alloy_sol_types::Panic\u001b[0m\n\u001b[0m             alloy_sol_types::Revert\u001b[0m\n\u001b[0m             capped::sol::ERC20ExceededCap\u001b[0m\n\u001b[0m             capped::sol::ERC20InvalidCap\u001b[0m\n\u001b[0m             checkpoints::sol::CheckpointUnorderedInsertion\u001b[0m\n\u001b[0m             consecutive::sol::ERC721ExceededMaxBatchMint\u001b[0m\n\u001b[0m             consecutive::sol::ERC721ForbiddenBatchBurn\u001b[0m\n\u001b[0m           and 56 others\u001b[0m\n\n"}
{"$message_type":"diagnostic","message":"the trait bound `erc20::Error: SolError` is not satisfied","code":{"code":"E0277","explanation":"You tried to use a type which doesn't implement some trait in a place which\nexpected that trait.\n\nErroneous code example:\n\n```compile_fail,E0277\n// here we declare the Foo trait with a bar method\ntrait Foo {\n    fn bar(&self);\n}\n\n// we now declare a function which takes an object implementing the Foo trait\nfn some_func<T: Foo>(foo: T) {\n    foo.bar();\n}\n\nfn main() {\n    // we now call the method with the i32 type, which doesn't implement\n    // the Foo trait\n    some_func(5i32); // error: the trait bound `i32 : Foo` is not satisfied\n}\n```\n\nIn order to fix this error, verify that the type you're using does implement\nthe trait. Example:\n\n```\ntrait Foo {\n    fn bar(&self);\n}\n\n// we implement the trait on the i32 type\nimpl Foo for i32 {\n    fn bar(&self) {}\n}\n\nfn some_func<T: Foo>(foo: T) {\n    foo.bar(); // we can now use this method since i32 implements the\n               // Foo trait\n}\n\nfn main() {\n    some_func(5i32); // ok!\n}\n```\n\nOr in a generic context, an erroneous code example would look like:\n\n```compile_fail,E0277\nfn some_func<T>(foo: T) {\n    println!(\"{:?}\", foo); // error: the trait `core::fmt::Debug` is not\n                           //        implemented for the type `T`\n}\n\nfn main() {\n    // We now call the method with the i32 type,\n    // which *does* implement the Debug trait.\n    some_func(5i32);\n}\n```\n\nNote that the error here is in the definition of the generic function. Although\nwe only call it with a parameter that does implement `Debug`, the compiler\nstill rejects the function. It must work with all possible input types. In\norder to make this example compile, we need to restrict the generic type we're\naccepting:\n\n```\nuse std::fmt;\n\n// Restrict the input type to types that implement Debug.\nfn some_func<T: fmt::Debug>(foo: T) {\n    println!(\"{:?}\", foo);\n}\n\nfn main() {\n    // Calling the method is still fine, as i32 implements Debug.\n    some_func(5i32);\n\n    // This would fail to compile now:\n    // struct WithoutDebug;\n    // some_func(WithoutDebug);\n}\n```\n\nRust only looks at the signature of the called function, as such it must\nalready specify all requirements that will be used for every type parameter.\n"},"level":"error","spans":[{"file_name":"/Users/jeonghyeongseob/.cargo/git/checkouts/rust-contracts-stylus-7b6f4dfe793ef8eb/20ffabe/contracts/src/token/erc20/extensions/wrapper.rs","byte_start":2155,"byte_end":2167,"line_start":66,"line_end":66,"column_start":11,"column_end":23,"is_primary":true,"text":[{"text":"    Erc20(erc20::Error),","highlight_start":11,"highlight_end":23}],"label":"the trait `SolError` is not implemented for `erc20::Error`","suggested_replacement":null,"suggestion_applicability":null,"expansion":null}],"children":[{"message":"the following other types implement trait `SolError`:\n  ReleaseEtherFailed\n  alloy_sol_types::Panic\n  alloy_sol_types::Revert\n  capped::sol::ERC20ExceededCap\n  capped::sol::ERC20InvalidCap\n  checkpoints::sol::CheckpointUnorderedInsertion\n  consecutive::sol::ERC721ExceededMaxBatchMint\n  consecutive::sol::ERC721ForbiddenBatchBurn\nand 56 others","code":null,"level":"help","spans":[],"children":[],"rendered":null}],"rendered":"\u001b[0m\u001b[1m\u001b[38;5;9merror[E0277]\u001b[0m\u001b[0m\u001b[1m: the trait bound `erc20::Error: SolError` is not satisfied\u001b[0m\n\u001b[0m  \u001b[0m\u001b[0m\u001b[1m\u001b[38;5;12m--> \u001b[0m\u001b[0m/Users/jeonghyeongseob/.cargo/git/checkouts/rust-contracts-stylus-7b6f4dfe793ef8eb/20ffabe/contracts/src/token/erc20/extensions/wrapper.rs:66:11\u001b[0m\n\u001b[0m   \u001b[0m\u001b[0m\u001b[1m\u001b[38;5;12m|\u001b[0m\n\u001b[0m\u001b[1m\u001b[38;5;12m66\u001b[0m\u001b[0m \u001b[0m\u001b[0m\u001b[1m\u001b[38;5;12m|\u001b[0m\u001b[0m \u001b[0m\u001b[0m    Erc20(erc20::Error),\u001b[0m\n\u001b[0m   \u001b[0m\u001b[0m\u001b[1m\u001b[38;5;12m|\u001b[0m\u001b[0m           \u001b[0m\u001b[0m\u001b[1m\u001b[38;5;9m^^^^^^^^^^^^\u001b[0m\u001b[0m \u001b[0m\u001b[0m\u001b[1m\u001b[38;5;9mthe trait `SolError` is not implemented for `erc20::Error`\u001b[0m\n\u001b[0m   \u001b[0m\u001b[0m\u001b[1m\u001b[38;5;12m|\u001b[0m\n\u001b[0m   \u001b[0m\u001b[0m\u001b[1m\u001b[38;5;12m= \u001b[0m\u001b[0m\u001b[1mhelp\u001b[0m\u001b[0m: the following other types implement trait `SolError`:\u001b[0m\n\u001b[0m             ReleaseEtherFailed\u001b[0m\n\u001b[0m             alloy_sol_types::Panic\u001b[0m\n\u001b[0m             alloy_sol_types::Revert\u001b[0m\n\u001b[0m             capped::sol::ERC20ExceededCap\u001b[0m\n\u001b[0m             capped::sol::ERC20InvalidCap\u001b[0m\n\u001b[0m             checkpoints::sol::CheckpointUnorderedInsertion\u001b[0m\n\u001b[0m             consecutive::sol::ERC721ExceededMaxBatchMint\u001b[0m\n\u001b[0m             consecutive::sol::ERC721ForbiddenBatchBurn\u001b[0m\n\u001b[0m           and 56 others\u001b[0m\n\n"}
{"$message_type":"diagnostic","message":"the trait bound `safe_erc20::Error: SolError` is not satisfied","code":{"code":"E0277","explanation":"You tried to use a type which doesn't implement some trait in a place which\nexpected that trait.\n\nErroneous code example:\n\n```compile_fail,E0277\n// here we declare the Foo trait with a bar method\ntrait Foo {\n    fn bar(&self);\n}\n\n// we now declare a function which takes an object implementing the Foo trait\nfn some_func<T: Foo>(foo: T) {\n    foo.bar();\n}\n\nfn main() {\n    // we now call the method with the i32 type, which doesn't implement\n    // the Foo trait\n    some_func(5i32); // error: the trait bound `i32 : Foo` is not satisfied\n}\n```\n\nIn order to fix this error, verify that the type you're using does implement\nthe trait. Example:\n\n```\ntrait Foo {\n    fn bar(&self);\n}\n\n// we implement the trait on the i32 type\nimpl Foo for i32 {\n    fn bar(&self) {}\n}\n\nfn some_func<T: Foo>(foo: T) {\n    foo.bar(); // we can now use this method since i32 implements the\n               // Foo trait\n}\n\nfn main() {\n    some_func(5i32); // ok!\n}\n```\n\nOr in a generic context, an erroneous code example would look like:\n\n```compile_fail,E0277\nfn some_func<T>(foo: T) {\n    println!(\"{:?}\", foo); // error: the trait `core::fmt::Debug` is not\n                           //        implemented for the type `T`\n}\n\nfn main() {\n    // We now call the method with the i32 type,\n    // which *does* implement the Debug trait.\n    some_func(5i32);\n}\n```\n\nNote that the error here is in the definition of the generic function. Although\nwe only call it with a parameter that does implement `Debug`, the compiler\nstill rejects the function. It must work with all possible input types. In\norder to make this example compile, we need to restrict the generic type we're\naccepting:\n\n```\nuse std::fmt;\n\n// Restrict the input type to types that implement Debug.\nfn some_func<T: fmt::Debug>(foo: T) {\n    println!(\"{:?}\", foo);\n}\n\nfn main() {\n    // Calling the method is still fine, as i32 implements Debug.\n    some_func(5i32);\n\n    // This would fail to compile now:\n    // struct WithoutDebug;\n    // some_func(WithoutDebug);\n}\n```\n\nRust only looks at the signature of the called function, as such it must\nalready specify all requirements that will be used for every type parameter.\n"},"level":"error","spans":[{"file_name":"/Users/jeonghyeongseob/.cargo/git/checkouts/rust-contracts-stylus-7b6f4dfe793ef8eb/20ffabe/contracts/src/token/erc20/extensions/wrapper.rs","byte_start":2255,"byte_end":2272,"line_start":69,"line_end":69,"column_start":15,"column_end":32,"is_primary":true,"text":[{"text":"    SafeErc20(safe_erc20::Error),","highlight_start":15,"highlight_end":32}],"label":"the trait `SolError` is not implemented for `safe_erc20::Error`","suggested_replacement":null,"suggestion_applicability":null,"expansion":null}],"children":[{"message":"the following other types implement trait `SolError`:\n  ReleaseEtherFailed\n  alloy_sol_types::Panic\n  alloy_sol_types::Revert\n  capped::sol::ERC20ExceededCap\n  capped::sol::ERC20InvalidCap\n  checkpoints::sol::CheckpointUnorderedInsertion\n  consecutive::sol::ERC721ExceededMaxBatchMint\n  consecutive::sol::ERC721ForbiddenBatchBurn\nand 56 others","code":null,"level":"help","spans":[],"children":[],"rendered":null}],"rendered":"\u001b[0m\u001b[1m\u001b[38;5;9merror[E0277]\u001b[0m\u001b[0m\u001b[1m: the trait bound `safe_erc20::Error: SolError` is not satisfied\u001b[0m\n\u001b[0m  \u001b[0m\u001b[0m\u001b[1m\u001b[38;5;12m--> \u001b[0m\u001b[0m/Users/jeonghyeongseob/.cargo/git/checkouts/rust-contracts-stylus-7b6f4dfe793ef8eb/20ffabe/contracts/src/token/erc20/extensions/wrapper.rs:69:15\u001b[0m\n\u001b[0m   \u001b[0m\u001b[0m\u001b[1m\u001b[38;5;12m|\u001b[0m\n\u001b[0m\u001b[1m\u001b[38;5;12m69\u001b[0m\u001b[0m \u001b[0m\u001b[0m\u001b[1m\u001b[38;5;12m|\u001b[0m\u001b[0m \u001b[0m\u001b[0m    SafeErc20(safe_erc20::Error),\u001b[0m\n\u001b[0m   \u001b[0m\u001b[0m\u001b[1m\u001b[38;5;12m|\u001b[0m\u001b[0m               \u001b[0m\u001b[0m\u001b[1m\u001b[38;5;9m^^^^^^^^^^^^^^^^^\u001b[0m\u001b[0m \u001b[0m\u001b[0m\u001b[1m\u001b[38;5;9mthe trait `SolError` is not implemented for `safe_erc20::Error`\u001b[0m\n\u001b[0m   \u001b[0m\u001b[0m\u001b[1m\u001b[38;5;12m|\u001b[0m\n\u001b[0m   \u001b[0m\u001b[0m\u001b[1m\u001b[38;5;12m= \u001b[0m\u001b[0m\u001b[1mhelp\u001b[0m\u001b[0m: the following other types implement trait `SolError`:\u001b[0m\n\u001b[0m             ReleaseEtherFailed\u001b[0m\n\u001b[0m             alloy_sol_types::Panic\u001b[0m\n\u001b[0m             alloy_sol_types::Revert\u001b[0m\n\u001b[0m             capped::sol::ERC20ExceededCap\u001b[0m\n\u001b[0m             capped::sol::ERC20InvalidCap\u001b[0m\n\u001b[0m             checkpoints::sol::CheckpointUnorderedInsertion\u001b[0m\n\u001b[0m             consecutive::sol::ERC721ExceededMaxBatchMint\u001b[0m\n\u001b[0m             consecutive::sol::ERC721ForbiddenBatchBurn\u001b[0m\n\u001b[0m           and 56 others\u001b[0m\n\n"}
{"$message_type":"diagnostic","message":"the trait bound `erc20::Error: SolError` is not satisfied","code":{"code":"E0277","explanation":"You tried to use a type which doesn't implement some trait in a place which\nexpected that trait.\n\nErroneous code example:\n\n```compile_fail,E0277\n// here we declare the Foo trait with a bar method\ntrait Foo {\n    fn bar(&self);\n}\n\n// we now declare a function which takes an object implementing the Foo trait\nfn some_func<T: Foo>(foo: T) {\n    foo.bar();\n}\n\nfn main() {\n    // we now call the method with the i32 type, which doesn't implement\n    // the Foo trait\n    some_func(5i32); // error: the trait bound `i32 : Foo` is not satisfied\n}\n```\n\nIn order to fix this error, verify that the type you're using does implement\nthe trait. Example:\n\n```\ntrait Foo {\n    fn bar(&self);\n}\n\n// we implement the trait on the i32 type\nimpl Foo for i32 {\n    fn bar(&self) {}\n}\n\nfn some_func<T: Foo>(foo: T) {\n    foo.bar(); // we can now use this method since i32 implements the\n               // Foo trait\n}\n\nfn main() {\n    some_func(5i32); // ok!\n}\n```\n\nOr in a generic context, an erroneous code example would look like:\n\n```compile_fail,E0277\nfn some_func<T>(foo: T) {\n    println!(\"{:?}\", foo); // error: the trait `core::fmt::Debug` is not\n                           //        implemented for the type `T`\n}\n\nfn main() {\n    // We now call the method with the i32 type,\n    // which *does* implement the Debug trait.\n    some_func(5i32);\n}\n```\n\nNote that the error here is in the definition of the generic function. Although\nwe only call it with a parameter that does implement `Debug`, the compiler\nstill rejects the function. It must work with all possible input types. In\norder to make this example compile, we need to restrict the generic type we're\naccepting:\n\n```\nuse std::fmt;\n\n// Restrict the input type to types that implement Debug.\nfn some_func<T: fmt::Debug>(foo: T) {\n    println!(\"{:?}\", foo);\n}\n\nfn main() {\n    // Calling the method is still fine, as i32 implements Debug.\n    some_func(5i32);\n\n    // This would fail to compile now:\n    // struct WithoutDebug;\n    // some_func(WithoutDebug);\n}\n```\n\nRust only looks at the signature of the called function, as such it must\nalready specify all requirements that will be used for every type parameter.\n"},"level":"error","spans":[{"file_name":"/Users/jeonghyeongseob/.cargo/git/checkouts/rust-contracts-stylus-7b6f4dfe793ef8eb/20ffabe/contracts/src/token/erc20/utils/safe_erc20.rs","byte_start":1915,"byte_end":1927,"line_start":64,"line_end":64,"column_start":11,"column_end":23,"is_primary":true,"text":[{"text":"    Erc20(erc20::Error),","highlight_start":11,"highlight_end":23}],"label":"the trait `SolError` is not implemented for `erc20::Error`","suggested_replacement":null,"suggestion_applicability":null,"expansion":null}],"children":[{"message":"the following other types implement trait `SolError`:\n  ReleaseEtherFailed\n  alloy_sol_types::Panic\n  alloy_sol_types::Revert\n  capped::sol::ERC20ExceededCap\n  capped::sol::ERC20InvalidCap\n  checkpoints::sol::CheckpointUnorderedInsertion\n  consecutive::sol::ERC721ExceededMaxBatchMint\n  consecutive::sol::ERC721ForbiddenBatchBurn\nand 56 others","code":null,"level":"help","spans":[],"children":[],"rendered":null}],"rendered":"\u001b[0m\u001b[1m\u001b[38;5;9merror[E0277]\u001b[0m\u001b[0m\u001b[1m: the trait bound `erc20::Error: SolError` is not satisfied\u001b[0m\n\u001b[0m  \u001b[0m\u001b[0m\u001b[1m\u001b[38;5;12m--> \u001b[0m\u001b[0m/Users/jeonghyeongseob/.cargo/git/checkouts/rust-contracts-stylus-7b6f4dfe793ef8eb/20ffabe/contracts/src/token/erc20/utils/safe_erc20.rs:64:11\u001b[0m\n\u001b[0m   \u001b[0m\u001b[0m\u001b[1m\u001b[38;5;12m|\u001b[0m\n\u001b[0m\u001b[1m\u001b[38;5;12m64\u001b[0m\u001b[0m \u001b[0m\u001b[0m\u001b[1m\u001b[38;5;12m|\u001b[0m\u001b[0m \u001b[0m\u001b[0m    Erc20(erc20::Error),\u001b[0m\n\u001b[0m   \u001b[0m\u001b[0m\u001b[1m\u001b[38;5;12m|\u001b[0m\u001b[0m           \u001b[0m\u001b[0m\u001b[1m\u001b[38;5;9m^^^^^^^^^^^^\u001b[0m\u001b[0m \u001b[0m\u001b[0m\u001b[1m\u001b[38;5;9mthe trait `SolError` is not implemented for `erc20::Error`\u001b[0m\n\u001b[0m   \u001b[0m\u001b[0m\u001b[1m\u001b[38;5;12m|\u001b[0m\n\u001b[0m   \u001b[0m\u001b[0m\u001b[1m\u001b[38;5;12m= \u001b[0m\u001b[0m\u001b[1mhelp\u001b[0m\u001b[0m: the following other types implement trait `SolError`:\u001b[0m\n\u001b[0m             ReleaseEtherFailed\u001b[0m\n\u001b[0m             alloy_sol_types::Panic\u001b[0m\n\u001b[0m             alloy_sol_types::Revert\u001b[0m\n\u001b[0m             capped::sol::ERC20ExceededCap\u001b[0m\n\u001b[0m             capped::sol::ERC20InvalidCap\u001b[0m\n\u001b[0m             checkpoints::sol::CheckpointUnorderedInsertion\u001b[0m\n\u001b[0m             consecutive::sol::ERC721ExceededMaxBatchMint\u001b[0m\n\u001b[0m             consecutive::sol::ERC721ForbiddenBatchBurn\u001b[0m\n\u001b[0m           and 56 others\u001b[0m\n\n"}
{"$message_type":"diagnostic","message":"associated type `Error` not found for `Self`","code":{"code":"E0220","explanation":"The associated type used was not defined in the trait.\n\nErroneous code example:\n\n```compile_fail,E0220\ntrait T1 {\n    type Bar;\n}\n\ntype Foo = T1<F=i32>; // error: associated type `F` not found for `T1`\n\n// or:\n\ntrait T2 {\n    type Bar;\n\n    // error: Baz is used but not declared\n    fn return_bool(&self, _: &Self::Bar, _: &Self::Baz) -> bool;\n}\n```\n\nMake sure that you have defined the associated type in the trait body.\nAlso, verify that you used the right trait or you didn't misspell the\nassociated type name. Example:\n\n```\ntrait T1 {\n    type Bar;\n}\n\ntype Foo = T1<Bar=i32>; // ok!\n\n// or:\n\ntrait T2 {\n    type Bar;\n    type Baz; // we declare `Baz` in our trait.\n\n    // and now we can use it here:\n    fn return_bool(&self, _: &Self::Bar, _: &Self::Baz) -> bool;\n}\n```\n"},"level":"error","spans":[{"file_name":"/Users/jeonghyeongseob/.cargo/git/checkouts/rust-contracts-stylus-7b6f4dfe793ef8eb/20ffabe/contracts/src/token/erc20/utils/safe_erc20.rs","byte_start":8238,"byte_end":8243,"line_start":241,"line_end":241,"column_start":27,"column_end":32,"is_primary":true,"text":[{"text":"    ) -> Result<(), Self::Error> {","highlight_start":27,"highlight_end":32}],"label":"associated type `Error` not found","suggested_replacement":null,"suggestion_applicability":null,"expansion":null}],"children":[],"rendered":"\u001b[0m\u001b[1m\u001b[38;5;9merror[E0220]\u001b[0m\u001b[0m\u001b[1m: associated type `Error` not found for `Self`\u001b[0m\n\u001b[0m   \u001b[0m\u001b[0m\u001b[1m\u001b[38;5;12m--> \u001b[0m\u001b[0m/Users/jeonghyeongseob/.cargo/git/checkouts/rust-contracts-stylus-7b6f4dfe793ef8eb/20ffabe/contracts/src/token/erc20/utils/safe_erc20.rs:241:27\u001b[0m\n\u001b[0m    \u001b[0m\u001b[0m\u001b[1m\u001b[38;5;12m|\u001b[0m\n\u001b[0m\u001b[1m\u001b[38;5;12m241\u001b[0m\u001b[0m \u001b[0m\u001b[0m\u001b[1m\u001b[38;5;12m|\u001b[0m\u001b[0m \u001b[0m\u001b[0m    ) -> Result<(), Self::Error> {\u001b[0m\n\u001b[0m    \u001b[0m\u001b[0m\u001b[1m\u001b[38;5;12m|\u001b[0m\u001b[0m                           \u001b[0m\u001b[0m\u001b[1m\u001b[38;5;9m^^^^^\u001b[0m\u001b[0m \u001b[0m\u001b[0m\u001b[1m\u001b[38;5;9massociated type `Error` not found\u001b[0m\n\n"}
{"$message_type":"diagnostic","message":"associated type `Error` not found for `Self`","code":{"code":"E0220","explanation":"The associated type used was not defined in the trait.\n\nErroneous code example:\n\n```compile_fail,E0220\ntrait T1 {\n    type Bar;\n}\n\ntype Foo = T1<F=i32>; // error: associated type `F` not found for `T1`\n\n// or:\n\ntrait T2 {\n    type Bar;\n\n    // error: Baz is used but not declared\n    fn return_bool(&self, _: &Self::Bar, _: &Self::Baz) -> bool;\n}\n```\n\nMake sure that you have defined the associated type in the trait body.\nAlso, verify that you used the right trait or you didn't misspell the\nassociated type name. Example:\n\n```\ntrait T1 {\n    type Bar;\n}\n\ntype Foo = T1<Bar=i32>; // ok!\n\n// or:\n\ntrait T2 {\n    type Bar;\n    type Baz; // we declare `Baz` in our trait.\n\n    // and now we can use it here:\n    fn return_bool(&self, _: &Self::Bar, _: &Self::Baz) -> bool;\n}\n```\n"},"level":"error","spans":[{"file_name":"/Users/jeonghyeongseob/.cargo/git/checkouts/rust-contracts-stylus-7b6f4dfe793ef8eb/20ffabe/contracts/src/token/erc20/utils/safe_erc20.rs","byte_start":8520,"byte_end":8525,"line_start":253,"line_end":253,"column_start":27,"column_end":32,"is_primary":true,"text":[{"text":"    ) -> Result<(), Self::Error> {","highlight_start":27,"highlight_end":32}],"label":"associated type `Error` not found","suggested_replacement":null,"suggestion_applicability":null,"expansion":null}],"children":[],"rendered":"\u001b[0m\u001b[1m\u001b[38;5;9merror[E0220]\u001b[0m\u001b[0m\u001b[1m: associated type `Error` not found for `Self`\u001b[0m\n\u001b[0m   \u001b[0m\u001b[0m\u001b[1m\u001b[38;5;12m--> \u001b[0m\u001b[0m/Users/jeonghyeongseob/.cargo/git/checkouts/rust-contracts-stylus-7b6f4dfe793ef8eb/20ffabe/contracts/src/token/erc20/utils/safe_erc20.rs:253:27\u001b[0m\n\u001b[0m    \u001b[0m\u001b[0m\u001b[1m\u001b[38;5;12m|\u001b[0m\n\u001b[0m\u001b[1m\u001b[38;5;12m253\u001b[0m\u001b[0m \u001b[0m\u001b[0m\u001b[1m\u001b[38;5;12m|\u001b[0m\u001b[0m \u001b[0m\u001b[0m    ) -> Result<(), Self::Error> {\u001b[0m\n\u001b[0m    \u001b[0m\u001b[0m\u001b[1m\u001b[38;5;12m|\u001b[0m\u001b[0m                           \u001b[0m\u001b[0m\u001b[1m\u001b[38;5;9m^^^^^\u001b[0m\u001b[0m \u001b[0m\u001b[0m\u001b[1m\u001b[38;5;9massociated type `Error` not found\u001b[0m\n\n"}
{"$message_type":"diagnostic","message":"associated type `Error` not found for `Self`","code":{"code":"E0220","explanation":"The associated type used was not defined in the trait.\n\nErroneous code example:\n\n```compile_fail,E0220\ntrait T1 {\n    type Bar;\n}\n\ntype Foo = T1<F=i32>; // error: associated type `F` not found for `T1`\n\n// or:\n\ntrait T2 {\n    type Bar;\n\n    // error: Baz is used but not declared\n    fn return_bool(&self, _: &Self::Bar, _: &Self::Baz) -> bool;\n}\n```\n\nMake sure that you have defined the associated type in the trait body.\nAlso, verify that you used the right trait or you didn't misspell the\nassociated type name. Example:\n\n```\ntrait T1 {\n    type Bar;\n}\n\ntype Foo = T1<Bar=i32>; // ok!\n\n// or:\n\ntrait T2 {\n    type Bar;\n    type Baz; // we declare `Baz` in our trait.\n\n    // and now we can use it here:\n    fn return_bool(&self, _: &Self::Bar, _: &Self::Baz) -> bool;\n}\n```\n"},"level":"error","spans":[{"file_name":"/Users/jeonghyeongseob/.cargo/git/checkouts/rust-contracts-stylus-7b6f4dfe793ef8eb/20ffabe/contracts/src/token/erc20/utils/safe_erc20.rs","byte_start":8799,"byte_end":8804,"line_start":264,"line_end":264,"column_start":27,"column_end":32,"is_primary":true,"text":[{"text":"    ) -> Result<(), Self::Error> {","highlight_start":27,"highlight_end":32}],"label":"associated type `Error` not found","suggested_replacement":null,"suggestion_applicability":null,"expansion":null}],"children":[],"rendered":"\u001b[0m\u001b[1m\u001b[38;5;9merror[E0220]\u001b[0m\u001b[0m\u001b[1m: associated type `Error` not found for `Self`\u001b[0m\n\u001b[0m   \u001b[0m\u001b[0m\u001b[1m\u001b[38;5;12m--> \u001b[0m\u001b[0m/Users/jeonghyeongseob/.cargo/git/checkouts/rust-contracts-stylus-7b6f4dfe793ef8eb/20ffabe/contracts/src/token/erc20/utils/safe_erc20.rs:264:27\u001b[0m\n\u001b[0m    \u001b[0m\u001b[0m\u001b[1m\u001b[38;5;12m|\u001b[0m\n\u001b[0m\u001b[1m\u001b[38;5;12m264\u001b[0m\u001b[0m \u001b[0m\u001b[0m\u001b[1m\u001b[38;5;12m|\u001b[0m\u001b[0m \u001b[0m\u001b[0m    ) -> Result<(), Self::Error> {\u001b[0m\n\u001b[0m    \u001b[0m\u001b[0m\u001b[1m\u001b[38;5;12m|\u001b[0m\u001b[0m                           \u001b[0m\u001b[0m\u001b[1m\u001b[38;5;9m^^^^^\u001b[0m\u001b[0m \u001b[0m\u001b[0m\u001b[1m\u001b[38;5;9massociated type `Error` not found\u001b[0m\n\n"}
{"$message_type":"diagnostic","message":"associated type `Error` not found for `Self`","code":{"code":"E0220","explanation":"The associated type used was not defined in the trait.\n\nErroneous code example:\n\n```compile_fail,E0220\ntrait T1 {\n    type Bar;\n}\n\ntype Foo = T1<F=i32>; // error: associated type `F` not found for `T1`\n\n// or:\n\ntrait T2 {\n    type Bar;\n\n    // error: Baz is used but not declared\n    fn return_bool(&self, _: &Self::Bar, _: &Self::Baz) -> bool;\n}\n```\n\nMake sure that you have defined the associated type in the trait body.\nAlso, verify that you used the right trait or you didn't misspell the\nassociated type name. Example:\n\n```\ntrait T1 {\n    type Bar;\n}\n\ntype Foo = T1<Bar=i32>; // ok!\n\n// or:\n\ntrait T2 {\n    type Bar;\n    type Baz; // we declare `Baz` in our trait.\n\n    // and now we can use it here:\n    fn return_bool(&self, _: &Self::Bar, _: &Self::Baz) -> bool;\n}\n```\n"},"level":"error","spans":[{"file_name":"/Users/jeonghyeongseob/.cargo/git/checkouts/rust-contracts-stylus-7b6f4dfe793ef8eb/20ffabe/contracts/src/token/erc20/utils/safe_erc20.rs","byte_start":9246,"byte_end":9251,"line_start":277,"line_end":277,"column_start":27,"column_end":32,"is_primary":true,"text":[{"text":"    ) -> Result<(), Self::Error> {","highlight_start":27,"highlight_end":32}],"label":"associated type `Error` not found","suggested_replacement":null,"suggestion_applicability":null,"expansion":null}],"children":[],"rendered":"\u001b[0m\u001b[1m\u001b[38;5;9merror[E0220]\u001b[0m\u001b[0m\u001b[1m: associated type `Error` not found for `Self`\u001b[0m\n\u001b[0m   \u001b[0m\u001b[0m\u001b[1m\u001b[38;5;12m--> \u001b[0m\u001b[0m/Users/jeonghyeongseob/.cargo/git/checkouts/rust-contracts-stylus-7b6f4dfe793ef8eb/20ffabe/contracts/src/token/erc20/utils/safe_erc20.rs:277:27\u001b[0m\n\u001b[0m    \u001b[0m\u001b[0m\u001b[1m\u001b[38;5;12m|\u001b[0m\n\u001b[0m\u001b[1m\u001b[38;5;12m277\u001b[0m\u001b[0m \u001b[0m\u001b[0m\u001b[1m\u001b[38;5;12m|\u001b[0m\u001b[0m \u001b[0m\u001b[0m    ) -> Result<(), Self::Error> {\u001b[0m\n\u001b[0m    \u001b[0m\u001b[0m\u001b[1m\u001b[38;5;12m|\u001b[0m\u001b[0m                           \u001b[0m\u001b[0m\u001b[1m\u001b[38;5;9m^^^^^\u001b[0m\u001b[0m \u001b[0m\u001b[0m\u001b[1m\u001b[38;5;9massociated type `Error` not found\u001b[0m\n\n"}
{"$message_type":"diagnostic","message":"associated type `Error` not found for `Self`","code":{"code":"E0220","explanation":"The associated type used was not defined in the trait.\n\nErroneous code example:\n\n```compile_fail,E0220\ntrait T1 {\n    type Bar;\n}\n\ntype Foo = T1<F=i32>; // error: associated type `F` not found for `T1`\n\n// or:\n\ntrait T2 {\n    type Bar;\n\n    // error: Baz is used but not declared\n    fn return_bool(&self, _: &Self::Bar, _: &Self::Baz) -> bool;\n}\n```\n\nMake sure that you have defined the associated type in the trait body.\nAlso, verify that you used the right trait or you didn't misspell the\nassociated type name. Example:\n\n```\ntrait T1 {\n    type Bar;\n}\n\ntype Foo = T1<Bar=i32>; // ok!\n\n// or:\n\ntrait T2 {\n    type Bar;\n    type Baz; // we declare `Baz` in our trait.\n\n    // and now we can use it here:\n    fn return_bool(&self, _: &Self::Bar, _: &Self::Baz) -> bool;\n}\n```\n"},"level":"error","spans":[{"file_name":"/Users/jeonghyeongseob/.cargo/git/checkouts/rust-contracts-stylus-7b6f4dfe793ef8eb/20ffabe/contracts/src/token/erc20/utils/safe_erc20.rs","byte_start":9850,"byte_end":9855,"line_start":301,"line_end":301,"column_start":27,"column_end":32,"is_primary":true,"text":[{"text":"    ) -> Result<(), Self::Error> {","highlight_start":27,"highlight_end":32}],"label":"associated type `Error` not found","suggested_replacement":null,"suggestion_applicability":null,"expansion":null}],"children":[],"rendered":"\u001b[0m\u001b[1m\u001b[38;5;9merror[E0220]\u001b[0m\u001b[0m\u001b[1m: associated type `Error` not found for `Self`\u001b[0m\n\u001b[0m   \u001b[0m\u001b[0m\u001b[1m\u001b[38;5;12m--> \u001b[0m\u001b[0m/Users/jeonghyeongseob/.cargo/git/checkouts/rust-contracts-stylus-7b6f4dfe793ef8eb/20ffabe/contracts/src/token/erc20/utils/safe_erc20.rs:301:27\u001b[0m\n\u001b[0m    \u001b[0m\u001b[0m\u001b[1m\u001b[38;5;12m|\u001b[0m\n\u001b[0m\u001b[1m\u001b[38;5;12m301\u001b[0m\u001b[0m \u001b[0m\u001b[0m\u001b[1m\u001b[38;5;12m|\u001b[0m\u001b[0m \u001b[0m\u001b[0m    ) -> Result<(), Self::Error> {\u001b[0m\n\u001b[0m    \u001b[0m\u001b[0m\u001b[1m\u001b[38;5;12m|\u001b[0m\u001b[0m                           \u001b[0m\u001b[0m\u001b[1m\u001b[38;5;9m^^^^^\u001b[0m\u001b[0m \u001b[0m\u001b[0m\u001b[1m\u001b[38;5;9massociated type `Error` not found\u001b[0m\n\n"}
{"$message_type":"diagnostic","message":"associated type `Error` not found for `Self`","code":{"code":"E0220","explanation":"The associated type used was not defined in the trait.\n\nErroneous code example:\n\n```compile_fail,E0220\ntrait T1 {\n    type Bar;\n}\n\ntype Foo = T1<F=i32>; // error: associated type `F` not found for `T1`\n\n// or:\n\ntrait T2 {\n    type Bar;\n\n    // error: Baz is used but not declared\n    fn return_bool(&self, _: &Self::Bar, _: &Self::Baz) -> bool;\n}\n```\n\nMake sure that you have defined the associated type in the trait body.\nAlso, verify that you used the right trait or you didn't misspell the\nassociated type name. Example:\n\n```\ntrait T1 {\n    type Bar;\n}\n\ntype Foo = T1<Bar=i32>; // ok!\n\n// or:\n\ntrait T2 {\n    type Bar;\n    type Baz; // we declare `Baz` in our trait.\n\n    // and now we can use it here:\n    fn return_bool(&self, _: &Self::Bar, _: &Self::Baz) -> bool;\n}\n```\n"},"level":"error","spans":[{"file_name":"/Users/jeonghyeongseob/.cargo/git/checkouts/rust-contracts-stylus-7b6f4dfe793ef8eb/20ffabe/contracts/src/token/erc20/mod.rs","byte_start":9919,"byte_end":9924,"line_start":286,"line_end":286,"column_start":29,"column_end":34,"is_primary":true,"text":[{"text":"    ) -> Result<bool, Self::Error> {","highlight_start":29,"highlight_end":34}],"label":"associated type `Error` not found","suggested_replacement":null,"suggestion_applicability":null,"expansion":null}],"children":[],"rendered":"\u001b[0m\u001b[1m\u001b[38;5;9merror[E0220]\u001b[0m\u001b[0m\u001b[1m: associated type `Error` not found for `Self`\u001b[0m\n\u001b[0m   \u001b[0m\u001b[0m\u001b[1m\u001b[38;5;12m--> \u001b[0m\u001b[0m/Users/jeonghyeongseob/.cargo/git/checkouts/rust-contracts-stylus-7b6f4dfe793ef8eb/20ffabe/contracts/src/token/erc20/mod.rs:286:29\u001b[0m\n\u001b[0m    \u001b[0m\u001b[0m\u001b[1m\u001b[38;5;12m|\u001b[0m\n\u001b[0m\u001b[1m\u001b[38;5;12m286\u001b[0m\u001b[0m \u001b[0m\u001b[0m\u001b[1m\u001b[38;5;12m|\u001b[0m\u001b[0m \u001b[0m\u001b[0m    ) -> Result<bool, Self::Error> {\u001b[0m\n\u001b[0m    \u001b[0m\u001b[0m\u001b[1m\u001b[38;5;12m|\u001b[0m\u001b[0m                             \u001b[0m\u001b[0m\u001b[1m\u001b[38;5;9m^^^^^\u001b[0m\u001b[0m \u001b[0m\u001b[0m\u001b[1m\u001b[38;5;9massociated type `Error` not found\u001b[0m\n\n"}
{"$message_type":"diagnostic","message":"associated type `Error` not found for `Self`","code":{"code":"E0220","explanation":"The associated type used was not defined in the trait.\n\nErroneous code example:\n\n```compile_fail,E0220\ntrait T1 {\n    type Bar;\n}\n\ntype Foo = T1<F=i32>; // error: associated type `F` not found for `T1`\n\n// or:\n\ntrait T2 {\n    type Bar;\n\n    // error: Baz is used but not declared\n    fn return_bool(&self, _: &Self::Bar, _: &Self::Baz) -> bool;\n}\n```\n\nMake sure that you have defined the associated type in the trait body.\nAlso, verify that you used the right trait or you didn't misspell the\nassociated type name. Example:\n\n```\ntrait T1 {\n    type Bar;\n}\n\ntype Foo = T1<Bar=i32>; // ok!\n\n// or:\n\ntrait T2 {\n    type Bar;\n    type Baz; // we declare `Baz` in our trait.\n\n    // and now we can use it here:\n    fn return_bool(&self, _: &Self::Bar, _: &Self::Baz) -> bool;\n}\n```\n"},"level":"error","spans":[{"file_name":"/Users/jeonghyeongseob/.cargo/git/checkouts/rust-contracts-stylus-7b6f4dfe793ef8eb/20ffabe/contracts/src/token/erc20/mod.rs","byte_start":10261,"byte_end":10266,"line_start":300,"line_end":300,"column_start":29,"column_end":34,"is_primary":true,"text":[{"text":"    ) -> Result<bool, Self::Error> {","highlight_start":29,"highlight_end":34}],"label":"associated type `Error` not found","suggested_replacement":null,"suggestion_applicability":null,"expansion":null}],"children":[],"rendered":"\u001b[0m\u001b[1m\u001b[38;5;9merror[E0220]\u001b[0m\u001b[0m\u001b[1m: associated type `Error` not found for `Self`\u001b[0m\n\u001b[0m   \u001b[0m\u001b[0m\u001b[1m\u001b[38;5;12m--> \u001b[0m\u001b[0m/Users/jeonghyeongseob/.cargo/git/checkouts/rust-contracts-stylus-7b6f4dfe793ef8eb/20ffabe/contracts/src/token/erc20/mod.rs:300:29\u001b[0m\n\u001b[0m    \u001b[0m\u001b[0m\u001b[1m\u001b[38;5;12m|\u001b[0m\n\u001b[0m\u001b[1m\u001b[38;5;12m300\u001b[0m\u001b[0m \u001b[0m\u001b[0m\u001b[1m\u001b[38;5;12m|\u001b[0m\u001b[0m \u001b[0m\u001b[0m    ) -> Result<bool, Self::Error> {\u001b[0m\n\u001b[0m    \u001b[0m\u001b[0m\u001b[1m\u001b[38;5;12m|\u001b[0m\u001b[0m                             \u001b[0m\u001b[0m\u001b[1m\u001b[38;5;9m^^^^^\u001b[0m\u001b[0m \u001b[0m\u001b[0m\u001b[1m\u001b[38;5;9massociated type `Error` not found\u001b[0m\n\n"}
{"$message_type":"diagnostic","message":"associated type `Error` not found for `Self`","code":{"code":"E0220","explanation":"The associated type used was not defined in the trait.\n\nErroneous code example:\n\n```compile_fail,E0220\ntrait T1 {\n    type Bar;\n}\n\ntype Foo = T1<F=i32>; // error: associated type `F` not found for `T1`\n\n// or:\n\ntrait T2 {\n    type Bar;\n\n    // error: Baz is used but not declared\n    fn return_bool(&self, _: &Self::Bar, _: &Self::Baz) -> bool;\n}\n```\n\nMake sure that you have defined the associated type in the trait body.\nAlso, verify that you used the right trait or you didn't misspell the\nassociated type name. Example:\n\n```\ntrait T1 {\n    type Bar;\n}\n\ntype Foo = T1<Bar=i32>; // ok!\n\n// or:\n\ntrait T2 {\n    type Bar;\n    type Baz; // we declare `Baz` in our trait.\n\n    // and now we can use it here:\n    fn return_bool(&self, _: &Self::Bar, _: &Self::Baz) -> bool;\n}\n```\n"},"level":"error","spans":[{"file_name":"/Users/jeonghyeongseob/.cargo/git/checkouts/rust-contracts-stylus-7b6f4dfe793ef8eb/20ffabe/contracts/src/token/erc20/mod.rs","byte_start":10497,"byte_end":10502,"line_start":310,"line_end":310,"column_start":29,"column_end":34,"is_primary":true,"text":[{"text":"    ) -> Result<bool, Self::Error> {","highlight_start":29,"highlight_end":34}],"label":"associated type `Error` not found","suggested_replacement":null,"suggestion_applicability":null,"expansion":null}],"children":[],"rendered":"\u001b[0m\u001b[1m\u001b[38;5;9merror[E0220]\u001b[0m\u001b[0m\u001b[1m: associated type `Error` not found for `Self`\u001b[0m\n\u001b[0m   \u001b[0m\u001b[0m\u001b[1m\u001b[38;5;12m--> \u001b[0m\u001b[0m/Users/jeonghyeongseob/.cargo/git/checkouts/rust-contracts-stylus-7b6f4dfe793ef8eb/20ffabe/contracts/src/token/erc20/mod.rs:310:29\u001b[0m\n\u001b[0m    \u001b[0m\u001b[0m\u001b[1m\u001b[38;5;12m|\u001b[0m\n\u001b[0m\u001b[1m\u001b[38;5;12m310\u001b[0m\u001b[0m \u001b[0m\u001b[0m\u001b[1m\u001b[38;5;12m|\u001b[0m\u001b[0m \u001b[0m\u001b[0m    ) -> Result<bool, Self::Error> {\u001b[0m\n\u001b[0m    \u001b[0m\u001b[0m\u001b[1m\u001b[38;5;12m|\u001b[0m\u001b[0m                             \u001b[0m\u001b[0m\u001b[1m\u001b[38;5;9m^^^^^\u001b[0m\u001b[0m \u001b[0m\u001b[0m\u001b[1m\u001b[38;5;9massociated type `Error` not found\u001b[0m\n\n"}
{"$message_type":"diagnostic","message":"the trait bound `erc721::Error: SolError` is not satisfied","code":{"code":"E0277","explanation":"You tried to use a type which doesn't implement some trait in a place which\nexpected that trait.\n\nErroneous code example:\n\n```compile_fail,E0277\n// here we declare the Foo trait with a bar method\ntrait Foo {\n    fn bar(&self);\n}\n\n// we now declare a function which takes an object implementing the Foo trait\nfn some_func<T: Foo>(foo: T) {\n    foo.bar();\n}\n\nfn main() {\n    // we now call the method with the i32 type, which doesn't implement\n    // the Foo trait\n    some_func(5i32); // error: the trait bound `i32 : Foo` is not satisfied\n}\n```\n\nIn order to fix this error, verify that the type you're using does implement\nthe trait. Example:\n\n```\ntrait Foo {\n    fn bar(&self);\n}\n\n// we implement the trait on the i32 type\nimpl Foo for i32 {\n    fn bar(&self) {}\n}\n\nfn some_func<T: Foo>(foo: T) {\n    foo.bar(); // we can now use this method since i32 implements the\n               // Foo trait\n}\n\nfn main() {\n    some_func(5i32); // ok!\n}\n```\n\nOr in a generic context, an erroneous code example would look like:\n\n```compile_fail,E0277\nfn some_func<T>(foo: T) {\n    println!(\"{:?}\", foo); // error: the trait `core::fmt::Debug` is not\n                           //        implemented for the type `T`\n}\n\nfn main() {\n    // We now call the method with the i32 type,\n    // which *does* implement the Debug trait.\n    some_func(5i32);\n}\n```\n\nNote that the error here is in the definition of the generic function. Although\nwe only call it with a parameter that does implement `Debug`, the compiler\nstill rejects the function. It must work with all possible input types. In\norder to make this example compile, we need to restrict the generic type we're\naccepting:\n\n```\nuse std::fmt;\n\n// Restrict the input type to types that implement Debug.\nfn some_func<T: fmt::Debug>(foo: T) {\n    println!(\"{:?}\", foo);\n}\n\nfn main() {\n    // Calling the method is still fine, as i32 implements Debug.\n    some_func(5i32);\n\n    // This would fail to compile now:\n    // struct WithoutDebug;\n    // some_func(WithoutDebug);\n}\n```\n\nRust only looks at the signature of the called function, as such it must\nalready specify all requirements that will be used for every type parameter.\n"},"level":"error","spans":[{"file_name":"/Users/jeonghyeongseob/.cargo/git/checkouts/rust-contracts-stylus-7b6f4dfe793ef8eb/20ffabe/contracts/src/token/erc721/extensions/consecutive.rs","byte_start":3873,"byte_end":3886,"line_start":110,"line_end":110,"column_start":12,"column_end":25,"is_primary":true,"text":[{"text":"    Erc721(erc721::Error),","highlight_start":12,"highlight_end":25}],"label":"the trait `SolError` is not implemented for `erc721::Error`","suggested_replacement":null,"suggestion_applicability":null,"expansion":null}],"children":[{"message":"the following other types implement trait `SolError`:\n  ReleaseEtherFailed\n  alloy_sol_types::Panic\n  alloy_sol_types::Revert\n  capped::sol::ERC20ExceededCap\n  capped::sol::ERC20InvalidCap\n  checkpoints::sol::CheckpointUnorderedInsertion\n  consecutive::sol::ERC721ExceededMaxBatchMint\n  consecutive::sol::ERC721ForbiddenBatchBurn\nand 56 others","code":null,"level":"help","spans":[],"children":[],"rendered":null}],"rendered":"\u001b[0m\u001b[1m\u001b[38;5;9merror[E0277]\u001b[0m\u001b[0m\u001b[1m: the trait bound `erc721::Error: SolError` is not satisfied\u001b[0m\n\u001b[0m   \u001b[0m\u001b[0m\u001b[1m\u001b[38;5;12m--> \u001b[0m\u001b[0m/Users/jeonghyeongseob/.cargo/git/checkouts/rust-contracts-stylus-7b6f4dfe793ef8eb/20ffabe/contracts/src/token/erc721/extensions/consecutive.rs:110:12\u001b[0m\n\u001b[0m    \u001b[0m\u001b[0m\u001b[1m\u001b[38;5;12m|\u001b[0m\n\u001b[0m\u001b[1m\u001b[38;5;12m110\u001b[0m\u001b[0m \u001b[0m\u001b[0m\u001b[1m\u001b[38;5;12m|\u001b[0m\u001b[0m \u001b[0m\u001b[0m    Erc721(erc721::Error),\u001b[0m\n\u001b[0m    \u001b[0m\u001b[0m\u001b[1m\u001b[38;5;12m|\u001b[0m\u001b[0m            \u001b[0m\u001b[0m\u001b[1m\u001b[38;5;9m^^^^^^^^^^^^^\u001b[0m\u001b[0m \u001b[0m\u001b[0m\u001b[1m\u001b[38;5;9mthe trait `SolError` is not implemented for `erc721::Error`\u001b[0m\n\u001b[0m    \u001b[0m\u001b[0m\u001b[1m\u001b[38;5;12m|\u001b[0m\n\u001b[0m    \u001b[0m\u001b[0m\u001b[1m\u001b[38;5;12m= \u001b[0m\u001b[0m\u001b[1mhelp\u001b[0m\u001b[0m: the following other types implement trait `SolError`:\u001b[0m\n\u001b[0m              ReleaseEtherFailed\u001b[0m\n\u001b[0m              alloy_sol_types::Panic\u001b[0m\n\u001b[0m              alloy_sol_types::Revert\u001b[0m\n\u001b[0m              capped::sol::ERC20ExceededCap\u001b[0m\n\u001b[0m              capped::sol::ERC20InvalidCap\u001b[0m\n\u001b[0m              checkpoints::sol::CheckpointUnorderedInsertion\u001b[0m\n\u001b[0m              consecutive::sol::ERC721ExceededMaxBatchMint\u001b[0m\n\u001b[0m              consecutive::sol::ERC721ForbiddenBatchBurn\u001b[0m\n\u001b[0m            and 56 others\u001b[0m\n\n"}
{"$message_type":"diagnostic","message":"the trait bound `checkpoints::Error: SolError` is not satisfied","code":{"code":"E0277","explanation":"You tried to use a type which doesn't implement some trait in a place which\nexpected that trait.\n\nErroneous code example:\n\n```compile_fail,E0277\n// here we declare the Foo trait with a bar method\ntrait Foo {\n    fn bar(&self);\n}\n\n// we now declare a function which takes an object implementing the Foo trait\nfn some_func<T: Foo>(foo: T) {\n    foo.bar();\n}\n\nfn main() {\n    // we now call the method with the i32 type, which doesn't implement\n    // the Foo trait\n    some_func(5i32); // error: the trait bound `i32 : Foo` is not satisfied\n}\n```\n\nIn order to fix this error, verify that the type you're using does implement\nthe trait. Example:\n\n```\ntrait Foo {\n    fn bar(&self);\n}\n\n// we implement the trait on the i32 type\nimpl Foo for i32 {\n    fn bar(&self) {}\n}\n\nfn some_func<T: Foo>(foo: T) {\n    foo.bar(); // we can now use this method since i32 implements the\n               // Foo trait\n}\n\nfn main() {\n    some_func(5i32); // ok!\n}\n```\n\nOr in a generic context, an erroneous code example would look like:\n\n```compile_fail,E0277\nfn some_func<T>(foo: T) {\n    println!(\"{:?}\", foo); // error: the trait `core::fmt::Debug` is not\n                           //        implemented for the type `T`\n}\n\nfn main() {\n    // We now call the method with the i32 type,\n    // which *does* implement the Debug trait.\n    some_func(5i32);\n}\n```\n\nNote that the error here is in the definition of the generic function. Although\nwe only call it with a parameter that does implement `Debug`, the compiler\nstill rejects the function. It must work with all possible input types. In\norder to make this example compile, we need to restrict the generic type we're\naccepting:\n\n```\nuse std::fmt;\n\n// Restrict the input type to types that implement Debug.\nfn some_func<T: fmt::Debug>(foo: T) {\n    println!(\"{:?}\", foo);\n}\n\nfn main() {\n    // Calling the method is still fine, as i32 implements Debug.\n    some_func(5i32);\n\n    // This would fail to compile now:\n    // struct WithoutDebug;\n    // some_func(WithoutDebug);\n}\n```\n\nRust only looks at the signature of the called function, as such it must\nalready specify all requirements that will be used for every type parameter.\n"},"level":"error","spans":[{"file_name":"/Users/jeonghyeongseob/.cargo/git/checkouts/rust-contracts-stylus-7b6f4dfe793ef8eb/20ffabe/contracts/src/token/erc721/extensions/consecutive.rs","byte_start":3973,"byte_end":3991,"line_start":112,"line_end":112,"column_start":17,"column_end":35,"is_primary":true,"text":[{"text":"    Checkpoints(checkpoints::Error),","highlight_start":17,"highlight_end":35}],"label":"the trait `SolError` is not implemented for `checkpoints::Error`","suggested_replacement":null,"suggestion_applicability":null,"expansion":null}],"children":[{"message":"the following other types implement trait `SolError`:\n  ReleaseEtherFailed\n  alloy_sol_types::Panic\n  alloy_sol_types::Revert\n  capped::sol::ERC20ExceededCap\n  capped::sol::ERC20InvalidCap\n  checkpoints::sol::CheckpointUnorderedInsertion\n  consecutive::sol::ERC721ExceededMaxBatchMint\n  consecutive::sol::ERC721ForbiddenBatchBurn\nand 56 others","code":null,"level":"help","spans":[],"children":[],"rendered":null}],"rendered":"\u001b[0m\u001b[1m\u001b[38;5;9merror[E0277]\u001b[0m\u001b[0m\u001b[1m: the trait bound `checkpoints::Error: SolError` is not satisfied\u001b[0m\n\u001b[0m   \u001b[0m\u001b[0m\u001b[1m\u001b[38;5;12m--> \u001b[0m\u001b[0m/Users/jeonghyeongseob/.cargo/git/checkouts/rust-contracts-stylus-7b6f4dfe793ef8eb/20ffabe/contracts/src/token/erc721/extensions/consecutive.rs:112:17\u001b[0m\n\u001b[0m    \u001b[0m\u001b[0m\u001b[1m\u001b[38;5;12m|\u001b[0m\n\u001b[0m\u001b[1m\u001b[38;5;12m112\u001b[0m\u001b[0m \u001b[0m\u001b[0m\u001b[1m\u001b[38;5;12m|\u001b[0m\u001b[0m \u001b[0m\u001b[0m    Checkpoints(checkpoints::Error),\u001b[0m\n\u001b[0m    \u001b[0m\u001b[0m\u001b[1m\u001b[38;5;12m|\u001b[0m\u001b[0m                 \u001b[0m\u001b[0m\u001b[1m\u001b[38;5;9m^^^^^^^^^^^^^^^^^^\u001b[0m\u001b[0m \u001b[0m\u001b[0m\u001b[1m\u001b[38;5;9mthe trait `SolError` is not implemented for `checkpoints::Error`\u001b[0m\n\u001b[0m    \u001b[0m\u001b[0m\u001b[1m\u001b[38;5;12m|\u001b[0m\n\u001b[0m    \u001b[0m\u001b[0m\u001b[1m\u001b[38;5;12m= \u001b[0m\u001b[0m\u001b[1mhelp\u001b[0m\u001b[0m: the following other types implement trait `SolError`:\u001b[0m\n\u001b[0m              ReleaseEtherFailed\u001b[0m\n\u001b[0m              alloy_sol_types::Panic\u001b[0m\n\u001b[0m              alloy_sol_types::Revert\u001b[0m\n\u001b[0m              capped::sol::ERC20ExceededCap\u001b[0m\n\u001b[0m              capped::sol::ERC20InvalidCap\u001b[0m\n\u001b[0m              checkpoints::sol::CheckpointUnorderedInsertion\u001b[0m\n\u001b[0m              consecutive::sol::ERC721ExceededMaxBatchMint\u001b[0m\n\u001b[0m              consecutive::sol::ERC721ForbiddenBatchBurn\u001b[0m\n\u001b[0m            and 56 others\u001b[0m\n\n"}
{"$message_type":"diagnostic","message":"associated type `Error` not found for `Self`","code":{"code":"E0220","explanation":"The associated type used was not defined in the trait.\n\nErroneous code example:\n\n```compile_fail,E0220\ntrait T1 {\n    type Bar;\n}\n\ntype Foo = T1<F=i32>; // error: associated type `F` not found for `T1`\n\n// or:\n\ntrait T2 {\n    type Bar;\n\n    // error: Baz is used but not declared\n    fn return_bool(&self, _: &Self::Bar, _: &Self::Baz) -> bool;\n}\n```\n\nMake sure that you have defined the associated type in the trait body.\nAlso, verify that you used the right trait or you didn't misspell the\nassociated type name. Example:\n\n```\ntrait T1 {\n    type Bar;\n}\n\ntype Foo = T1<Bar=i32>; // ok!\n\n// or:\n\ntrait T2 {\n    type Bar;\n    type Baz; // we declare `Baz` in our trait.\n\n    // and now we can use it here:\n    fn return_bool(&self, _: &Self::Bar, _: &Self::Baz) -> bool;\n}\n```\n"},"level":"error","spans":[{"file_name":"/Users/jeonghyeongseob/.cargo/git/checkouts/rust-contracts-stylus-7b6f4dfe793ef8eb/20ffabe/contracts/src/token/erc721/extensions/enumerable.rs","byte_start":4543,"byte_end":4548,"line_start":145,"line_end":145,"column_start":29,"column_end":34,"is_primary":true,"text":[{"text":"    ) -> Result<U256, Self::Error> {","highlight_start":29,"highlight_end":34}],"label":"associated type `Error` not found","suggested_replacement":null,"suggestion_applicability":null,"expansion":null}],"children":[],"rendered":"\u001b[0m\u001b[1m\u001b[38;5;9merror[E0220]\u001b[0m\u001b[0m\u001b[1m: associated type `Error` not found for `Self`\u001b[0m\n\u001b[0m   \u001b[0m\u001b[0m\u001b[1m\u001b[38;5;12m--> \u001b[0m\u001b[0m/Users/jeonghyeongseob/.cargo/git/checkouts/rust-contracts-stylus-7b6f4dfe793ef8eb/20ffabe/contracts/src/token/erc721/extensions/enumerable.rs:145:29\u001b[0m\n\u001b[0m    \u001b[0m\u001b[0m\u001b[1m\u001b[38;5;12m|\u001b[0m\n\u001b[0m\u001b[1m\u001b[38;5;12m145\u001b[0m\u001b[0m \u001b[0m\u001b[0m\u001b[1m\u001b[38;5;12m|\u001b[0m\u001b[0m \u001b[0m\u001b[0m    ) -> Result<U256, Self::Error> {\u001b[0m\n\u001b[0m    \u001b[0m\u001b[0m\u001b[1m\u001b[38;5;12m|\u001b[0m\u001b[0m                             \u001b[0m\u001b[0m\u001b[1m\u001b[38;5;9m^^^^^\u001b[0m\u001b[0m \u001b[0m\u001b[0m\u001b[1m\u001b[38;5;9massociated type `Error` not found\u001b[0m\n\n"}
{"$message_type":"diagnostic","message":"associated type `Error` not found for `Self`","code":{"code":"E0220","explanation":"The associated type used was not defined in the trait.\n\nErroneous code example:\n\n```compile_fail,E0220\ntrait T1 {\n    type Bar;\n}\n\ntype Foo = T1<F=i32>; // error: associated type `F` not found for `T1`\n\n// or:\n\ntrait T2 {\n    type Bar;\n\n    // error: Baz is used but not declared\n    fn return_bool(&self, _: &Self::Bar, _: &Self::Baz) -> bool;\n}\n```\n\nMake sure that you have defined the associated type in the trait body.\nAlso, verify that you used the right trait or you didn't misspell the\nassociated type name. Example:\n\n```\ntrait T1 {\n    type Bar;\n}\n\ntype Foo = T1<Bar=i32>; // ok!\n\n// or:\n\ntrait T2 {\n    type Bar;\n    type Baz; // we declare `Baz` in our trait.\n\n    // and now we can use it here:\n    fn return_bool(&self, _: &Self::Bar, _: &Self::Baz) -> bool;\n}\n```\n"},"level":"error","spans":[{"file_name":"/Users/jeonghyeongseob/.cargo/git/checkouts/rust-contracts-stylus-7b6f4dfe793ef8eb/20ffabe/contracts/src/token/erc721/extensions/enumerable.rs","byte_start":4959,"byte_end":4964,"line_start":160,"line_end":160,"column_start":65,"column_end":70,"is_primary":true,"text":[{"text":"    fn token_by_index(&self, index: U256) -> Result<U256, Self::Error> {","highlight_start":65,"highlight_end":70}],"label":"associated type `Error` not found","suggested_replacement":null,"suggestion_applicability":null,"expansion":null}],"children":[],"rendered":"\u001b[0m\u001b[1m\u001b[38;5;9merror[E0220]\u001b[0m\u001b[0m\u001b[1m: associated type `Error` not found for `Self`\u001b[0m\n\u001b[0m   \u001b[0m\u001b[0m\u001b[1m\u001b[38;5;12m--> \u001b[0m\u001b[0m/Users/jeonghyeongseob/.cargo/git/checkouts/rust-contracts-stylus-7b6f4dfe793ef8eb/20ffabe/contracts/src/token/erc721/extensions/enumerable.rs:160:65\u001b[0m\n\u001b[0m    \u001b[0m\u001b[0m\u001b[1m\u001b[38;5;12m|\u001b[0m\n\u001b[0m\u001b[1m\u001b[38;5;12m160\u001b[0m\u001b[0m \u001b[0m\u001b[0m\u001b[1m\u001b[38;5;12m|\u001b[0m\u001b[0m \u001b[0m\u001b[0m    fn token_by_index(&self, index: U256) -> Result<U256, Self::Error> {\u001b[0m\n\u001b[0m    \u001b[0m\u001b[0m\u001b[1m\u001b[38;5;12m|\u001b[0m\u001b[0m                                                                 \u001b[0m\u001b[0m\u001b[1m\u001b[38;5;9m^^^^^\u001b[0m\u001b[0m \u001b[0m\u001b[0m\u001b[1m\u001b[38;5;9massociated type `Error` not found\u001b[0m\n\n"}
{"$message_type":"diagnostic","message":"the trait bound `erc721::Error: SolError` is not satisfied","code":{"code":"E0277","explanation":"You tried to use a type which doesn't implement some trait in a place which\nexpected that trait.\n\nErroneous code example:\n\n```compile_fail,E0277\n// here we declare the Foo trait with a bar method\ntrait Foo {\n    fn bar(&self);\n}\n\n// we now declare a function which takes an object implementing the Foo trait\nfn some_func<T: Foo>(foo: T) {\n    foo.bar();\n}\n\nfn main() {\n    // we now call the method with the i32 type, which doesn't implement\n    // the Foo trait\n    some_func(5i32); // error: the trait bound `i32 : Foo` is not satisfied\n}\n```\n\nIn order to fix this error, verify that the type you're using does implement\nthe trait. Example:\n\n```\ntrait Foo {\n    fn bar(&self);\n}\n\n// we implement the trait on the i32 type\nimpl Foo for i32 {\n    fn bar(&self) {}\n}\n\nfn some_func<T: Foo>(foo: T) {\n    foo.bar(); // we can now use this method since i32 implements the\n               // Foo trait\n}\n\nfn main() {\n    some_func(5i32); // ok!\n}\n```\n\nOr in a generic context, an erroneous code example would look like:\n\n```compile_fail,E0277\nfn some_func<T>(foo: T) {\n    println!(\"{:?}\", foo); // error: the trait `core::fmt::Debug` is not\n                           //        implemented for the type `T`\n}\n\nfn main() {\n    // We now call the method with the i32 type,\n    // which *does* implement the Debug trait.\n    some_func(5i32);\n}\n```\n\nNote that the error here is in the definition of the generic function. Although\nwe only call it with a parameter that does implement `Debug`, the compiler\nstill rejects the function. It must work with all possible input types. In\norder to make this example compile, we need to restrict the generic type we're\naccepting:\n\n```\nuse std::fmt;\n\n// Restrict the input type to types that implement Debug.\nfn some_func<T: fmt::Debug>(foo: T) {\n    println!(\"{:?}\", foo);\n}\n\nfn main() {\n    // Calling the method is still fine, as i32 implements Debug.\n    some_func(5i32);\n\n    // This would fail to compile now:\n    // struct WithoutDebug;\n    // some_func(WithoutDebug);\n}\n```\n\nRust only looks at the signature of the called function, as such it must\nalready specify all requirements that will be used for every type parameter.\n"},"level":"error","spans":[{"file_name":"/Users/jeonghyeongseob/.cargo/git/checkouts/rust-contracts-stylus-7b6f4dfe793ef8eb/20ffabe/contracts/src/token/erc721/extensions/wrapper.rs","byte_start":1296,"byte_end":1309,"line_start":47,"line_end":47,"column_start":12,"column_end":25,"is_primary":true,"text":[{"text":"    Erc721(erc721::Error),","highlight_start":12,"highlight_end":25}],"label":"the trait `SolError` is not implemented for `erc721::Error`","suggested_replacement":null,"suggestion_applicability":null,"expansion":null}],"children":[{"message":"the following other types implement trait `SolError`:\n  ReleaseEtherFailed\n  alloy_sol_types::Panic\n  alloy_sol_types::Revert\n  capped::sol::ERC20ExceededCap\n  capped::sol::ERC20InvalidCap\n  checkpoints::sol::CheckpointUnorderedInsertion\n  consecutive::sol::ERC721ExceededMaxBatchMint\n  consecutive::sol::ERC721ForbiddenBatchBurn\nand 56 others","code":null,"level":"help","spans":[],"children":[],"rendered":null}],"rendered":"\u001b[0m\u001b[1m\u001b[38;5;9merror[E0277]\u001b[0m\u001b[0m\u001b[1m: the trait bound `erc721::Error: SolError` is not satisfied\u001b[0m\n\u001b[0m  \u001b[0m\u001b[0m\u001b[1m\u001b[38;5;12m--> \u001b[0m\u001b[0m/Users/jeonghyeongseob/.cargo/git/checkouts/rust-contracts-stylus-7b6f4dfe793ef8eb/20ffabe/contracts/src/token/erc721/extensions/wrapper.rs:47:12\u001b[0m\n\u001b[0m   \u001b[0m\u001b[0m\u001b[1m\u001b[38;5;12m|\u001b[0m\n\u001b[0m\u001b[1m\u001b[38;5;12m47\u001b[0m\u001b[0m \u001b[0m\u001b[0m\u001b[1m\u001b[38;5;12m|\u001b[0m\u001b[0m \u001b[0m\u001b[0m    Erc721(erc721::Error),\u001b[0m\n\u001b[0m   \u001b[0m\u001b[0m\u001b[1m\u001b[38;5;12m|\u001b[0m\u001b[0m            \u001b[0m\u001b[0m\u001b[1m\u001b[38;5;9m^^^^^^^^^^^^^\u001b[0m\u001b[0m \u001b[0m\u001b[0m\u001b[1m\u001b[38;5;9mthe trait `SolError` is not implemented for `erc721::Error`\u001b[0m\n\u001b[0m   \u001b[0m\u001b[0m\u001b[1m\u001b[38;5;12m|\u001b[0m\n\u001b[0m   \u001b[0m\u001b[0m\u001b[1m\u001b[38;5;12m= \u001b[0m\u001b[0m\u001b[1mhelp\u001b[0m\u001b[0m: the following other types implement trait `SolError`:\u001b[0m\n\u001b[0m             ReleaseEtherFailed\u001b[0m\n\u001b[0m             alloy_sol_types::Panic\u001b[0m\n\u001b[0m             alloy_sol_types::Revert\u001b[0m\n\u001b[0m             capped::sol::ERC20ExceededCap\u001b[0m\n\u001b[0m             capped::sol::ERC20InvalidCap\u001b[0m\n\u001b[0m             checkpoints::sol::CheckpointUnorderedInsertion\u001b[0m\n\u001b[0m             consecutive::sol::ERC721ExceededMaxBatchMint\u001b[0m\n\u001b[0m             consecutive::sol::ERC721ForbiddenBatchBurn\u001b[0m\n\u001b[0m           and 56 others\u001b[0m\n\n"}
{"$message_type":"diagnostic","message":"the trait bound `stylus_sdk::call::Error: SolError` is not satisfied","code":{"code":"E0277","explanation":"You tried to use a type which doesn't implement some trait in a place which\nexpected that trait.\n\nErroneous code example:\n\n```compile_fail,E0277\n// here we declare the Foo trait with a bar method\ntrait Foo {\n    fn bar(&self);\n}\n\n// we now declare a function which takes an object implementing the Foo trait\nfn some_func<T: Foo>(foo: T) {\n    foo.bar();\n}\n\nfn main() {\n    // we now call the method with the i32 type, which doesn't implement\n    // the Foo trait\n    some_func(5i32); // error: the trait bound `i32 : Foo` is not satisfied\n}\n```\n\nIn order to fix this error, verify that the type you're using does implement\nthe trait. Example:\n\n```\ntrait Foo {\n    fn bar(&self);\n}\n\n// we implement the trait on the i32 type\nimpl Foo for i32 {\n    fn bar(&self) {}\n}\n\nfn some_func<T: Foo>(foo: T) {\n    foo.bar(); // we can now use this method since i32 implements the\n               // Foo trait\n}\n\nfn main() {\n    some_func(5i32); // ok!\n}\n```\n\nOr in a generic context, an erroneous code example would look like:\n\n```compile_fail,E0277\nfn some_func<T>(foo: T) {\n    println!(\"{:?}\", foo); // error: the trait `core::fmt::Debug` is not\n                           //        implemented for the type `T`\n}\n\nfn main() {\n    // We now call the method with the i32 type,\n    // which *does* implement the Debug trait.\n    some_func(5i32);\n}\n```\n\nNote that the error here is in the definition of the generic function. Although\nwe only call it with a parameter that does implement `Debug`, the compiler\nstill rejects the function. It must work with all possible input types. In\norder to make this example compile, we need to restrict the generic type we're\naccepting:\n\n```\nuse std::fmt;\n\n// Restrict the input type to types that implement Debug.\nfn some_func<T: fmt::Debug>(foo: T) {\n    println!(\"{:?}\", foo);\n}\n\nfn main() {\n    // Calling the method is still fine, as i32 implements Debug.\n    some_func(5i32);\n\n    // This would fail to compile now:\n    // struct WithoutDebug;\n    // some_func(WithoutDebug);\n}\n```\n\nRust only looks at the signature of the called function, as such it must\nalready specify all requirements that will be used for every type parameter.\n"},"level":"error","spans":[{"file_name":"/Users/jeonghyeongseob/.cargo/git/checkouts/rust-contracts-stylus-7b6f4dfe793ef8eb/20ffabe/contracts/src/token/erc721/extensions/wrapper.rs","byte_start":2096,"byte_end":2107,"line_start":61,"line_end":61,"column_start":37,"column_end":48,"is_primary":true,"text":[{"text":"    Erc721FailedOperationWithReason(call::Error),","highlight_start":37,"highlight_end":48}],"label":"the trait `SolError` is not implemented for `stylus_sdk::call::Error`","suggested_replacement":null,"suggestion_applicability":null,"expansion":null}],"children":[{"message":"the following other types implement trait `SolError`:\n  ReleaseEtherFailed\n  alloy_sol_types::Panic\n  alloy_sol_types::Revert\n  capped::sol::ERC20ExceededCap\n  capped::sol::ERC20InvalidCap\n  checkpoints::sol::CheckpointUnorderedInsertion\n  consecutive::sol::ERC721ExceededMaxBatchMint\n  consecutive::sol::ERC721ForbiddenBatchBurn\nand 56 others","code":null,"level":"help","spans":[],"children":[],"rendered":null}],"rendered":"\u001b[0m\u001b[1m\u001b[38;5;9merror[E0277]\u001b[0m\u001b[0m\u001b[1m: the trait bound `stylus_sdk::call::Error: SolError` is not satisfied\u001b[0m\n\u001b[0m  \u001b[0m\u001b[0m\u001b[1m\u001b[38;5;12m--> \u001b[0m\u001b[0m/Users/jeonghyeongseob/.cargo/git/checkouts/rust-contracts-stylus-7b6f4dfe793ef8eb/20ffabe/contracts/src/token/erc721/extensions/wrapper.rs:61:37\u001b[0m\n\u001b[0m   \u001b[0m\u001b[0m\u001b[1m\u001b[38;5;12m|\u001b[0m\n\u001b[0m\u001b[1m\u001b[38;5;12m61\u001b[0m\u001b[0m \u001b[0m\u001b[0m\u001b[1m\u001b[38;5;12m|\u001b[0m\u001b[0m \u001b[0m\u001b[0m    Erc721FailedOperationWithReason(call::Error),\u001b[0m\n\u001b[0m   \u001b[0m\u001b[0m\u001b[1m\u001b[38;5;12m|\u001b[0m\u001b[0m                                     \u001b[0m\u001b[0m\u001b[1m\u001b[38;5;9m^^^^^^^^^^^\u001b[0m\u001b[0m \u001b[0m\u001b[0m\u001b[1m\u001b[38;5;9mthe trait `SolError` is not implemented for `stylus_sdk::call::Error`\u001b[0m\n\u001b[0m   \u001b[0m\u001b[0m\u001b[1m\u001b[38;5;12m|\u001b[0m\n\u001b[0m   \u001b[0m\u001b[0m\u001b[1m\u001b[38;5;12m= \u001b[0m\u001b[0m\u001b[1mhelp\u001b[0m\u001b[0m: the following other types implement trait `SolError`:\u001b[0m\n\u001b[0m             ReleaseEtherFailed\u001b[0m\n\u001b[0m             alloy_sol_types::Panic\u001b[0m\n\u001b[0m             alloy_sol_types::Revert\u001b[0m\n\u001b[0m             capped::sol::ERC20ExceededCap\u001b[0m\n\u001b[0m             capped::sol::ERC20InvalidCap\u001b[0m\n\u001b[0m             checkpoints::sol::CheckpointUnorderedInsertion\u001b[0m\n\u001b[0m             consecutive::sol::ERC721ExceededMaxBatchMint\u001b[0m\n\u001b[0m             consecutive::sol::ERC721ForbiddenBatchBurn\u001b[0m\n\u001b[0m           and 56 others\u001b[0m\n\n"}
{"$message_type":"diagnostic","message":"the trait bound `stylus_sdk::call::Error: SolError` is not satisfied","code":{"code":"E0277","explanation":"You tried to use a type which doesn't implement some trait in a place which\nexpected that trait.\n\nErroneous code example:\n\n```compile_fail,E0277\n// here we declare the Foo trait with a bar method\ntrait Foo {\n    fn bar(&self);\n}\n\n// we now declare a function which takes an object implementing the Foo trait\nfn some_func<T: Foo>(foo: T) {\n    foo.bar();\n}\n\nfn main() {\n    // we now call the method with the i32 type, which doesn't implement\n    // the Foo trait\n    some_func(5i32); // error: the trait bound `i32 : Foo` is not satisfied\n}\n```\n\nIn order to fix this error, verify that the type you're using does implement\nthe trait. Example:\n\n```\ntrait Foo {\n    fn bar(&self);\n}\n\n// we implement the trait on the i32 type\nimpl Foo for i32 {\n    fn bar(&self) {}\n}\n\nfn some_func<T: Foo>(foo: T) {\n    foo.bar(); // we can now use this method since i32 implements the\n               // Foo trait\n}\n\nfn main() {\n    some_func(5i32); // ok!\n}\n```\n\nOr in a generic context, an erroneous code example would look like:\n\n```compile_fail,E0277\nfn some_func<T>(foo: T) {\n    println!(\"{:?}\", foo); // error: the trait `core::fmt::Debug` is not\n                           //        implemented for the type `T`\n}\n\nfn main() {\n    // We now call the method with the i32 type,\n    // which *does* implement the Debug trait.\n    some_func(5i32);\n}\n```\n\nNote that the error here is in the definition of the generic function. Although\nwe only call it with a parameter that does implement `Debug`, the compiler\nstill rejects the function. It must work with all possible input types. In\norder to make this example compile, we need to restrict the generic type we're\naccepting:\n\n```\nuse std::fmt;\n\n// Restrict the input type to types that implement Debug.\nfn some_func<T: fmt::Debug>(foo: T) {\n    println!(\"{:?}\", foo);\n}\n\nfn main() {\n    // Calling the method is still fine, as i32 implements Debug.\n    some_func(5i32);\n\n    // This would fail to compile now:\n    // struct WithoutDebug;\n    // some_func(WithoutDebug);\n}\n```\n\nRust only looks at the signature of the called function, as such it must\nalready specify all requirements that will be used for every type parameter.\n"},"level":"error","spans":[{"file_name":"/Users/jeonghyeongseob/.cargo/git/checkouts/rust-contracts-stylus-7b6f4dfe793ef8eb/20ffabe/contracts/src/token/erc721/mod.rs","byte_start":6526,"byte_end":6537,"line_start":169,"line_end":169,"column_start":31,"column_end":42,"is_primary":true,"text":[{"text":"    InvalidReceiverWithReason(call::Error),","highlight_start":31,"highlight_end":42}],"label":"the trait `SolError` is not implemented for `stylus_sdk::call::Error`","suggested_replacement":null,"suggestion_applicability":null,"expansion":null}],"children":[{"message":"the following other types implement trait `SolError`:\n  ReleaseEtherFailed\n  alloy_sol_types::Panic\n  alloy_sol_types::Revert\n  capped::sol::ERC20ExceededCap\n  capped::sol::ERC20InvalidCap\n  checkpoints::sol::CheckpointUnorderedInsertion\n  consecutive::sol::ERC721ExceededMaxBatchMint\n  consecutive::sol::ERC721ForbiddenBatchBurn\nand 56 others","code":null,"level":"help","spans":[],"children":[],"rendered":null}],"rendered":"\u001b[0m\u001b[1m\u001b[38;5;9merror[E0277]\u001b[0m\u001b[0m\u001b[1m: the trait bound `stylus_sdk::call::Error: SolError` is not satisfied\u001b[0m\n\u001b[0m   \u001b[0m\u001b[0m\u001b[1m\u001b[38;5;12m--> \u001b[0m\u001b[0m/Users/jeonghyeongseob/.cargo/git/checkouts/rust-contracts-stylus-7b6f4dfe793ef8eb/20ffabe/contracts/src/token/erc721/mod.rs:169:31\u001b[0m\n\u001b[0m    \u001b[0m\u001b[0m\u001b[1m\u001b[38;5;12m|\u001b[0m\n\u001b[0m\u001b[1m\u001b[38;5;12m169\u001b[0m\u001b[0m \u001b[0m\u001b[0m\u001b[1m\u001b[38;5;12m|\u001b[0m\u001b[0m \u001b[0m\u001b[0m    InvalidReceiverWithReason(call::Error),\u001b[0m\n\u001b[0m    \u001b[0m\u001b[0m\u001b[1m\u001b[38;5;12m|\u001b[0m\u001b[0m                               \u001b[0m\u001b[0m\u001b[1m\u001b[38;5;9m^^^^^^^^^^^\u001b[0m\u001b[0m \u001b[0m\u001b[0m\u001b[1m\u001b[38;5;9mthe trait `SolError` is not implemented for `stylus_sdk::call::Error`\u001b[0m\n\u001b[0m    \u001b[0m\u001b[0m\u001b[1m\u001b[38;5;12m|\u001b[0m\n\u001b[0m    \u001b[0m\u001b[0m\u001b[1m\u001b[38;5;12m= \u001b[0m\u001b[0m\u001b[1mhelp\u001b[0m\u001b[0m: the following other types implement trait `SolError`:\u001b[0m\n\u001b[0m              ReleaseEtherFailed\u001b[0m\n\u001b[0m              alloy_sol_types::Panic\u001b[0m\n\u001b[0m              alloy_sol_types::Revert\u001b[0m\n\u001b[0m              capped::sol::ERC20ExceededCap\u001b[0m\n\u001b[0m              capped::sol::ERC20InvalidCap\u001b[0m\n\u001b[0m              checkpoints::sol::CheckpointUnorderedInsertion\u001b[0m\n\u001b[0m              consecutive::sol::ERC721ExceededMaxBatchMint\u001b[0m\n\u001b[0m              consecutive::sol::ERC721ForbiddenBatchBurn\u001b[0m\n\u001b[0m            and 56 others\u001b[0m\n\n"}
{"$message_type":"diagnostic","message":"aborting due to 66 previous errors","code":null,"level":"error","spans":[],"children":[],"rendered":"\u001b[0m\u001b[1m\u001b[38;5;9merror\u001b[0m\u001b[0m\u001b[1m: aborting due to 66 previous errors\u001b[0m\n\n"}
{"$message_type":"diagnostic","message":"Some errors have detailed explanations: E0220, E0277, E0433.","code":null,"level":"failure-note","spans":[],"children":[],"rendered":"\u001b[0m\u001b[1mSome errors have detailed explanations: E0220, E0277, E0433.\u001b[0m\n"}
{"$message_type":"diagnostic","message":"For more information about an error, try `rustc --explain E0220`.","code":null,"level":"failure-note","spans":[],"children":[],"rendered":"\u001b[0m\u001b[1mFor more information about an error, try `rustc --explain E0220`.\u001b[0m\n"}
